yarn workspace v1.22.22
yarn run v1.22.22
$ tsc --noEmit
src/components/admin/BulkClientVersionForm.tsx(189,5): error TS2322: Type 'Resolver<{ clientVersion: string; clientStatus: ClientStatus; guestModeAllowed: boolean; externalClickLink: string; memo: string; customPayload: string; platforms: { platform?: string; gameServerAddress?: string; gameServerAddressForWhiteList?: string; patchAddress?: string; patchAddressForWhiteList?: string; }[]; ....' is not assignable to type 'Resolver<BulkCreateFormData, any, BulkCreateFormData>'.
  Types of parameters 'values' and 'values' are incompatible.
    Type 'BulkCreateFormData' is not assignable to type '{ clientVersion: string; clientStatus: ClientStatus; guestModeAllowed: boolean; externalClickLink: string; memo: string; customPayload: string; platforms: { platform?: string; gameServerAddress?: string; gameServerAddressForWhiteList?: string; patchAddress?: string; patchAddressForWhiteList?: string; }[]; ... 4 more...'.
      Property 'externalClickLink' is optional in type 'BulkCreateFormData' but required in type '{ clientVersion: string; clientStatus: ClientStatus; guestModeAllowed: boolean; externalClickLink: string; memo: string; customPayload: string; platforms: { platform?: string; gameServerAddress?: string; gameServerAddressForWhiteList?: string; patchAddress?: string; patchAddressForWhiteList?: string; }[]; ... 4 more...'.
src/components/admin/BulkClientVersionForm.tsx(425,32): error TS2345: Argument of type '(data: BulkCreateFormData) => Promise<void>' is not assignable to parameter of type 'SubmitHandler<TFieldValues>'.
  Types of parameters 'data' and 'data' are incompatible.
    Type 'TFieldValues' is not assignable to type 'BulkCreateFormData'.
      Type 'FieldValues' is missing the following properties from type 'BulkCreateFormData': clientVersion, clientStatus, guestModeAllowed, platforms
src/components/admin/BulkClientVersionForm.tsx(477,21): error TS2322: Type 'string[]' is not assignable to type 'string'.
src/components/admin/BulkClientVersionForm.tsx(478,21): error TS2322: Type '(event: SelectChangeEvent<string[]>) => void' is not assignable to type '(event: ChangeEvent<Omit<HTMLInputElement, "value"> & { value: string; }> | (Event & { target: { value: string; name: string; }; }), child: ReactNode) => void'.
  Types of parameters 'event' and 'event' are incompatible.
    Type 'ChangeEvent<Omit<HTMLInputElement, "value"> & { value: string; }> | (Event & { target: { value: string; name: string; }; })' is not assignable to type 'ChangeEvent<HTMLInputElement> | (Event & { target: { value: string[]; name: string; }; })'.
      Type 'Event & { target: { value: string; name: string; }; }' is not assignable to type 'ChangeEvent<HTMLInputElement> | (Event & { target: { value: string[]; name: string; }; })'.
        Type 'Event & { target: { value: string; name: string; }; }' is not assignable to type 'Event & { target: { value: string[]; name: string; }; }'.
          Type 'Event & { target: { value: string; name: string; }; }' is not assignable to type '{ target: { value: string[]; name: string; }; }'.
            The types of 'target.value' are incompatible between these types.
              Type 'string' is not assignable to type 'string[]'.
src/components/admin/BulkClientVersionForm.tsx(492,35): error TS2339: Property 'map' does not exist on type 'string'.
src/components/admin/BulkClientVersionForm.tsx(614,62): error TS2339: Property 'description' does not exist on type '{ id: number; name: string; color: string; }'.
src/components/admin/BulkClientVersionForm.tsx(638,31): error TS2339: Property 'description' does not exist on type '{ id: number; name: string; color: string; }'.
src/components/admin/ClientVersionForm.tsx(205,5): error TS2322: Type 'Resolver<{ platform: string; clientVersion: string; clientStatus: ClientStatus; gameServerAddress: string; gameServerAddressForWhiteList: string; patchAddress: string; patchAddressForWhiteList: string; ... 9 more ...; tags: any[]; }, any, { ...; }>' is not assignable to type 'Resolver<ClientVersionFormData, any, ClientVersionFormData>'.
  Types of parameters 'options' and 'options' are incompatible.
    Type 'ResolverOptions<ClientVersionFormData>' is not assignable to type 'ResolverOptions<{ platform: string; clientVersion: string; clientStatus: ClientStatus; gameServerAddress: string; gameServerAddressForWhiteList: string; patchAddress: string; patchAddressForWhiteList: string; ... 9 more ...; tags: any[]; }>'.
      Type 'ClientVersionFormData' is not assignable to type '{ platform: string; clientVersion: string; clientStatus: ClientStatus; gameServerAddress: string; gameServerAddressForWhiteList: string; patchAddress: string; patchAddressForWhiteList: string; ... 9 more ...; tags: any[]; }'.
        Property 'gameServerAddressForWhiteList' is optional in type 'ClientVersionFormData' but required in type '{ platform: string; clientVersion: string; clientStatus: ClientStatus; gameServerAddress: string; gameServerAddressForWhiteList: string; patchAddress: string; patchAddressForWhiteList: string; ... 9 more ...; tags: any[]; }'.
src/components/admin/ClientVersionForm.tsx(626,32): error TS2345: Argument of type 'SubmitHandler<ClientVersionFormData>' is not assignable to parameter of type 'SubmitHandler<TFieldValues>'.
  Type 'ClientVersionFormData' is not assignable to type 'TFieldValues'.
    'ClientVersionFormData' is assignable to the constraint of type 'TFieldValues', but 'TFieldValues' could be instantiated with a different subtype of constraint 'FieldValues'.
src/components/admin/ClientVersionForm.tsx(946,62): error TS2339: Property 'description' does not exist on type '{ id: number; name: string; color: string; }'.
src/components/admin/ClientVersionForm.tsx(968,29): error TS2339: Property 'description' does not exist on type '{ id: number; name: string; color: string; }'.
src/components/admin/ClientVersionGuideDrawer.tsx(355,6): error TS2741: Property 'storageKey' is missing in type '{ children: Element; open: boolean; onClose: () => void; title: string; subtitle: string; defaultWidth: number; }' but required in type 'ResizableDrawerProps'.
src/components/admin/GameWorldForm.tsx(162,47): error TS2345: Argument of type 'string' is not assignable to parameter of type '() => void'.
src/components/admin/GameWorldForm.tsx(350,30): error TS2345: Argument of type '(prev: any) => any' is not assignable to parameter of type 'CreateGameWorldData'.
src/components/admin/UserForm.tsx(22,10): error TS2724: '"@/services/tagService"' has no exported member named 'TagService'. Did you mean 'tagService'?
src/components/chat/__tests__/ChatScrollBehavior.test.tsx(99,34): error TS2322: Type 'string' is not assignable to type 'number'.
src/components/chat/AdvancedMessageInput.tsx(58,40): error TS2339: Property 'members' does not exist on type 'Channel'.
src/components/chat/MentionAutocomplete.tsx(122,8): error TS2769: No overload matches this call.
  Overload 1 of 2, '(props: { component: ElementType<any, keyof IntrinsicElements>; } & ListOwnProps & CommonProps & Omit<any, "style" | ... 6 more ... | "subheader">): Element', gave the following error.
    Property 'component' is missing in type '{ children: Element[]; ref: MutableRefObject<HTMLDivElement>; dense: true; sx: { maxHeight: number; overflow: "auto"; py: number; }; }' but required in type '{ component: ElementType<any, keyof IntrinsicElements>; }'.
  Overload 2 of 2, '(props: DefaultComponentProps<ExtendListTypeMap<ListTypeMap<{}, "ul">>>): Element', gave the following error.
    Type 'MutableRefObject<HTMLDivElement>' is not assignable to type 'Ref<HTMLUListElement>'.
      Type 'MutableRefObject<HTMLDivElement>' is not assignable to type 'RefObject<HTMLUListElement>'.
        Types of property 'current' are incompatible.
          Type 'HTMLDivElement' is missing the following properties from type 'HTMLUListElement': compact, type
src/components/chat/MentionAutocomplete.tsx(161,27): error TS2339: Property 'role' does not exist on type 'User'.
src/components/chat/MentionAutocomplete.tsx(170,27): error TS2339: Property 'status' does not exist on type 'User'.
src/components/chat/MessageContent.tsx(148,25): error TS2339: Property 'name' does not exist on type 'MessageAttachment'.
src/components/chat/MessageContent.tsx(159,30): error TS2339: Property 'location' does not exist on type 'Message'.
src/components/chat/MessageList.tsx(91,5): error TS2322: Type '{ message: string; sentTime: string; sender: string; direction: any; position: "normal" | "first" | "last" | "single"; type: "text" | "audio" | "video" | "image" | "custom"; }[]' is not assignable to type 'MessageModel[]'.
  Type '{ message: string; sentTime: string; sender: string; direction: any; position: "normal" | "first" | "last" | "single"; type: "text" | "audio" | "video" | "image" | "custom"; }' is not assignable to type 'MessageModel'.
    Types of property 'type' are incompatible.
      Type '"text" | "audio" | "video" | "image" | "custom"' is not assignable to type 'MessageType'.
        Type '"audio"' is not assignable to type 'MessageType'.
src/components/chat/MessageList.tsx(164,13): error TS2322: Type '(innerHtml: string, textContent: string, innerText: string, nodes: any[]) => Promise<void>' is not assignable to type '(innerHtml: string, textContent: string, innerText: string, nodes: NodeList) => void'.
  Types of parameters 'nodes' and 'nodes' are incompatible.
    Type 'NodeList' is missing the following properties from type 'any[]': pop, push, concat, join, and 23 more.
src/components/chat/MessageList.tsx(185,14): error TS2304: Cannot find name 'InfoButton'.
src/components/chat/MessageList.tsx(228,11): error TS2322: Type '(innerHtml: string, textContent: string, innerText: string, nodes: any[]) => Promise<void>' is not assignable to type '(innerHtml: string, textContent: string, innerText: string, nodes: NodeList) => void'.
  Types of parameters 'nodes' and 'nodes' are incompatible.
    Type 'NodeList' is missing the following properties from type 'any[]': pop, push, concat, join, and 23 more.
src/components/chat/NotificationManager.tsx(225,30): error TS2554: Expected 1 arguments, but got 0.
src/components/chat/ReadReceipts.tsx(18,19): error TS2305: Module '"../../types/chat"' has no exported member 'MessageStatus'.
src/components/chat/ReadReceipts.tsx(86,31): error TS2339: Property 'readBy' does not exist on type 'Message'.
src/components/chat/ReadReceipts.tsx(111,47): error TS2339: Property 'status' does not exist on type 'Message'.
src/components/chat/ReadReceipts.tsx(113,36): error TS2339: Property 'status' does not exist on type 'Message'.
src/components/chat/ReadReceipts.tsx(202,32): error TS2339: Property 'status' does not exist on type 'Message'.
src/components/chat/SimpleMessageList.tsx(123,10): error TS2304: Cannot find name 'Paper'.
src/components/chat/SimpleMessageList.tsx(137,11): error TS2304: Cannot find name 'Paper'.
src/components/chat/SimpleMessageList.tsx(161,23): error TS2554: Expected 2 arguments, but got 1.
src/components/chat/SimpleMessageList.tsx(179,8): error TS2304: Cannot find name 'Paper'.
src/components/chat/SimpleMessageList.tsx(193,9): error TS2304: Cannot find name 'Paper'.
src/components/chat/SimpleMessageList.tsx(238,20): error TS2304: Cannot find name 'Paper'.
src/components/chat/SimpleMessageList.tsx(257,21): error TS2304: Cannot find name 'Paper'.
src/components/chat/SimpleMessageList.tsx(275,21): error TS2554: Expected 2 arguments, but got 1.
src/components/chat/UserPresence.tsx(17,16): error TS2305: Module '"../../types/chat"' has no exported member 'UserStatus'.
src/components/chat/UserPresence.tsx(155,52): error TS2339: Property 'status' does not exist on type 'User'.
src/components/chat/UserPresence.tsx(186,15): error TS2339: Property 'role' does not exist on type 'User'.
src/components/chat/UserPresence.tsx(212,31): error TS2339: Property 'status' does not exist on type 'User'.
src/components/chat/UserPresence.tsx(214,33): error TS2339: Property 'status' does not exist on type 'User'.
src/components/chat/UserPresence.tsx(219,29): error TS2339: Property 'status' does not exist on type 'User'.
src/components/chat/UserPresence.tsx(221,32): error TS2551: Property 'lastSeenAt' does not exist on type 'User'. Did you mean 'lastSeen'?
src/components/chat/UserPresence.tsx(244,48): error TS2339: Property 'status' does not exist on type 'User'.
src/components/chat/UserPresence.tsx(246,37): error TS2339: Property 'status' does not exist on type 'User'.
src/components/chat/UserPresence.tsx(268,37): error TS2339: Property 'status' does not exist on type 'User'.
src/components/chat/UserPresence.tsx(270,37): error TS2339: Property 'status' does not exist on type 'User'.
src/components/chat/UserPresence.tsx(272,40): error TS2551: Property 'lastSeenAt' does not exist on type 'User'. Did you mean 'lastSeen'?
src/components/chat/UserSearchDialog.tsx(91,31): error TS2345: Argument of type 'Set<unknown>' is not assignable to parameter of type 'SetStateAction<Set<number>>'.
  Type 'Set<unknown>' is not assignable to type 'Set<number>'.
    Type 'unknown' is not assignable to type 'number'.
src/components/chat/UserSearchDialog.tsx(118,34): error TS2345: Argument of type 'Set<unknown>' is not assignable to parameter of type 'SetStateAction<Set<number>>'.
  Type 'Set<unknown>' is not assignable to type 'Set<number>'.
    Type 'unknown' is not assignable to type 'number'.
src/components/common/DateRangePicker.tsx(263,29): error TS2315: Type 'PickersDayProps' is not generic.
src/components/common/DynamicFilterBar.tsx(737,15): error TS2322: Type '(event: any, reason: any) => void' is not assignable to type '(event: SyntheticEvent<Element, Event>) => void'.
  Target signature provides too few arguments. Expected 2 or more, but got 1.
src/components/common/DynamicFilterBar.tsx(858,15): error TS2322: Type '(event: any, reason: any) => void' is not assignable to type '(event: SyntheticEvent<Element, Event>) => void'.
  Target signature provides too few arguments. Expected 2 or more, but got 1.
src/components/common/JsonEditor.tsx(242,13): error TS2322: Type 'false' is not assignable to type '"off" | "singleFile" | "multiFile"'.
src/components/common/SelectField.tsx(41,8): error TS2322: Type '{ children: ReactNode; error?: boolean; input?: ReactElement<unknown, any>; slot?: string; style?: CSSProperties; title?: string; ref?: Ref<unknown>; components?: { ...; }; ... 301 more ...; displayEmpty: boolean; }' is not assignable to type 'IntrinsicAttributes & SelectProps<any>'.
  Type '{ children: ReactNode; error?: boolean; input?: ReactElement<unknown, any>; slot?: string; style?: CSSProperties; title?: string; ref?: Ref<unknown>; components?: { ...; }; ... 301 more ...; displayEmpty: boolean; }' is not assignable to type 'OutlinedSelectProps'.
    Types of property 'variant' are incompatible.
      Type '"outlined" | "filled" | "standard"' is not assignable to type '"outlined"'.
        Type '"filled"' is not assignable to type '"outlined"'.
src/components/coupons/SDKGuideDrawer.tsx(412,6): error TS2741: Property 'storageKey' is missing in type '{ children: Element; open: boolean; onClose: () => void; title: string; subtitle: string; defaultWidth: number; }' but required in type 'ResizableDrawerProps'.
src/components/game/BannerFormDialog.tsx(170,22): error TS2339: Property 'imageId' does not exist on type 'Frame'.
src/components/game/BannerFormDialog.tsx(171,23): error TS2339: Property 'duration' does not exist on type 'Frame'.
src/components/game/BannerFormDialog.tsx(189,22): error TS2339: Property 'imageId' does not exist on type 'Frame'.
src/components/game/BannerFormDialog.tsx(190,23): error TS2339: Property 'duration' does not exist on type 'Frame'.
src/components/game/BannerPreview.tsx(474,29): error TS2339: Property 'clickUrl' does not exist on type '{ sequenceIndex: number; frameIndex: number; sequenceName: string; speedMultiplier: number; loopMode: LoopModeType; frameId: string; imageUrl: string; type: FrameType; ... 7 more ...; link?: string; }'.
src/components/game/BannerPreview.tsx(475,38): error TS2339: Property 'clickUrl' does not exist on type '{ sequenceIndex: number; frameIndex: number; sequenceName: string; speedMultiplier: number; loopMode: LoopModeType; frameId: string; imageUrl: string; type: FrameType; ... 7 more ...; link?: string; }'.
src/components/game/BannerPreview.tsx(485,33): error TS2339: Property 'clickUrl' does not exist on type '{ sequenceIndex: number; frameIndex: number; sequenceName: string; speedMultiplier: number; loopMode: LoopModeType; frameId: string; imageUrl: string; type: FrameType; ... 7 more ...; link?: string; }'.
src/components/game/BannerPreview.tsx(561,39): error TS2339: Property 'clickUrl' does not exist on type '{ sequenceIndex: number; frameIndex: number; sequenceName: string; speedMultiplier: number; loopMode: LoopModeType; frameId: string; imageUrl: string; type: FrameType; ... 7 more ...; link?: string; }'.
src/components/game/BannerPreview.tsx(576,28): error TS2339: Property 'clickUrl' does not exist on type '{ sequenceIndex: number; frameIndex: number; sequenceName: string; speedMultiplier: number; loopMode: LoopModeType; frameId: string; imageUrl: string; type: FrameType; ... 7 more ...; link?: string; }'.
src/components/game/BannerPreview.tsx(599,33): error TS2339: Property 'clickUrl' does not exist on type '{ sequenceIndex: number; frameIndex: number; sequenceName: string; speedMultiplier: number; loopMode: LoopModeType; frameId: string; imageUrl: string; type: FrameType; ... 7 more ...; link?: string; }'.
src/components/game/BannerPreview.tsx(604,93): error TS2339: Property 'clickUrl' does not exist on type '{ sequenceIndex: number; frameIndex: number; sequenceName: string; speedMultiplier: number; loopMode: LoopModeType; frameId: string; imageUrl: string; type: FrameType; ... 7 more ...; link?: string; }'.
src/components/game/IngamePopupNoticeFormDialog.tsx(472,49): error TS2345: Argument of type 'number | ""' is not assignable to parameter of type 'SetStateAction<number>'.
  Type 'string' is not assignable to type 'SetStateAction<number>'.
src/components/game/IngamePopupNoticeGuideDrawer.tsx(264,6): error TS2741: Property 'storageKey' is missing in type '{ children: Element; open: boolean; onClose: () => void; title: string; subtitle: string; defaultWidth: number; }' but required in type 'ResizableDrawerProps'.
src/components/game/RewardDisplay.tsx(40,29): error TS2345: Argument of type '{ type: any; id: any; quantity: any; }[]' is not assignable to parameter of type 'SetStateAction<Reward[]>'.
  Type '{ type: any; id: any; quantity: any; }[]' is not assignable to type 'Reward[]'.
    Type '{ type: any; id: any; quantity: any; }' is missing the following properties from type 'Reward': rewardType, itemId
src/components/game/RewardDisplay.tsx(53,31): error TS2345: Argument of type '{ type: any; id: any; quantity: any; }[]' is not assignable to parameter of type 'SetStateAction<Reward[]>'.
  Type '{ type: any; id: any; quantity: any; }[]' is not assignable to type 'Reward[]'.
    Type '{ type: any; id: any; quantity: any; }' is missing the following properties from type 'Reward': rewardType, itemId
src/components/game/StoreProductFormDrawer.tsx(420,47): error TS2345: Argument of type 'number | ""' is not assignable to parameter of type 'SetStateAction<number>'.
  Type 'string' is not assignable to type 'SetStateAction<number>'.
src/components/game/SurveyConfigDialog.tsx(70,6): error TS2739: Type '{ children: Element[]; open: boolean; onClose: () => void; defaultWidth: number; minWidth: number; maxWidth: number; }' is missing the following properties from type 'ResizableDrawerProps': title, storageKey
src/components/game/TargetSelector.tsx(23,18): error TS2395: Individual declarations in merged declaration 'ChannelSubchannelData' must be all exported or all local.
src/components/game/TargetSelector.tsx(54,11): error TS2395: Individual declarations in merged declaration 'ChannelSubchannelData' must be all exported or all local.
src/components/game/TargetSelector.tsx(88,23): error TS2345: Argument of type '(string | ChannelSubchannelData)[]' is not assignable to parameter of type 'string[] | ChannelSubchannelData[]'.
  Type '(string | ChannelSubchannelData)[]' is not assignable to type 'string[]'.
    Type 'string | ChannelSubchannelData' is not assignable to type 'string'.
      Type 'ChannelSubchannelData' is not assignable to type 'string'.
src/components/game/TargetSelector.tsx(93,25): error TS2345: Argument of type '(string | ChannelSubchannelData)[]' is not assignable to parameter of type 'string[] | ChannelSubchannelData[]'.
  Type '(string | ChannelSubchannelData)[]' is not assignable to type 'string[]'.
    Type 'string | ChannelSubchannelData' is not assignable to type 'string'.
      Type 'ChannelSubchannelData' is not assignable to type 'string'.
src/components/game/TargetSelector.tsx(95,25): error TS2345: Argument of type '(string | ChannelSubchannelData)[]' is not assignable to parameter of type 'string[] | ChannelSubchannelData[]'.
  Type '(string | ChannelSubchannelData)[]' is not assignable to type 'string[]'.
    Type 'string | ChannelSubchannelData' is not assignable to type 'string'.
      Type 'ChannelSubchannelData' is not assignable to type 'string'.
src/components/game/TargetSelector.tsx(130,54): error TS2345: Argument of type 'string' is not assignable to parameter of type 'string & ChannelSubchannelData'.
  Type 'string' is not assignable to type 'ChannelSubchannelData'.
src/components/gameWorlds/GameWorldSDKGuideDrawer.tsx(299,6): error TS2741: Property 'storageKey' is missing in type '{ children: Element; open: boolean; onClose: () => void; title: string; subtitle: string; defaultWidth: number; }' but required in type 'ResizableDrawerProps'.
src/components/jobs/DynamicJobDataForm.tsx(254,22): error TS2339: Property 'label' does not exist on type 'JobSchemaField'.
src/components/jobs/JobExecutionHistory.tsx(162,22): error TS2551: Property 'error_message' does not exist on type 'JobExecution'. Did you mean 'errorMessage'?
src/components/jobs/JobExecutionHistory.tsx(169,30): error TS2551: Property 'error_message' does not exist on type 'JobExecution'. Did you mean 'errorMessage'?
src/components/jobs/JobForm.tsx(79,9): error TS2304: Cannot find name 'fetchJobDetails'.
src/components/jobs/JobForm.tsx(246,16): error TS1345: An expression of type 'void' cannot be tested for truthiness.
src/components/jobs/JobForm.tsx(476,45): error TS2339: Property 'schema' does not exist on type 'JobType'.
src/components/jobs/JobForm.tsx(483,42): error TS2339: Property 'schema' does not exist on type 'JobType'.
src/components/planning-data/PlanningDataGuideDrawer.tsx(210,10): error TS2741: Property 'storageKey' is missing in type '{ children: Element; open: boolean; onClose: () => void; title: string; subtitle: string; defaultWidth: number; }' but required in type 'ResizableDrawerProps'.
src/components/ProtectedRoute.tsx(67,24): error TS2345: Argument of type 'string[]' is not assignable to parameter of type 'Permission | Permission[]'.
  Type 'string[]' is not assignable to type 'Permission[]'.
    Type 'string' is not assignable to type 'Permission'.
src/components/TargetConditionBuilder.tsx(149,14): error TS2769: No overload matches this call.
  Overload 1 of 3, '(props: { href: string; } & MenuItemOwnProps & Omit<ButtonBaseOwnProps, "classes"> & CommonProps & Omit<Omit<DetailedHTMLProps<AnchorHTMLAttributes<HTMLAnchorElement>, HTMLAnchorElement>, "ref"> & { ...; }, "style" | ... 20 more ... | "disableGutters">): Element', gave the following error.
    Type '{ children: string; value: boolean; }' is not assignable to type 'IntrinsicAttributes & { href: string; } & MenuItemOwnProps & Omit<ButtonBaseOwnProps, "classes"> & CommonProps & Omit<...>'.
      Property 'value' does not exist on type 'IntrinsicAttributes & { href: string; } & MenuItemOwnProps & Omit<ButtonBaseOwnProps, "classes"> & CommonProps & Omit<...>'.
  Overload 2 of 3, '(props: { component: ElementType<any, keyof IntrinsicElements>; } & MenuItemOwnProps & Omit<ButtonBaseOwnProps, "classes"> & CommonProps & Omit<...>): Element', gave the following error.
    Property 'component' is missing in type '{ children: string; value: boolean; }' but required in type '{ component: ElementType<any, keyof IntrinsicElements>; }'.
  Overload 3 of 3, '(props: DefaultComponentProps<ExtendButtonBaseTypeMap<MenuItemTypeMap<{}, "li">>>): Element', gave the following error.
    Type 'boolean' is not assignable to type 'string | number | readonly string[]'.
src/components/TargetConditionBuilder.tsx(150,14): error TS2769: No overload matches this call.
  Overload 1 of 3, '(props: { href: string; } & MenuItemOwnProps & Omit<ButtonBaseOwnProps, "classes"> & CommonProps & Omit<Omit<DetailedHTMLProps<AnchorHTMLAttributes<HTMLAnchorElement>, HTMLAnchorElement>, "ref"> & { ...; }, "style" | ... 20 more ... | "disableGutters">): Element', gave the following error.
    Type '{ children: string; value: boolean; }' is not assignable to type 'IntrinsicAttributes & { href: string; } & MenuItemOwnProps & Omit<ButtonBaseOwnProps, "classes"> & CommonProps & Omit<...>'.
      Property 'value' does not exist on type 'IntrinsicAttributes & { href: string; } & MenuItemOwnProps & Omit<ButtonBaseOwnProps, "classes"> & CommonProps & Omit<...>'.
  Overload 2 of 3, '(props: { component: ElementType<any, keyof IntrinsicElements>; } & MenuItemOwnProps & Omit<ButtonBaseOwnProps, "classes"> & CommonProps & Omit<...>): Element', gave the following error.
    Property 'component' is missing in type '{ children: string; value: boolean; }' but required in type '{ component: ElementType<any, keyof IntrinsicElements>; }'.
  Overload 3 of 3, '(props: DefaultComponentProps<ExtendButtonBaseTypeMap<MenuItemTypeMap<{}, "li">>>): Element', gave the following error.
    Type 'boolean' is not assignable to type 'string | number | readonly string[]'.
src/contexts/AuthContext.tsx(193,30): error TS2345: Argument of type '"*"' is not assignable to parameter of type 'Permission'.
src/contexts/ChatContext.tsx(525,44): error TS2739: Type 'User' is missing the following properties from type 'User': username, isOnline
src/contexts/ChatContext.tsx(776,43): error TS2739: Type '{ id: number; content: string; type: "system"; channelId: any; userId: number; createdAt: string; updatedAt: string; isDeleted: boolean; isEdited: boolean; }' is missing the following properties from type 'Message': user, reactions, attachments, mentions, hashtags
src/contexts/ChatContext.tsx(847,38): error TS2339: Property 'channelId' does not exist on type 'ApiResponse<any>'.
src/contexts/ChatContext.tsx(848,97): error TS2339: Property 'channelId' does not exist on type 'ApiResponse<any>'.
src/contexts/ChatContext.tsx(849,85): error TS2339: Property 'channelId' does not exist on type 'ApiResponse<any>'.
src/contexts/ChatContext.tsx(922,13): error TS2339: Property 'userId' does not exist on type 'User'.
src/contexts/GameWorldContext.tsx(46,61): error TS2353: Object literal may only specify known properties, and 'limit' does not exist in type 'GameWorldListParams'.
src/contexts/PlanningDataContext.tsx(72,64): error TS2554: Expected 0 arguments, but got 1.
src/pages/admin/ApiTokensPage.tsx(263,19): error TS2304: Cannot find name 'useMemo'.
src/pages/admin/ApiTokensPage.tsx(283,39): error TS2448: Block-scoped variable 'formData' used before its declaration.
src/pages/admin/ApiTokensPage.tsx(395,31): error TS2339: Property 'id' does not exist on type 'ActiveFilter'.
src/pages/admin/ApiTokensPage.tsx(590,66): error TS2339: Property 'tokenValue' does not exist on type 'CreateTokenResponse'.
src/pages/admin/ApiTokensPage.tsx(617,41): error TS2345: Argument of type 'string' is not assignable to parameter of type 'number'.
src/pages/admin/ApiTokensPage.tsx(646,41): error TS2345: Argument of type 'string' is not assignable to parameter of type 'number'.
src/pages/admin/ApiTokensPage.tsx(662,62): error TS2345: Argument of type 'string' is not assignable to parameter of type 'number'.
src/pages/admin/ApiTokensPage.tsx(666,66): error TS2339: Property 'tokenValue' does not exist on type 'CreateTokenResponse'.
src/pages/admin/ApiTokensPage.tsx(814,27): error TS2345: Argument of type 'string[]' is not assignable to parameter of type 'SetStateAction<number[]>'.
  Type 'string[]' is not assignable to type 'number[]'.
    Type 'string' is not assignable to type 'number'.
src/pages/admin/ApiTokensPage.tsx(881,12): error TS2678: Type '"admin"' is not comparable to type 'TokenType'.
src/pages/admin/ApiTokensPage.tsx(1061,88): error TS2345: Argument of type 'string' is not assignable to parameter of type 'number'.
src/pages/admin/ApiTokensPage.tsx(1065,64): error TS2345: Argument of type 'string' is not assignable to parameter of type 'number'.
src/pages/admin/ApiTokensPage.tsx(1066,64): error TS2345: Argument of type 'string' is not assignable to parameter of type 'number'.
src/pages/admin/ApiTokensPage.tsx(1539,34): error TS2339: Property 'id' does not exist on type 'Environment'.
src/pages/admin/ApiTokensPage.tsx(1540,36): error TS2339: Property 'id' does not exist on type 'Environment'.
src/pages/admin/ApiTokensPage.tsx(1581,36): error TS2339: Property 'id' does not exist on type 'Environment'.
src/pages/admin/ApiTokensPage.tsx(1584,75): error TS2339: Property 'id' does not exist on type 'Environment'.
src/pages/admin/ApiTokensPage.tsx(1589,78): error TS2339: Property 'id' does not exist on type 'Environment'.
src/pages/admin/ApiTokensPage.tsx(1594,93): error TS2339: Property 'id' does not exist on type 'Environment'.
src/pages/admin/ApiTokensPage.tsx(1991,60): error TS2345: Argument of type 'string' is not assignable to parameter of type 'number'.
src/pages/admin/ApiTokensPage.tsx(2134,21): error TS2769: No overload matches this call.
  Overload 1 of 2, '(props: { component: ElementType<any, keyof IntrinsicElements>; } & ChipOwnProps & ChipSlotsAndSlotProps & CommonProps & Omit<...>): Element', gave the following error.
    Type 'string | $SpecialObject | TFunctionDetailedResult<string | $SpecialObject, any>' is not assignable to type 'ReactNode'.
      Type 'object' is not assignable to type 'ReactNode'.
  Overload 2 of 2, '(props: DefaultComponentProps<ChipTypeMap<{}, "div">>): Element', gave the following error.
    Type 'string | $SpecialObject | TFunctionDetailedResult<string | $SpecialObject, any>' is not assignable to type 'ReactNode'.
      Type 'object' is not assignable to type 'ReactNode'.
src/pages/admin/AuditLogsPage.tsx(466,80): error TS2551: Property 'created_at' does not exist on type 'AuditLog'. Did you mean 'createdAt'?
src/pages/admin/AuditLogsPage.tsx(468,65): error TS2551: Property 'created_at' does not exist on type 'AuditLog'. Did you mean 'createdAt'?
src/pages/admin/AuditLogsPage.tsx(473,20): error TS2551: Property 'user_name' does not exist on type 'AuditLog'. Did you mean 'userName'?
src/pages/admin/AuditLogsPage.tsx(475,71): error TS2551: Property 'user_name' does not exist on type 'AuditLog'. Did you mean 'userName'?
src/pages/admin/AuditLogsPage.tsx(476,71): error TS2551: Property 'user_email' does not exist on type 'AuditLog'. Did you mean 'userEmail'?
src/pages/admin/AuditLogsPage.tsx(488,15): error TS2769: No overload matches this call.
  Overload 1 of 2, '(props: { component: ElementType<any, keyof IntrinsicElements>; } & TypographyOwnProps & CommonProps & Omit<any, "p" | ... 112 more ... | "variantMapping">): Element', gave the following error.
    Type 'string | $SpecialObject | TFunctionDetailedResult<string | $SpecialObject, any>' is not assignable to type 'ReactNode'.
      Type 'object' is not assignable to type 'ReactNode'.
  Overload 2 of 2, '(props: DefaultComponentProps<TypographyTypeMap<{}, "span">>): Element', gave the following error.
    Type 'string | $SpecialObject | TFunctionDetailedResult<string | $SpecialObject, any>' is not assignable to type 'ReactNode'.
      Type 'object' is not assignable to type 'ReactNode'.
src/pages/admin/AuditLogsPage.tsx(512,72): error TS2551: Property 'ip_address' does not exist on type 'AuditLog'. Did you mean 'ipAddress'?
src/pages/admin/AuditLogsPage.tsx(754,35): error TS2769: No overload matches this call.
  Overload 1 of 2, '(props: { component: ElementType<any, keyof IntrinsicElements>; } & ChipOwnProps & ChipSlotsAndSlotProps & CommonProps & Omit<...>): Element', gave the following error.
    Type 'string | $SpecialObject | TFunctionDetailedResult<string | $SpecialObject, any>' is not assignable to type 'ReactNode'.
      Type 'object' is not assignable to type 'ReactNode'.
  Overload 2 of 2, '(props: DefaultComponentProps<ChipTypeMap<{}, "div">>): Element', gave the following error.
    Type 'string | $SpecialObject | TFunctionDetailedResult<string | $SpecialObject, any>' is not assignable to type 'ReactNode'.
      Type 'object' is not assignable to type 'ReactNode'.
src/pages/admin/AuditLogsPage.tsx(769,104): error TS2551: Property 'created_at' does not exist on type 'AuditLog'. Did you mean 'createdAt'?
src/pages/admin/AuditLogsPage.tsx(770,93): error TS2551: Property 'created_at' does not exist on type 'AuditLog'. Did you mean 'createdAt'?
src/pages/admin/AuditLogsPage.tsx(783,40): error TS2551: Property 'user_name' does not exist on type 'AuditLog'. Did you mean 'userName'?
src/pages/admin/AuditLogsPage.tsx(786,46): error TS2551: Property 'user_name' does not exist on type 'AuditLog'. Did you mean 'userName'?
src/pages/admin/AuditLogsPage.tsx(789,46): error TS2551: Property 'user_email' does not exist on type 'AuditLog'. Did you mean 'userEmail'?
src/pages/admin/AuditLogsPage.tsx(842,40): error TS2551: Property 'ip_address' does not exist on type 'AuditLog'. Did you mean 'ipAddress'?
src/pages/admin/AuditLogsPage.tsx(847,37): error TS2551: Property 'user_agent' does not exist on type 'AuditLog'. Did you mean 'userAgent'?
src/pages/admin/AuditLogsPage.tsx(855,44): error TS2551: Property 'user_agent' does not exist on type 'AuditLog'. Did you mean 'userAgent'?
src/pages/admin/ChangeRequestDetailPage.tsx(528,116): error TS2367: This comparison appears to be unintentional because the types 'string' and 'number' have no overlap.
src/pages/admin/ClientVersionsPage.tsx(740,13): error TS2322: Type '{ maintenanceMessage: string; supportsMultiLanguage: boolean; maintenanceLocales: MessageLocale[]; maintenanceStartDate: string; maintenanceEndDate: string; ids: number[]; clientStatus: ClientStatus; } | { ...; }' is not assignable to type 'BulkStatusUpdateRequest'.
  Type '{ messageTemplateId: number | ""; maintenanceStartDate: string; maintenanceEndDate: string; ids: number[]; clientStatus: ClientStatus; }' is not assignable to type 'BulkStatusUpdateRequest'.
    Types of property 'messageTemplateId' are incompatible.
      Type 'number | ""' is not assignable to type 'number'.
        Type 'string' is not assignable to type 'number'.
src/pages/admin/CustomQueueMonitorPage.tsx(41,10): error TS2614: Module '"@/services/api"' has no exported member 'apiClient'. Did you mean to use 'import apiClient from "@/services/api"' instead?
src/pages/admin/GameWorldsPage.tsx(337,65): error TS2345: Argument of type '{ worldId: string; name: string; isVisible: true; isMaintenance: false; description: string; maintenanceStartDate: string; maintenanceEndDate: string; maintenanceMessage: string; supportsMultiLanguage: false; maintenanceLocales: undefined[]; tagIds: undefined[]; }' is not assignable to parameter of type 'CreateGameWorldData | (() => CreateGameWorldData)'.
  Property 'worldServerAddress' is missing in type '{ worldId: string; name: string; isVisible: true; isMaintenance: false; description: string; maintenanceStartDate: string; maintenanceEndDate: string; maintenanceMessage: string; supportsMultiLanguage: false; maintenanceLocales: undefined[]; tagIds: undefined[]; }' but required in type 'CreateGameWorldData'.
src/pages/admin/GameWorldsPage.tsx(748,9): error TS2353: Object literal may only specify known properties, and 'tags_operator' does not exist in type 'GameWorldListParams'.
src/pages/admin/JobsPage.tsx(146,11): error TS2353: Object literal may only specify known properties, and 'tags' does not exist in type 'JobFilters'.
src/pages/admin/JobsPage.tsx(331,18): error TS2339: Property 'cronExpression' does not exist on type 'Job'.
src/pages/admin/JobsPage.tsx(337,18): error TS2339: Property 'lastExecutedAt' does not exist on type 'Job'.
src/pages/admin/JobsPage.tsx(337,62): error TS2339: Property 'lastExecutedAt' does not exist on type 'Job'.
src/pages/admin/JobsPage.tsx(343,18): error TS2339: Property 'nextExecutionAt' does not exist on type 'Job'.
src/pages/admin/JobsPage.tsx(343,63): error TS2339: Property 'nextExecutionAt' does not exist on type 'Job'.
src/pages/admin/JobsPage.tsx(500,20): error TS2769: No overload matches this call.
  Overload 1 of 3, '(props: { href: string; } & MenuItemOwnProps & Omit<ButtonBaseOwnProps, "classes"> & CommonProps & Omit<Omit<DetailedHTMLProps<AnchorHTMLAttributes<HTMLAnchorElement>, HTMLAnchorElement>, "ref"> & { ...; }, "style" | ... 20 more ... | "disableGutters">): Element', gave the following error.
    Type '{ children: string; value: boolean; }' is not assignable to type 'IntrinsicAttributes & { href: string; } & MenuItemOwnProps & Omit<ButtonBaseOwnProps, "classes"> & CommonProps & Omit<...>'.
      Property 'value' does not exist on type 'IntrinsicAttributes & { href: string; } & MenuItemOwnProps & Omit<ButtonBaseOwnProps, "classes"> & CommonProps & Omit<...>'.
  Overload 2 of 3, '(props: { component: ElementType<any, keyof IntrinsicElements>; } & MenuItemOwnProps & Omit<ButtonBaseOwnProps, "classes"> & CommonProps & Omit<...>): Element', gave the following error.
    Property 'component' is missing in type '{ children: string; value: boolean; }' but required in type '{ component: ElementType<any, keyof IntrinsicElements>; }'.
  Overload 3 of 3, '(props: DefaultComponentProps<ExtendButtonBaseTypeMap<MenuItemTypeMap<{}, "li">>>): Element', gave the following error.
    Type 'boolean' is not assignable to type 'string | number | readonly string[]'.
src/pages/admin/JobsPage.tsx(501,20): error TS2769: No overload matches this call.
  Overload 1 of 3, '(props: { href: string; } & MenuItemOwnProps & Omit<ButtonBaseOwnProps, "classes"> & CommonProps & Omit<Omit<DetailedHTMLProps<AnchorHTMLAttributes<HTMLAnchorElement>, HTMLAnchorElement>, "ref"> & { ...; }, "style" | ... 20 more ... | "disableGutters">): Element', gave the following error.
    Type '{ children: string; value: boolean; }' is not assignable to type 'IntrinsicAttributes & { href: string; } & MenuItemOwnProps & Omit<ButtonBaseOwnProps, "classes"> & CommonProps & Omit<...>'.
      Property 'value' does not exist on type 'IntrinsicAttributes & { href: string; } & MenuItemOwnProps & Omit<ButtonBaseOwnProps, "classes"> & CommonProps & Omit<...>'.
  Overload 2 of 3, '(props: { component: ElementType<any, keyof IntrinsicElements>; } & MenuItemOwnProps & Omit<ButtonBaseOwnProps, "classes"> & CommonProps & Omit<...>): Element', gave the following error.
    Property 'component' is missing in type '{ children: string; value: boolean; }' but required in type '{ component: ElementType<any, keyof IntrinsicElements>; }'.
  Overload 3 of 3, '(props: DefaultComponentProps<ExtendButtonBaseTypeMap<MenuItemTypeMap<{}, "li">>>): Element', gave the following error.
    Type 'boolean' is not assignable to type 'string | number | readonly string[]'.
src/pages/admin/MaintenancePage.tsx(345,13): error TS2339: Property 'isUnderMaintenance' does not exist on type 'void'.
src/pages/admin/MaintenancePage.tsx(401,23): error TS2339: Property 'isUnderMaintenance' does not exist on type 'void'.
src/pages/admin/MaintenancePage.tsx(845,38): error TS2345: Argument of type '({ code: "ko"; message: string; } | { code: "en"; message: string; } | { code: "zh"; message: string; })[]' is not assignable to parameter of type 'SetStateAction<{ lang: "en" | "ko" | "zh"; message: string; }[]>'.
  Type '({ code: "ko"; message: string; } | { code: "en"; message: string; } | { code: "zh"; message: string; })[]' is not assignable to type '{ lang: "en" | "ko" | "zh"; message: string; }[]'.
    Type '{ code: "ko"; message: string; } | { code: "en"; message: string; } | { code: "zh"; message: string; }' is not assignable to type '{ lang: "en" | "ko" | "zh"; message: string; }'.
      Property 'lang' is missing in type '{ code: "ko"; message: string; }' but required in type '{ lang: "en" | "ko" | "zh"; message: string; }'.
src/pages/admin/MessageTemplatesPage.tsx(1050,15): error TS2322: Type '{ children: Element[]; select: true; multiple: true; label: string; value: number[]; onChange: (e: ChangeEvent<HTMLInputElement | HTMLTextAreaElement>) => void; SelectProps: { ...; }; helperText: string; }' is not assignable to type 'IntrinsicAttributes & { variant?: TextFieldVariants; } & Omit<OutlinedTextFieldProps | FilledTextFieldProps | StandardTextFieldProps, "variant">'.
  Property 'multiple' does not exist on type 'IntrinsicAttributes & { variant?: TextFieldVariants; } & Omit<OutlinedTextFieldProps | FilledTextFieldProps | StandardTextFieldProps, "variant">'. Did you mean 'multiline'?
src/pages/admin/MessageTemplatesPage.tsx(1055,81): error TS2345: Argument of type 'number' is not assignable to parameter of type 'string'.
src/pages/admin/MessageTemplatesPage.tsx(1227,15): error TS2322: Type '{ children: Element[]; select: true; multiple: true; label: string; value: number[]; onChange: (e: ChangeEvent<HTMLInputElement | HTMLTextAreaElement>) => void; SelectProps: { ...; }; fullWidth: true; }' is not assignable to type 'IntrinsicAttributes & { variant?: TextFieldVariants; } & Omit<OutlinedTextFieldProps | FilledTextFieldProps | StandardTextFieldProps, "variant">'.
  Property 'multiple' does not exist on type 'IntrinsicAttributes & { variant?: TextFieldVariants; } & Omit<OutlinedTextFieldProps | FilledTextFieldProps | StandardTextFieldProps, "variant">'. Did you mean 'multiline'?
src/pages/admin/MessageTemplatesPage.tsx(1232,81): error TS2345: Argument of type 'number' is not assignable to parameter of type 'string'.
src/pages/admin/RemoteConfigHistoryPage.tsx(294,54): error TS2339: Property 'configsCount' does not exist on type 'Deployment'.
src/pages/admin/RemoteConfigHistoryPage.tsx(600,41): error TS2339: Property 'configKeyName' does not exist on type 'ConfigVersion'.
src/pages/admin/RemoteConfigPage.tsx(135,59): error TS2339: Property 'status' does not exist on type 'RemoteConfig'.
src/pages/admin/RemoteConfigPage.tsx(136,57): error TS2339: Property 'status' does not exist on type 'RemoteConfig'.
src/pages/admin/RemoteConfigPage.tsx(152,17): error TS2769: No overload matches this call.
  Overload 1 of 2, '(props: { component: ElementType<any, keyof IntrinsicElements>; } & SvgIconOwnProps & CommonProps & Omit<any, "style" | ... 10 more ... | "titleAccess">): Element', gave the following error.
    Property 'component' is missing in type '{ color: "primary"; title: string; fontSize: "inherit"; sx: { mr: number; fontSize: string; verticalAlign: string; }; }' but required in type '{ component: ElementType<any, keyof IntrinsicElements>; }'.
  Overload 2 of 2, '(props: DefaultComponentProps<SvgIconTypeMap<{}, "svg">>): Element', gave the following error.
    Type '{ color: "primary"; title: string; fontSize: "inherit"; sx: { mr: number; fontSize: string; verticalAlign: string; }; }' is not assignable to type 'IntrinsicAttributes & SvgIconOwnProps & CommonProps & Omit<Omit<SVGProps<SVGSVGElement>, "ref"> & { ...; }, "style" | ... 10 more ... | "titleAccess">'.
      Property 'title' does not exist on type 'IntrinsicAttributes & SvgIconOwnProps & CommonProps & Omit<Omit<SVGProps<SVGSVGElement>, "ref"> & { ...; }, "style" | ... 10 more ... | "titleAccess">'.
src/pages/admin/RemoteConfigPage.tsx(154,17): error TS2769: No overload matches this call.
  Overload 1 of 2, '(props: { component: ElementType<any, keyof IntrinsicElements>; } & SvgIconOwnProps & CommonProps & Omit<any, "style" | ... 10 more ... | "titleAccess">): Element', gave the following error.
    Property 'component' is missing in type '{ color: "success"; title: string; fontSize: "inherit"; sx: { mr: number; fontSize: string; verticalAlign: string; }; }' but required in type '{ component: ElementType<any, keyof IntrinsicElements>; }'.
  Overload 2 of 2, '(props: DefaultComponentProps<SvgIconTypeMap<{}, "svg">>): Element', gave the following error.
    Type '{ color: "success"; title: string; fontSize: "inherit"; sx: { mr: number; fontSize: string; verticalAlign: string; }; }' is not assignable to type 'IntrinsicAttributes & SvgIconOwnProps & CommonProps & Omit<Omit<SVGProps<SVGSVGElement>, "ref"> & { ...; }, "style" | ... 10 more ... | "titleAccess">'.
      Property 'title' does not exist on type 'IntrinsicAttributes & SvgIconOwnProps & CommonProps & Omit<Omit<SVGProps<SVGSVGElement>, "ref"> & { ...; }, "style" | ... 10 more ... | "titleAccess">'.
src/pages/admin/RemoteConfigPage.tsx(156,17): error TS2769: No overload matches this call.
  Overload 1 of 2, '(props: { component: ElementType<any, keyof IntrinsicElements>; } & SvgIconOwnProps & CommonProps & Omit<any, "style" | ... 10 more ... | "titleAccess">): Element', gave the following error.
    Property 'component' is missing in type '{ color: "warning"; title: string; fontSize: "inherit"; sx: { mr: number; fontSize: string; verticalAlign: string; }; }' but required in type '{ component: ElementType<any, keyof IntrinsicElements>; }'.
  Overload 2 of 2, '(props: DefaultComponentProps<SvgIconTypeMap<{}, "svg">>): Element', gave the following error.
    Type '{ color: "warning"; title: string; fontSize: "inherit"; sx: { mr: number; fontSize: string; verticalAlign: string; }; }' is not assignable to type 'IntrinsicAttributes & SvgIconOwnProps & CommonProps & Omit<Omit<SVGProps<SVGSVGElement>, "ref"> & { ...; }, "style" | ... 10 more ... | "titleAccess">'.
      Property 'title' does not exist on type 'IntrinsicAttributes & SvgIconOwnProps & CommonProps & Omit<Omit<SVGProps<SVGSVGElement>, "ref"> & { ...; }, "style" | ... 10 more ... | "titleAccess">'.
src/pages/admin/RemoteConfigPage.tsx(158,17): error TS2769: No overload matches this call.
  Overload 1 of 2, '(props: { component: ElementType<any, keyof IntrinsicElements>; } & SvgIconOwnProps & CommonProps & Omit<any, "style" | ... 10 more ... | "titleAccess">): Element', gave the following error.
    Property 'component' is missing in type '{ color: "info"; title: string; fontSize: "inherit"; sx: { mr: number; fontSize: string; verticalAlign: string; }; }' but required in type '{ component: ElementType<any, keyof IntrinsicElements>; }'.
  Overload 2 of 2, '(props: DefaultComponentProps<SvgIconTypeMap<{}, "svg">>): Element', gave the following error.
    Type '{ color: "info"; title: string; fontSize: "inherit"; sx: { mr: number; fontSize: string; verticalAlign: string; }; }' is not assignable to type 'IntrinsicAttributes & SvgIconOwnProps & CommonProps & Omit<Omit<SVGProps<SVGSVGElement>, "ref"> & { ...; }, "style" | ... 10 more ... | "titleAccess">'.
      Property 'title' does not exist on type 'IntrinsicAttributes & SvgIconOwnProps & CommonProps & Omit<Omit<SVGProps<SVGSVGElement>, "ref"> & { ...; }, "style" | ... 10 more ... | "titleAccess">'.
src/pages/admin/RemoteConfigPage.tsx(160,17): error TS2769: No overload matches this call.
  Overload 1 of 2, '(props: { component: ElementType<any, keyof IntrinsicElements>; } & SvgIconOwnProps & CommonProps & Omit<any, "style" | ... 10 more ... | "titleAccess">): Element', gave the following error.
    Property 'component' is missing in type '{ color: "secondary"; title: string; fontSize: "inherit"; sx: { mr: number; fontSize: string; verticalAlign: string; }; }' but required in type '{ component: ElementType<any, keyof IntrinsicElements>; }'.
  Overload 2 of 2, '(props: DefaultComponentProps<SvgIconTypeMap<{}, "svg">>): Element', gave the following error.
    Type '{ color: "secondary"; title: string; fontSize: "inherit"; sx: { mr: number; fontSize: string; verticalAlign: string; }; }' is not assignable to type 'IntrinsicAttributes & SvgIconOwnProps & CommonProps & Omit<Omit<SVGProps<SVGSVGElement>, "ref"> & { ...; }, "style" | ... 10 more ... | "titleAccess">'.
      Property 'title' does not exist on type 'IntrinsicAttributes & SvgIconOwnProps & CommonProps & Omit<Omit<SVGProps<SVGSVGElement>, "ref"> & { ...; }, "style" | ... 10 more ... | "titleAccess">'.
src/pages/admin/RemoteConfigPage.tsx(162,17): error TS2769: No overload matches this call.
  Overload 1 of 2, '(props: { component: ElementType<any, keyof IntrinsicElements>; } & SvgIconOwnProps & CommonProps & Omit<any, "style" | ... 10 more ... | "titleAccess">): Element', gave the following error.
    Property 'component' is missing in type '{ color: "primary"; title: string; fontSize: "inherit"; sx: { mr: number; fontSize: string; verticalAlign: string; }; }' but required in type '{ component: ElementType<any, keyof IntrinsicElements>; }'.
  Overload 2 of 2, '(props: DefaultComponentProps<SvgIconTypeMap<{}, "svg">>): Element', gave the following error.
    Type '{ color: "primary"; title: string; fontSize: "inherit"; sx: { mr: number; fontSize: string; verticalAlign: string; }; }' is not assignable to type 'IntrinsicAttributes & SvgIconOwnProps & CommonProps & Omit<Omit<SVGProps<SVGSVGElement>, "ref"> & { ...; }, "style" | ... 10 more ... | "titleAccess">'.
      Property 'title' does not exist on type 'IntrinsicAttributes & SvgIconOwnProps & CommonProps & Omit<Omit<SVGProps<SVGSVGElement>, "ref"> & { ...; }, "style" | ... 10 more ... | "titleAccess">'.
src/pages/admin/RemoteConfigPage.tsx(684,51): error TS2345: Argument of type '{ campaignName: any; description: any; startDate: any; endDate: any; priority: any; status: any; targetConditions: any; isActive: any; }' is not assignable to parameter of type 'SetStateAction<{ campaignName: string; description: string; startDate: string; endDate: string; priority: number; trafficPercentage: number; status: "paused" | "running" | "draft" | "scheduled" | "completed"; targetConditions: any; overrideConfigs: { ...; }[]; isActive: boolean; }>'.
  Type '{ campaignName: any; description: any; startDate: any; endDate: any; priority: any; status: any; targetConditions: any; isActive: any; }' is missing the following properties from type '{ campaignName: string; description: string; startDate: string; endDate: string; priority: number; trafficPercentage: number; status: "paused" | "running" | "draft" | "scheduled" | "completed"; targetConditions: any; overrideConfigs: { ...; }[]; isActive: boolean; }': trafficPercentage, overrideConfigs
src/pages/admin/RemoteConfigPage.tsx(1099,9): error TS2552: Cannot find name 'setSnackbar'. Did you mean 'useSnackbar'?
src/pages/admin/RemoteConfigPage.tsx(1106,9): error TS2552: Cannot find name 'setSnackbar'. Did you mean 'useSnackbar'?
src/pages/admin/RemoteConfigPage.tsx(1143,9): error TS2552: Cannot find name 'setSnackbar'. Did you mean 'useSnackbar'?
src/pages/admin/RemoteConfigPage.tsx(1150,9): error TS2552: Cannot find name 'setSnackbar'. Did you mean 'useSnackbar'?
src/pages/admin/RemoteConfigPage.tsx(1168,9): error TS2552: Cannot find name 'setSnackbar'. Did you mean 'useSnackbar'?
src/pages/admin/RemoteConfigPage.tsx(1175,9): error TS2552: Cannot find name 'setSnackbar'. Did you mean 'useSnackbar'?
src/pages/admin/RemoteConfigPage.tsx(1699,20): error TS2304: Cannot find name 'FormHelperText'.
src/pages/admin/RemoteConfigPage.tsx(1699,63): error TS2304: Cannot find name 'FormHelperText'.
src/pages/admin/RemoteConfigPage.tsx(1820,20): error TS2304: Cannot find name 'FormHelperText'.
src/pages/admin/RemoteConfigPage.tsx(1820,63): error TS2304: Cannot find name 'FormHelperText'.
src/pages/admin/RemoteConfigPage.tsx(2702,35): error TS2339: Property 'status' does not exist on type 'RemoteConfig'.
src/pages/admin/RemoteConfigPage.tsx(2703,35): error TS2339: Property 'status' does not exist on type 'RemoteConfig'.
src/pages/admin/RemoteConfigPage.tsx(2704,35): error TS2339: Property 'status' does not exist on type 'RemoteConfig'.
src/pages/admin/RemoteConfigPage.tsx(2705,35): error TS2339: Property 'status' does not exist on type 'RemoteConfig'.
src/pages/admin/RemoteConfigPage.tsx(2707,35): error TS2339: Property 'status' does not exist on type 'RemoteConfig'.
src/pages/admin/RemoteConfigPage.tsx(2708,35): error TS2339: Property 'status' does not exist on type 'RemoteConfig'.
src/pages/admin/RemoteConfigPage.tsx(2709,35): error TS2339: Property 'status' does not exist on type 'RemoteConfig'.
src/pages/admin/RemoteConfigPage.tsx(2710,35): error TS2339: Property 'status' does not exist on type 'RemoteConfig'.
src/pages/admin/RemoteConfigPage.tsx(2917,33): error TS2339: Property 'status' does not exist on type 'RemoteConfig'.
src/pages/admin/RemoteConfigPage.tsx(2925,33): error TS2339: Property 'status' does not exist on type 'RemoteConfig'.
src/pages/admin/RemoteConfigPage.tsx(2933,33): error TS2339: Property 'status' does not exist on type 'RemoteConfig'.
src/pages/admin/RemoteConfigPage.tsx(2991,40): error TS2339: Property 'status' does not exist on type 'RemoteConfig'.
src/pages/admin/RemoteConfigPage.tsx(3014,41): error TS2339: Property 'status' does not exist on type 'RemoteConfig'.
src/pages/admin/RemoteConfigPage.tsx(3041,42): error TS2339: Property 'status' does not exist on type 'RemoteConfig'.
src/pages/admin/RemoteConfigPage.tsx(3049,43): error TS2339: Property 'status' does not exist on type 'RemoteConfig'.
src/pages/admin/RemoteConfigPage.tsx(3207,39): error TS2339: Property 'status' does not exist on type 'RemoteConfig'.
src/pages/admin/RemoteConfigPage.tsx(3207,75): error TS2339: Property 'status' does not exist on type 'RemoteConfig'.
src/pages/admin/RemoteConfigPage.tsx(3208,39): error TS2339: Property 'status' does not exist on type 'RemoteConfig'.
src/pages/admin/SchedulerPage.tsx(233,17): error TS2345: Argument of type '{ title: string; start: any; end: any; description: string; allDay: any; }' is not assignable to parameter of type 'SetStateAction<CreateScheduleEventData>'.
  Type '{ title: string; start: any; end: any; description: string; allDay: any; }' is missing the following properties from type 'CreateScheduleEventData': scheduleType, cronExpression, intervalMinutes, repeatCount
src/pages/admin/SchedulerPage.tsx(255,17): error TS2345: Argument of type '{ title: any; start: any; end: any; description: any; allDay: any; }' is not assignable to parameter of type 'SetStateAction<CreateScheduleEventData>'.
  Type '{ title: any; start: any; end: any; description: any; allDay: any; }' is missing the following properties from type 'CreateScheduleEventData': scheduleType, cronExpression, intervalMinutes, repeatCount
src/pages/admin/SchedulerPage.tsx(268,17): error TS2345: Argument of type '{ title: string; start: Date; end: undefined; description: string; allDay: false; }' is not assignable to parameter of type 'SetStateAction<CreateScheduleEventData>'.
  Type '{ title: string; start: Date; end: undefined; description: string; allDay: false; }' is missing the following properties from type 'CreateScheduleEventData': scheduleType, cronExpression, intervalMinutes, repeatCount
src/pages/admin/SchedulerPage.tsx(415,24): error TS2304: Cannot find name 'LinearProgress'.
src/pages/admin/SchedulerPage.tsx(464,19): error TS2741: Property 'offsetName' is missing in type 'Moment' but required in type 'Dayjs'.
src/pages/admin/SchedulerPage.tsx(473,19): error TS2741: Property 'offsetName' is missing in type 'Moment' but required in type 'Dayjs'.
src/pages/admin/SchedulerPage.tsx(539,63): error TS2322: Type 'string | number' is not assignable to type 'number'.
  Type 'string' is not assignable to type 'number'.
src/pages/admin/UsersManagementPage.tsx(2239,27): error TS2339: Property 'id' does not exist on type 'Environment'.
src/pages/admin/UsersManagementPage.tsx(2478,27): error TS2339: Property 'id' does not exist on type 'Environment'.
src/pages/admin/UsersManagementPage.tsx(2834,29): error TS2339: Property 'id' does not exist on type 'Environment'.
src/pages/chat/ChatPage.tsx(179,54): error TS2304: Cannot find name 'Message'.
src/pages/chat/ChatPage.tsx(401,25): error TS2554: Expected 1 arguments, but got 0.
src/pages/chat/ChatPage.tsx(417,38): error TS2304: Cannot find name 'Message'.
src/pages/chat/ChatPage.tsx(864,30): error TS2339: Property 'members' does not exist on type 'Channel'.
src/pages/chat/ChatPage.tsx(907,27): error TS2339: Property 'loadChannels' does not exist on type '{ setCurrentChannel: (channelId: number) => void; sendMessage: (channelId: number, message: SendMessageRequest) => Promise<Message>; editMessage: (messageId: number, content: string) => Promise<...>; ... 17 more ...; clearError: () => void; }'.
src/pages/common/DashboardPage.tsx(292,27): error TS2339: Property 'suspendedUsers' does not exist on type '{ totalUsers: number; activeUsers: number; pendingUsers: number; adminUsers: number; }'.
src/pages/common/DashboardPage.tsx(595,94): error TS2820: Type '"desc"' is not assignable to type '"ASC" | "DESC"'. Did you mean '"DESC"'?
src/pages/common/DashboardPage.tsx(704,85): error TS2339: Property 'environment' does not exist on type 'Environment'.
src/pages/common/DashboardPage.tsx(715,66): error TS2339: Property 'environment' does not exist on type 'Environment'.
src/pages/common/DashboardPage.tsx(1024,17): error TS2322: Type 'Element' is not assignable to type 'string | number'.
src/pages/common/DashboardPage.tsx(1061,23): error TS2339: Property 'environment' does not exist on type 'EnvironmentWithCounts'.
src/pages/common/DashboardPage.tsx(1062,23): error TS2339: Property 'environment' does not exist on type 'EnvironmentWithCounts'.
src/pages/common/DashboardPage.tsx(1067,42): error TS2339: Property 'environment' does not exist on type 'EnvironmentWithCounts'.
src/pages/common/DashboardPage.tsx(1069,34): error TS2339: Property 'environment' does not exist on type 'EnvironmentWithCounts'.
src/pages/common/DashboardPage.tsx(1119,70): error TS2339: Property 'environment' does not exist on type 'EnvironmentWithCounts'.
src/pages/common/DashboardPage.tsx(1167,43): error TS2339: Property 'environment' does not exist on type 'EnvironmentWithCounts'.
src/pages/common/DashboardPage.tsx(1168,59): error TS2339: Property 'environment' does not exist on type 'EnvironmentWithCounts'.
src/pages/common/DashboardPage.tsx(1479,44): error TS2339: Property 'firstLine' does not exist on type 'CrashEvent'.
src/pages/game/IngamePopupNoticesPage.tsx(634,41): error TS2339: Property 'targetMarkets' does not exist on type 'IngamePopupNotice'.
src/pages/game/IngamePopupNoticesPage.tsx(634,65): error TS2339: Property 'targetMarkets' does not exist on type 'IngamePopupNotice'.
src/pages/game/IngamePopupNoticesPage.tsx(635,100): error TS2339: Property 'targetMarkets' does not exist on type 'IngamePopupNotice'.
src/pages/game/IngamePopupNoticesPage.tsx(638,41): error TS2339: Property 'targetClientVersions' does not exist on type 'IngamePopupNotice'.
src/pages/game/IngamePopupNoticesPage.tsx(638,72): error TS2339: Property 'targetClientVersions' does not exist on type 'IngamePopupNotice'.
src/pages/game/IngamePopupNoticesPage.tsx(639,107): error TS2339: Property 'targetClientVersions' does not exist on type 'IngamePopupNotice'.
src/pages/game/IngamePopupNoticesPage.tsx(642,41): error TS2339: Property 'targetAccountIds' does not exist on type 'IngamePopupNotice'.
src/pages/game/IngamePopupNoticesPage.tsx(642,68): error TS2339: Property 'targetAccountIds' does not exist on type 'IngamePopupNotice'.
src/pages/game/IngamePopupNoticesPage.tsx(643,103): error TS2339: Property 'targetAccountIds' does not exist on type 'IngamePopupNotice'.
src/pages/game/PlanningDataPage.tsx(410,83): error TS2554: Expected 1 arguments, but got 2.
src/pages/game/PlanningDataPage.tsx(607,32): error TS2339: Property 'icon' does not exist on type 'HotTimeBuffItem'.
src/pages/game/PlanningDataPage.tsx(1663,67): error TS2551: Property 'worldBuffNamesKr' does not exist on type 'HotTimeBuffItem'. Did you mean 'worldBuffNames'?
src/pages/game/PlanningDataPage.tsx(1664,67): error TS2551: Property 'worldBuffNamesEn' does not exist on type 'HotTimeBuffItem'. Did you mean 'worldBuffNames'?
src/pages/game/PlanningDataPage.tsx(1665,67): error TS2551: Property 'worldBuffNamesCn' does not exist on type 'HotTimeBuffItem'. Did you mean 'worldBuffNames'?
src/pages/game/SurveysPage.tsx(576,50): error TS2345: Argument of type '[string]' is not assignable to parameter of type '[key: string | string[], options: TOptionsBase & $Dictionary & { defaultValue: never; }] | [key: string | string[], defaultValue: never, options?: TOptionsBase & $Dictionary] | [key: ...]'.
  Type '[string]' is not assignable to type '[key: never[], options?: TOptionsBase & $Dictionary]'.
    Type at position 0 in source is not compatible with type at position 0 in target.
      Type 'string' is not assignable to type 'never[]'.
src/pages/RemoteConfig/RemoteConfigDashboardNew.tsx(118,14): error TS2304: Cannot find name 'SettingsIcon'.
src/pages/RemoteConfig/RemoteConfigDashboardNew.tsx(265,11): error TS2769: No overload matches this call.
  Overload 1 of 2, '(props: { component: ElementType<any, keyof IntrinsicElements>; } & ChipOwnProps & ChipSlotsAndSlotProps & CommonProps & Omit<...>): Element', gave the following error.
    Type 'string | $SpecialObject | TFunctionDetailedResult<string | $SpecialObject, any>' is not assignable to type 'ReactNode'.
      Type 'object' is not assignable to type 'ReactNode'.
  Overload 2 of 2, '(props: DefaultComponentProps<ChipTypeMap<{}, "div">>): Element', gave the following error.
    Type 'string | $SpecialObject | TFunctionDetailedResult<string | $SpecialObject, any>' is not assignable to type 'ReactNode'.
      Type 'object' is not assignable to type 'ReactNode'.
src/pages/RemoteConfig/RemoteConfigDashboardNew.tsx(324,27): error TS2304: Cannot find name 'ImportIcon'.
src/pages/RemoteConfig/RemoteConfigDashboardNew.tsx(331,27): error TS2304: Cannot find name 'ExportIcon'.
src/pages/RemoteConfig/RemoteConfigDashboardNew.tsx(453,11): error TS2769: No overload matches this call.
  Overload 1 of 2, '(props: { component: ElementType<any, keyof IntrinsicElements>; } & ChipOwnProps & ChipSlotsAndSlotProps & CommonProps & Omit<...>): Element', gave the following error.
    Type 'string | $SpecialObject | TFunctionDetailedResult<string | $SpecialObject, any>' is not assignable to type 'ReactNode'.
      Type 'object' is not assignable to type 'ReactNode'.
  Overload 2 of 2, '(props: DefaultComponentProps<ChipTypeMap<{}, "div">>): Element', gave the following error.
    Type 'string | $SpecialObject | TFunctionDetailedResult<string | $SpecialObject, any>' is not assignable to type 'ReactNode'.
      Type 'object' is not assignable to type 'ReactNode'.
src/pages/RemoteConfig/RemoteConfigDashboardNew.tsx(499,18): error TS2304: Cannot find name 'HistoryIcon'.
src/pages/RemoteConfig/RemoteConfigParametersPage.tsx(498,12): error TS2769: No overload matches this call.
  Overload 1 of 2, '(props: { component: ElementType<any, keyof IntrinsicElements>; } & GridBaseProps & { sx?: SxProps<Theme>; } & SystemProps<Theme> & Omit<...>): Element', gave the following error.
    Property 'component' is missing in type '{ children: Element; item: true; }' but required in type '{ component: ElementType<any, keyof IntrinsicElements>; }'.
  Overload 2 of 2, '(props: DefaultComponentProps<GridTypeMap<{}, "div">>): Element', gave the following error.
    Type '{ children: Element; item: true; }' is not assignable to type 'IntrinsicAttributes & GridBaseProps & { sx?: SxProps<Theme>; } & SystemProps<Theme> & Omit<Omit<DetailedHTMLProps<HTMLAttributes<HTMLDivElement>, HTMLDivElement>, "ref"> & { ...; }, "sx" | ... 1 more ... | keyof GridBaseProps>'.
      Property 'item' does not exist on type 'IntrinsicAttributes & GridBaseProps & { sx?: SxProps<Theme>; } & SystemProps<Theme> & Omit<Omit<DetailedHTMLProps<HTMLAttributes<HTMLDivElement>, HTMLDivElement>, "ref"> & { ...; }, "sx" | ... 1 more ... | keyof GridBaseProps>'.
src/pages/RemoteConfig/RemoteConfigParametersPage.tsx(513,12): error TS2769: No overload matches this call.
  Overload 1 of 2, '(props: { component: ElementType<any, keyof IntrinsicElements>; } & GridBaseProps & { sx?: SxProps<Theme>; } & SystemProps<Theme> & Omit<...>): Element', gave the following error.
    Property 'component' is missing in type '{ children: Element; item: true; }' but required in type '{ component: ElementType<any, keyof IntrinsicElements>; }'.
  Overload 2 of 2, '(props: DefaultComponentProps<GridTypeMap<{}, "div">>): Element', gave the following error.
    Type '{ children: Element; item: true; }' is not assignable to type 'IntrinsicAttributes & GridBaseProps & { sx?: SxProps<Theme>; } & SystemProps<Theme> & Omit<Omit<DetailedHTMLProps<HTMLAttributes<HTMLDivElement>, HTMLDivElement>, "ref"> & { ...; }, "sx" | ... 1 more ... | keyof GridBaseProps>'.
      Property 'item' does not exist on type 'IntrinsicAttributes & GridBaseProps & { sx?: SxProps<Theme>; } & SystemProps<Theme> & Omit<Omit<DetailedHTMLProps<HTMLAttributes<HTMLDivElement>, HTMLDivElement>, "ref"> & { ...; }, "sx" | ... 1 more ... | keyof GridBaseProps>'.
src/pages/RemoteConfig/RemoteConfigParametersPage.tsx(567,19): error TS2304: Cannot find name 'useMemo'.
src/pages/RemoteConfig/RemoteConfigParametersPage.tsx(1118,19): error TS2304: Cannot find name 'useMemo'.
src/pages/RemoteConfig/RemoteConfigParametersPage.tsx(1625,19): error TS2304: Cannot find name 'useMemo'.
src/pages/RemoteConfig/RemoteConfigParametersPage.tsx(2050,19): error TS2304: Cannot find name 'useMemo'.
src/pages/RemoteConfig/RemoteConfigParametersPage.tsx(2519,19): error TS2304: Cannot find name 'useMemo'.
src/pages/settings/SystemSettingsPage.tsx(212,63): error TS2322: Type 'string | number' is not assignable to type 'number'.
  Type 'string' is not assignable to type 'number'.
src/pages/settings/SystemSettingsPage.tsx(221,63): error TS2322: Type 'string | number' is not assignable to type 'number'.
  Type 'string' is not assignable to type 'number'.
src/pages/user/ProfilePage.tsx(419,39): error TS2345: Argument of type '"*"' is not assignable to parameter of type 'Permission'.
src/services/auditLogService.ts(67,7): error TS2739: Type '{ success: boolean; data: AuditLogListResponse; }' is missing the following properties from type 'AuditLogListResponse': logs, total, page, limit
src/services/chatService.ts(27,5): error TS2322: Type 'undefined[] | { data: Channel[]; pagination: any; }' is not assignable to type 'Channel[]'.
  Type '{ data: Channel[]; pagination: any; }' is missing the following properties from type 'Channel[]': length, pop, push, concat, and 29 more.
src/services/chatService.ts(93,39): error TS2339: Property 'pagination' does not exist on type 'ApiResponse<any>'.
src/services/chatService.ts(94,14): error TS2339: Property 'pagination' does not exist on type 'ApiResponse<any>'.
src/services/chatService.ts(96,42): error TS2339: Property 'pagination' does not exist on type 'ApiResponse<any>'.
src/services/chatService.ts(97,14): error TS2339: Property 'pagination' does not exist on type 'ApiResponse<any>'.
src/services/chatService.ts(98,16): error TS2339: Property 'pagination' does not exist on type 'ApiResponse<any>'.
src/services/chatService.ts(333,7): error TS2322: Type 'undefined[] | { success: boolean; data: User[]; }' is not assignable to type 'User[]'.
  Type '{ success: boolean; data: User[]; }' is missing the following properties from type 'User[]': length, pop, push, concat, and 29 more.
src/services/chatService.ts(459,37): error TS2339: Property 'pagination' does not exist on type 'ApiResponse<any>'.
src/services/chatService.ts(459,67): error TS2339: Property 'pagination' does not exist on type 'ApiResponse<any>'.
src/services/chatService.ts(460,18): error TS2339: Property 'pagination' does not exist on type 'ApiResponse<any>'.
src/services/clientVersionService.ts(93,7): error TS2739: Type 'ApiResponse<ClientVersionListResponse>' is missing the following properties from type 'ClientVersionListResponse': clientVersions, total, page, limit, totalPages
src/services/clientVersionService.ts(94,26): error TS2339: Property 'clientVersions' does not exist on type 'ApiResponse<ApiResponse<ClientVersionListResponse>>'.
src/services/clientVersionService.ts(96,7): error TS2739: Type 'ApiResponse<ApiResponse<ClientVersionListResponse>>' is missing the following properties from type 'ClientVersionListResponse': clientVersions, total, page, limit, totalPages
src/services/clientVersionService.ts(119,7): error TS2740: Type 'ApiResponse<ClientVersion>' is missing the following properties from type 'ClientVersion': id, platform, clientVersion, clientStatus, and 7 more.
src/services/clientVersionService.ts(197,7): error TS2740: Type 'ApiResponse<ClientVersion[]>' is missing the following properties from type 'ClientVersion[]': length, pop, push, concat, and 29 more.
src/services/clientVersionService.ts(250,38): error TS2339: Property 'changeRequestId' does not exist on type 'ApiResponse<{ changeRequestId?: string; status?: string; }>'.
src/services/clientVersionService.ts(253,30): error TS2339: Property 'changeRequestId' does not exist on type 'ApiResponse<{ changeRequestId?: string; status?: string; }>'.
src/services/clientVersionService.ts(270,7): error TS2741: Property 'updatedCount' is missing in type 'ApiResponse<{ updatedCount: number; message: string; }>' but required in type '{ updatedCount: number; message: string; }'.
src/services/ipWhitelistService.ts(103,7): error TS2739: Type '{ success: boolean; data: IpWhitelistListResponse; }' is missing the following properties from type 'IpWhitelistListResponse': ipWhitelists, total, page, limit, totalPages
src/services/ipWhitelistService.ts(121,7): error TS2740: Type '{ success: boolean; data: IpWhitelist; }' is missing the following properties from type 'IpWhitelist': id, ipAddress, purpose, isEnabled, and 3 more.
src/services/ipWhitelistService.ts(131,7): error TS2740: Type '{ success: boolean; data: IpWhitelist; }' is missing the following properties from type 'IpWhitelist': id, ipAddress, purpose, isEnabled, and 3 more.
src/services/ipWhitelistService.ts(141,7): error TS2740: Type '{ success: boolean; data: IpWhitelist; }' is missing the following properties from type 'IpWhitelist': id, ipAddress, purpose, isEnabled, and 3 more.
src/services/ipWhitelistService.ts(159,7): error TS2740: Type '{ success: boolean; data: IpWhitelist; }' is missing the following properties from type 'IpWhitelist': id, ipAddress, purpose, isEnabled, and 3 more.
src/services/ipWhitelistService.ts(173,7): error TS2739: Type '{ success: boolean; data: BulkCreateResponse; message: string; }' is missing the following properties from type 'BulkCreateResponse': requestedCount, createdCount
src/services/ipWhitelistService.ts(184,7): error TS2739: Type '{ success: boolean; data: IpCheckResponse; }' is missing the following properties from type 'IpCheckResponse': ipAddress, isWhitelisted
src/services/linkPreviewService.ts(1,10): error TS2614: Module '"./api"' has no exported member 'apiClient'. Did you mean to use 'import apiClient from "./api"' instead?
src/services/mailService.ts(57,5): error TS2741: Property 'pagination' is missing in type 'ApiResponse<Mail[]>' but required in type 'MailListResponse'.
src/services/mailService.ts(65,5): error TS2741: Property 'pagination' is missing in type 'ApiResponse<Mail[]>' but required in type 'MailListResponse'.
src/services/mailService.ts(72,5): error TS2322: Type 'ApiResponse<Mail>' is not assignable to type 'MailResponse'.
  Property 'data' is optional in type 'ApiResponse<Mail>' but required in type 'MailResponse'.
src/services/mailService.ts(79,11): error TS2741: Property 'count' is missing in type 'ApiResponse<any>' but required in type 'UnreadCountResponse'.
src/services/mailService.ts(87,11): error TS2322: Type 'ApiResponse<MailStats>' is not assignable to type 'MailStatsResponse'.
  Property 'data' is optional in type 'ApiResponse<MailStats>' but required in type 'MailStatsResponse'.
src/services/mailService.ts(95,5): error TS2322: Type 'ApiResponse<Mail>' is not assignable to type 'MailResponse'.
  Property 'data' is optional in type 'ApiResponse<Mail>' but required in type 'MailResponse'.
src/services/whitelistService.ts(110,7): error TS2739: Type '{ success: boolean; data: WhitelistListResponse; }' is missing the following properties from type 'WhitelistListResponse': whitelists, total, page, limit, totalPages
src/services/whitelistService.ts(128,46): error TS2339: Property 'whitelist' does not exist on type '{ success: boolean; data: { whitelist: Whitelist; }; }'.
src/services/whitelistService.ts(129,28): error TS2339: Property 'whitelist' does not exist on type '{ success: boolean; data: { whitelist: Whitelist; }; }'.
src/services/whitelistService.ts(130,26): error TS2339: Property 'whitelist' does not exist on type 'ApiResponse<{ success: boolean; data: { whitelist: Whitelist; }; }>'.
src/services/whitelistService.ts(131,23): error TS2339: Property 'whitelist' does not exist on type 'ApiResponse<{ success: boolean; data: { whitelist: Whitelist; }; }>'.
src/services/whitelistService.ts(146,46): error TS2339: Property 'whitelist' does not exist on type '{ success: boolean; data: { whitelist: Whitelist; }; }'.
src/services/whitelistService.ts(147,28): error TS2339: Property 'whitelist' does not exist on type '{ success: boolean; data: { whitelist: Whitelist; }; }'.
src/services/whitelistService.ts(148,26): error TS2339: Property 'whitelist' does not exist on type 'ApiResponse<{ success: boolean; data: { whitelist: Whitelist; }; }>'.
src/services/whitelistService.ts(151,23): error TS2339: Property 'whitelist' does not exist on type 'ApiResponse<{ success: boolean; data: { whitelist: Whitelist; }; }>'.
src/services/whitelistService.ts(164,46): error TS2339: Property 'whitelist' does not exist on type '{ success: boolean; data: { whitelist: Whitelist; }; }'.
src/services/whitelistService.ts(165,28): error TS2339: Property 'whitelist' does not exist on type '{ success: boolean; data: { whitelist: Whitelist; }; }'.
src/services/whitelistService.ts(166,26): error TS2339: Property 'whitelist' does not exist on type 'ApiResponse<{ success: boolean; data: { whitelist: Whitelist; }; }>'.
src/services/whitelistService.ts(168,23): error TS2339: Property 'whitelist' does not exist on type 'ApiResponse<{ success: boolean; data: { whitelist: Whitelist; }; }>'.
src/services/whitelistService.ts(183,7): error TS2740: Type '{ success: boolean; data: Whitelist; }' is missing the following properties from type 'Whitelist': id, accountId, isEnabled, createdBy, and 2 more.
src/services/whitelistService.ts(194,7): error TS2739: Type '{ success: boolean; data: { createdCount: number; requestedCount: number; }; }' is missing the following properties from type '{ createdCount: number; requestedCount: number; }': createdCount, requestedCount
src/services/whitelistService.ts(205,7): error TS2739: Type '{ success: boolean; data: WhitelistTestResult; }' is missing the following properties from type 'WhitelistTestResult': isAllowed, matchedRules
src/test/setup.ts(15,1): error TS2322: Type 'typeof IntersectionObserver' is not assignable to type '{ new (callback: IntersectionObserverCallback, options?: IntersectionObserverInit): IntersectionObserver; prototype: IntersectionObserver; }'.
  Types of property 'prototype' are incompatible.
    Type 'IntersectionObserver' is missing the following properties from type 'IntersectionObserver': root, rootMargin, thresholds, takeRecords
src/utils/linkPreview.ts(28,9): error TS2741: Property 'url' is missing in type '{ success: boolean; data: LinkPreview; }' but required in type 'LinkPreview'.
src/utils/linkPreview.ts(32,7): error TS2741: Property 'url' is missing in type '{ success: boolean; data: LinkPreview; }' but required in type 'LinkPreview'.
src/utils/linkPreview.ts(136,23): error TS2339: Property 'forEach' does not exist on type '{ success: boolean; data: { url: string; success: boolean; data: LinkPreview; }[]; }'.
node.exe : error Command failed with exit code 1.
위치 C:\Users\jhseo\AppData\Roaming\npm\yarn.ps1:24 문자:5
+     & "node$exe"  "$basedir/node_modules/yarn/bin/yarn.js" $arg
s
+     ~~~~~~~~~~~~~~~~~~~~~~~~~~~~~~~~~~~~~~~~~~~~~~~~~~~~~~~~~~~
~
    + CategoryInfo          : NotSpecified: (error Command faile 
   d with exit code 1.:String) [], RemoteException
    + FullyQualifiedErrorId : NativeCommandError
 
info Visit https://yarnpkg.com/en/docs/cli/run for documentation about this command.
error Command failed.
Exit code: 1
Command: C:\nvm4w\nodejs\node.exe
Arguments: C:\Users\jhseo\AppData\Roaming\npm\node_modules\yarn\l
ib\cli.js typecheck
Directory: C:\work\uwo\gatrix\packages\frontend
Output:

info Visit https://yarnpkg.com/en/docs/cli/workspace for documentation about this command.
