yarn run v1.22.22
$ tsc --noEmit
src/controllers/ClientController.ts(157,39): error TS2345: Argument of type 'SDKRequest' is not assignable to parameter of type 'Request<ParamsDictionary, any, any, ParsedQs, Record<string, any>>'.
  Types of property 'environment' are incompatible.
    Type 'Environment | undefined' is not assignable to type 'string | undefined'.
      Type 'Environment' is not assignable to type 'string'.
src/controllers/EnvironmentController.ts(105,9): error TS2322: Type 'Environment' is not assignable to type 'string'.
src/controllers/EnvironmentController.ts(105,9): error TS2448: Block-scoped variable 'environment' used before its declaration.
src/controllers/EnvironmentController.ts(105,9): error TS2454: Variable 'environment' is used before being assigned.
src/controllers/EnvironmentController.ts(314,13): error TS7022: 'environment' implicitly has type 'any' because it does not have a type annotation and is referenced directly or indirectly in its own initializer.
src/controllers/EnvironmentController.ts(314,27): error TS2448: Block-scoped variable 'environment' used before its declaration.
src/controllers/MaintenanceController.ts(35,47): error TS2345: Argument of type 'Environment | undefined' is not assignable to parameter of type 'string | undefined'.
  Type 'Environment' is not assignable to type 'string'.
src/controllers/MaintenanceController.ts(36,61): error TS2345: Argument of type 'Environment | undefined' is not assignable to parameter of type 'string | undefined'.
  Type 'Environment' is not assignable to type 'string'.
src/controllers/RemoteConfigTemplateController.ts(89,62): error TS2345: Argument of type 'Environment | undefined' is not assignable to parameter of type 'MaybeCompositeId'.
  Type 'undefined' is not assignable to type 'MaybeCompositeId'.
src/controllers/RemoteConfigTemplateController.ts(89,62): error TS2448: Block-scoped variable 'environment' used before its declaration.
src/controllers/RemoteConfigTemplateController.ts(98,9): error TS2322: Type 'Environment' is not assignable to type 'string'.
src/controllers/RemoteConfigTemplateController.ts(112,11): error TS2322: Type 'Environment' is not assignable to type 'string'.
src/controllers/RemoteConfigTemplateController.ts(187,33): error TS2339: Property 'requiresApproval' does not exist on type 'string'.
src/controllers/RemoteConfigTemplateController.ts(204,48): error TS2339: Property 'environment' does not exist on type 'string'.
src/middleware/apiTokenAuth.ts(22,18): error TS2430: Interface 'SDKRequest' incorrectly extends interface 'Request<ParamsDictionary, any, any, ParsedQs, Record<string, any>>'.
  Types of property 'environment' are incompatible.
    Type 'Environment | undefined' is not assignable to type 'string | undefined'.
      Type 'Environment' is not assignable to type 'string'.
src/middleware/apiTokenAuth.ts(25,3): error TS2300: Duplicate identifier 'environment'.
src/middleware/apiTokenAuth.ts(26,3): error TS2300: Duplicate identifier 'environment'.
src/middleware/apiTokenAuth.ts(26,3): error TS2717: Subsequent property declarations must have the same type.  Property 'environment' must be of type 'Environment | undefined', but here has type 'string | undefined'.
src/middleware/apiTokenAuth.ts(249,9): error TS2451: Cannot redeclare block-scoped variable 'environment'.
src/middleware/apiTokenAuth.ts(308,9): error TS2451: Cannot redeclare block-scoped variable 'environment'.
src/middleware/apiTokenAuth.ts(326,7): error TS2322: Type 'Environment' is not assignable to type 'string'.
src/middleware/apiTokenAuth.ts(333,23): error TS2339: Property 'id' does not exist on type 'string'.
src/middleware/apiTokenAuth.ts(334,55): error TS2339: Property 'id' does not exist on type 'string'.
src/middleware/apiTokenAuth.ts(340,31): error TS2339: Property 'id' does not exist on type 'string'.
src/middleware/apiTokenAuth.ts(341,5): error TS2322: Type 'string' is not assignable to type 'Environment'.
src/middleware/apiTokenAuth.ts(377,13): error TS1117: An object literal cannot have multiple properties with the same name.
src/middleware/apiTokenAuth.ts(377,38): error TS2339: Property 'environment' does not exist on type 'string'.
src/middleware/environmentMiddleware.ts(27,7): error TS2300: Duplicate identifier 'environment'.
src/middleware/environmentMiddleware.ts(28,7): error TS2300: Duplicate identifier 'environment'.
src/middleware/environmentMiddleware.ts(50,11): error TS2451: Cannot redeclare block-scoped variable 'environment'.
src/middleware/environmentMiddleware.ts(64,11): error TS2451: Cannot redeclare block-scoped variable 'environment'.
src/middleware/environmentMiddleware.ts(70,37): error TS2339: Property 'environment' does not exist on type 'string'.
src/middleware/environmentMiddleware.ts(74,35): error TS2345: Argument of type 'string | undefined' is not assignable to parameter of type 'string'.
  Type 'undefined' is not assignable to type 'string'.
src/middleware/environmentMiddleware.ts(94,13): error TS2451: Cannot redeclare block-scoped variable 'environment'.
src/middleware/environmentMiddleware.ts(96,13): error TS2451: Cannot redeclare block-scoped variable 'environment'.
src/middleware/environmentMiddleware.ts(101,62): error TS2339: Property 'environmentType' does not exist on type 'string'.
src/middleware/environmentMiddleware.ts(104,69): error TS2339: Property 'environmentType' does not exist on type 'string'.
src/middleware/environmentMiddleware.ts(130,11): error TS2451: Cannot redeclare block-scoped variable 'environment'.
src/middleware/environmentMiddleware.ts(132,11): error TS2451: Cannot redeclare block-scoped variable 'environment'.
src/middleware/environmentMiddleware.ts(137,22): error TS2339: Property 'environmentType' does not exist on type 'string'.
src/middleware/environmentMiddleware.ts(139,23): error TS2339: Property 'requiresApproval' does not exist on type 'string'.
src/middleware/environmentResolver.ts(12,3): error TS2300: Duplicate identifier 'environment'.
src/middleware/environmentResolver.ts(13,3): error TS2300: Duplicate identifier 'environment'.
src/middleware/environmentResolver.ts(13,3): error TS2717: Subsequent property declarations must have the same type.  Property 'environment' must be of type 'Environment | undefined', but here has type 'string | undefined'.
src/middleware/environmentResolver.ts(58,5): error TS2322: Type 'string' is not assignable to type 'Environment'.
src/models/RemoteConfigChangeRequest.ts(27,14): error TS2420: Class 'RemoteConfigChangeRequest' incorrectly implements interface 'RemoteConfigChangeRequestData'.
  Property 'environment' is optional in type 'RemoteConfigChangeRequest' but required in type 'RemoteConfigChangeRequestData'.
src/models/RemoteConfigChangeRequest.ts(32,3): error TS2687: All declarations of 'environment' must have identical modifiers.
src/models/RemoteConfigChangeRequest.ts(47,3): error TS2300: Duplicate identifier 'environment'.
src/models/RemoteConfigChangeRequest.ts(47,3): error TS2564: Property 'environment' has no initializer and is not definitely assigned in the constructor.
src/models/RemoteConfigChangeRequest.ts(47,3): error TS2687: All declarations of 'environment' must have identical modifiers.
src/models/RemoteConfigChangeRequest.ts(47,3): error TS2717: Subsequent property declarations must have the same type.  Property 'environment' must be of type 'string', but here has type 'Environment | undefined'.
src/models/RemoteConfigSegment.ts(30,14): error TS2420: Class 'RemoteConfigSegment' incorrectly implements interface 'RemoteConfigSegmentData'.
  Property 'environment' is optional in type 'RemoteConfigSegment' but required in type 'RemoteConfigSegmentData'.
src/models/RemoteConfigSegment.ts(34,3): error TS2687: All declarations of 'environment' must have identical modifiers.
src/models/RemoteConfigSegment.ts(46,3): error TS2300: Duplicate identifier 'environment'.
src/models/RemoteConfigSegment.ts(46,3): error TS2564: Property 'environment' has no initializer and is not definitely assigned in the constructor.
src/models/RemoteConfigSegment.ts(46,3): error TS2687: All declarations of 'environment' must have identical modifiers.
src/models/RemoteConfigSegment.ts(46,3): error TS2717: Subsequent property declarations must have the same type.  Property 'environment' must be of type 'string', but here has type 'Environment | undefined'.
src/models/RemoteConfigTemplate.ts(43,14): error TS2420: Class 'RemoteConfigTemplate' incorrectly implements interface 'RemoteConfigTemplateData'.
  Property 'environment' is optional in type 'RemoteConfigTemplate' but required in type 'RemoteConfigTemplateData'.
src/models/RemoteConfigTemplate.ts(47,3): error TS2687: All declarations of 'environment' must have identical modifiers.
src/models/RemoteConfigTemplate.ts(65,3): error TS2300: Duplicate identifier 'environment'.
src/models/RemoteConfigTemplate.ts(65,3): error TS2564: Property 'environment' has no initializer and is not definitely assigned in the constructor.
src/models/RemoteConfigTemplate.ts(65,3): error TS2687: All declarations of 'environment' must have identical modifiers.
src/models/RemoteConfigTemplate.ts(65,3): error TS2717: Subsequent property declarations must have the same type.  Property 'environment' must be of type 'string', but here has type 'Environment | undefined'.
src/routes/client/client.ts(371,31): error TS2769: No overload matches this call.
  The last overload gave the following error.
    Argument of type '((req: SDKRequest, res: Response<any, Record<string, any>>, next: NextFunction) => void)[]' is not assignable to parameter of type 'RequestHandlerParams<ParamsDictionary, any, any, ParsedQs, Record<string, any>>'.
      Type '((req: SDKRequest, res: Response<any, Record<string, any>>, next: NextFunction) => void)[]' is not assignable to type '(ErrorRequestHandler<ParamsDictionary, any, any, ParsedQs, Record<string, any>> | RequestHandler<ParamsDictionary, any, any, ParsedQs, Record<...>>)[]'.
        Type '(req: SDKRequest, res: Response, next: NextFunction) => void' is not assignable to type 'ErrorRequestHandler<ParamsDictionary, any, any, ParsedQs, Record<string, any>> | RequestHandler<ParamsDictionary, any, any, ParsedQs, Record<...>>'.
          Type '(req: SDKRequest, res: Response, next: NextFunction) => void' is not assignable to type 'ErrorRequestHandler<ParamsDictionary, any, any, ParsedQs, Record<string, any>>'.
            Types of parameters 'res' and 'req' are incompatible.
              Type 'Request<ParamsDictionary, any, any, ParsedQs, Record<string, any>>' is missing the following properties from type 'Response<any, Record<string, any>>': status, sendStatus, links, send, and 60 more.
src/routes/client/client.ts(373,28): error TS2769: No overload matches this call.
  The last overload gave the following error.
    Argument of type '((req: SDKRequest, res: Response<any, Record<string, any>>, next: NextFunction) => void)[]' is not assignable to parameter of type 'RequestHandlerParams<ParamsDictionary, any, any, ParsedQs, Record<string, any>>'.
      Type '((req: SDKRequest, res: Response<any, Record<string, any>>, next: NextFunction) => void)[]' is not assignable to type '(ErrorRequestHandler<ParamsDictionary, any, any, ParsedQs, Record<string, any>> | RequestHandler<ParamsDictionary, any, any, ParsedQs, Record<...>>)[]'.
        Type '(req: SDKRequest, res: Response, next: NextFunction) => void' is not assignable to type 'ErrorRequestHandler<ParamsDictionary, any, any, ParsedQs, Record<string, any>> | RequestHandler<ParamsDictionary, any, any, ParsedQs, Record<...>>'.
          Type '(req: SDKRequest, res: Response, next: NextFunction) => void' is not assignable to type 'ErrorRequestHandler<ParamsDictionary, any, any, ParsedQs, Record<string, any>>'.
            Types of parameters 'res' and 'req' are incompatible.
              Type 'Request<ParamsDictionary, any, any, ParsedQs, Record<string, any>>' is missing the following properties from type 'Response<any, Record<string, any>>': status, sendStatus, links, send, and 60 more.
src/routes/client/client.ts(375,28): error TS2769: No overload matches this call.
  The last overload gave the following error.
    Argument of type '((req: SDKRequest, res: Response<any, Record<string, any>>, next: NextFunction) => void)[]' is not assignable to parameter of type 'RequestHandlerParams<ParamsDictionary, any, any, ParsedQs, Record<string, any>>'.
      Type '((req: SDKRequest, res: Response<any, Record<string, any>>, next: NextFunction) => void)[]' is not assignable to type '(ErrorRequestHandler<ParamsDictionary, any, any, ParsedQs, Record<string, any>> | RequestHandler<ParamsDictionary, any, any, ParsedQs, Record<...>>)[]'.
        Type '(req: SDKRequest, res: Response, next: NextFunction) => void' is not assignable to type 'ErrorRequestHandler<ParamsDictionary, any, any, ParsedQs, Record<string, any>> | RequestHandler<ParamsDictionary, any, any, ParsedQs, Record<...>>'.
          Type '(req: SDKRequest, res: Response, next: NextFunction) => void' is not assignable to type 'ErrorRequestHandler<ParamsDictionary, any, any, ParsedQs, Record<string, any>>'.
            Types of parameters 'res' and 'req' are incompatible.
              Type 'Request<ParamsDictionary, any, any, ParsedQs, Record<string, any>>' is missing the following properties from type 'Response<any, Record<string, any>>': status, sendStatus, links, send, and 60 more.
src/routes/client/client.ts(377,34): error TS2769: No overload matches this call.
  The last overload gave the following error.
    Argument of type '((req: SDKRequest, res: Response<any, Record<string, any>>, next: NextFunction) => void)[]' is not assignable to parameter of type 'RequestHandlerParams<ParamsDictionary, any, any, ParsedQs, Record<string, any>>'.
      Type '((req: SDKRequest, res: Response<any, Record<string, any>>, next: NextFunction) => void)[]' is not assignable to type '(ErrorRequestHandler<ParamsDictionary, any, any, ParsedQs, Record<string, any>> | RequestHandler<ParamsDictionary, any, any, ParsedQs, Record<...>>)[]'.
        Type '(req: SDKRequest, res: Response, next: NextFunction) => void' is not assignable to type 'ErrorRequestHandler<ParamsDictionary, any, any, ParsedQs, Record<string, any>> | RequestHandler<ParamsDictionary, any, any, ParsedQs, Record<...>>'.
          Type '(req: SDKRequest, res: Response, next: NextFunction) => void' is not assignable to type 'ErrorRequestHandler<ParamsDictionary, any, any, ParsedQs, Record<string, any>>'.
            Types of parameters 'res' and 'req' are incompatible.
              Type 'Request<ParamsDictionary, any, any, ParsedQs, Record<string, any>>' is missing the following properties from type 'Response<any, Record<string, any>>': status, sendStatus, links, send, and 60 more.
src/routes/client/client.ts(394,21): error TS2769: No overload matches this call.
  The last overload gave the following error.
    Argument of type '((req: SDKRequest, res: Response<any, Record<string, any>>, next: NextFunction) => void)[]' is not assignable to parameter of type 'RequestHandlerParams<ParamsDictionary, any, any, ParsedQs, Record<string, any>>'.
      Type '((req: SDKRequest, res: Response<any, Record<string, any>>, next: NextFunction) => void)[]' is not assignable to type '(ErrorRequestHandler<ParamsDictionary, any, any, ParsedQs, Record<string, any>> | RequestHandler<ParamsDictionary, any, any, ParsedQs, Record<...>>)[]'.
        Type '(req: SDKRequest, res: Response, next: NextFunction) => void' is not assignable to type 'ErrorRequestHandler<ParamsDictionary, any, any, ParsedQs, Record<string, any>> | RequestHandler<ParamsDictionary, any, any, ParsedQs, Record<...>>'.
          Type '(req: SDKRequest, res: Response, next: NextFunction) => void' is not assignable to type 'ErrorRequestHandler<ParamsDictionary, any, any, ParsedQs, Record<string, any>>'.
            Types of parameters 'res' and 'req' are incompatible.
              Type 'Request<ParamsDictionary, any, any, ParsedQs, Record<string, any>>' is missing the following properties from type 'Response<any, Record<string, any>>': status, sendStatus, links, send, and 60 more.
src/routes/client/client.ts(408,40): error TS2769: No overload matches this call.
  The last overload gave the following error.
    Argument of type '((req: SDKRequest, res: Response<any, Record<string, any>>, next: NextFunction) => void)[]' is not assignable to parameter of type 'RequestHandlerParams<ParamsDictionary, any, any, ParsedQs, Record<string, any>>'.
      Type '((req: SDKRequest, res: Response<any, Record<string, any>>, next: NextFunction) => void)[]' is not assignable to type '(ErrorRequestHandler<ParamsDictionary, any, any, ParsedQs, Record<string, any>> | RequestHandler<ParamsDictionary, any, any, ParsedQs, Record<...>>)[]'.
        Type '(req: SDKRequest, res: Response, next: NextFunction) => void' is not assignable to type 'ErrorRequestHandler<ParamsDictionary, any, any, ParsedQs, Record<string, any>> | RequestHandler<ParamsDictionary, any, any, ParsedQs, Record<...>>'.
          Type '(req: SDKRequest, res: Response, next: NextFunction) => void' is not assignable to type 'ErrorRequestHandler<ParamsDictionary, any, any, ParsedQs, Record<string, any>>'.
            Types of parameters 'res' and 'req' are incompatible.
              Type 'Request<ParamsDictionary, any, any, ParsedQs, Record<string, any>>' is missing the following properties from type 'Response<any, Record<string, any>>': status, sendStatus, links, send, and 60 more.
src/routes/client/client.ts(409,40): error TS2769: No overload matches this call.
  The last overload gave the following error.
    Argument of type '((req: SDKRequest, res: Response<any, Record<string, any>>, next: NextFunction) => void)[]' is not assignable to parameter of type 'RequestHandlerParams<ParamsDictionary, any, any, ParsedQs, Record<string, any>>'.
      Type '((req: SDKRequest, res: Response<any, Record<string, any>>, next: NextFunction) => void)[]' is not assignable to type '(ErrorRequestHandler<ParamsDictionary, any, any, ParsedQs, Record<string, any>> | RequestHandler<ParamsDictionary, any, any, ParsedQs, Record<...>>)[]'.
        Type '(req: SDKRequest, res: Response, next: NextFunction) => void' is not assignable to type 'ErrorRequestHandler<ParamsDictionary, any, any, ParsedQs, Record<string, any>> | RequestHandler<ParamsDictionary, any, any, ParsedQs, Record<...>>'.
          Type '(req: SDKRequest, res: Response, next: NextFunction) => void' is not assignable to type 'ErrorRequestHandler<ParamsDictionary, any, any, ParsedQs, Record<string, any>>'.
            Types of parameters 'res' and 'req' are incompatible.
              Type 'Request<ParamsDictionary, any, any, ParsedQs, Record<string, any>>' is missing the following properties from type 'Response<any, Record<string, any>>': status, sendStatus, links, send, and 60 more.
src/routes/client/client.ts(410,39): error TS2769: No overload matches this call.
  The last overload gave the following error.
    Argument of type '((req: SDKRequest, res: Response<any, Record<string, any>>, next: NextFunction) => void)[]' is not assignable to parameter of type 'RequestHandlerParams<ParamsDictionary, any, any, ParsedQs, Record<string, any>>'.
      Type '((req: SDKRequest, res: Response<any, Record<string, any>>, next: NextFunction) => void)[]' is not assignable to type '(ErrorRequestHandler<ParamsDictionary, any, any, ParsedQs, Record<string, any>> | RequestHandler<ParamsDictionary, any, any, ParsedQs, Record<...>>)[]'.
        Type '(req: SDKRequest, res: Response, next: NextFunction) => void' is not assignable to type 'ErrorRequestHandler<ParamsDictionary, any, any, ParsedQs, Record<string, any>> | RequestHandler<ParamsDictionary, any, any, ParsedQs, Record<...>>'.
          Type '(req: SDKRequest, res: Response, next: NextFunction) => void' is not assignable to type 'ErrorRequestHandler<ParamsDictionary, any, any, ParsedQs, Record<string, any>>'.
            Types of parameters 'res' and 'req' are incompatible.
              Type 'Request<ParamsDictionary, any, any, ParsedQs, Record<string, any>>' is missing the following properties from type 'Response<any, Record<string, any>>': status, sendStatus, links, send, and 60 more.
src/routes/client/client.ts(414,3): error TS2769: No overload matches this call.
  The last overload gave the following error.
    Argument of type '((req: SDKRequest, res: Response<any, Record<string, any>>, next: NextFunction) => void)[]' is not assignable to parameter of type 'RequestHandlerParams<ParamsDictionary, any, any, ParsedQs, Record<string, any>>'.
      Type '((req: SDKRequest, res: Response<any, Record<string, any>>, next: NextFunction) => void)[]' is not assignable to type '(ErrorRequestHandler<ParamsDictionary, any, any, ParsedQs, Record<string, any>> | RequestHandler<ParamsDictionary, any, any, ParsedQs, Record<...>>)[]'.
        Type '(req: SDKRequest, res: Response, next: NextFunction) => void' is not assignable to type 'ErrorRequestHandler<ParamsDictionary, any, any, ParsedQs, Record<string, any>> | RequestHandler<ParamsDictionary, any, any, ParsedQs, Record<...>>'.
          Type '(req: SDKRequest, res: Response, next: NextFunction) => void' is not assignable to type 'ErrorRequestHandler<ParamsDictionary, any, any, ParsedQs, Record<string, any>>'.
            Types of parameters 'res' and 'req' are incompatible.
              Type 'Request<ParamsDictionary, any, any, ParsedQs, Record<string, any>>' is missing the following properties from type 'Response<any, Record<string, any>>': status, sendStatus, links, send, and 60 more.
src/routes/client/client.ts(435,24): error TS2769: No overload matches this call.
  The last overload gave the following error.
    Argument of type '((req: SDKRequest, res: Response<any, Record<string, any>>, next: NextFunction) => void)[]' is not assignable to parameter of type 'RequestHandlerParams<ParamsDictionary, any, any, ParsedQs, Record<string, any>>'.
      Type '((req: SDKRequest, res: Response<any, Record<string, any>>, next: NextFunction) => void)[]' is not assignable to type '(ErrorRequestHandler<ParamsDictionary, any, any, ParsedQs, Record<string, any>> | RequestHandler<ParamsDictionary, any, any, ParsedQs, Record<...>>)[]'.
        Type '(req: SDKRequest, res: Response, next: NextFunction) => void' is not assignable to type 'ErrorRequestHandler<ParamsDictionary, any, any, ParsedQs, Record<string, any>> | RequestHandler<ParamsDictionary, any, any, ParsedQs, Record<...>>'.
          Type '(req: SDKRequest, res: Response, next: NextFunction) => void' is not assignable to type 'ErrorRequestHandler<ParamsDictionary, any, any, ParsedQs, Record<string, any>>'.
            Types of parameters 'res' and 'req' are incompatible.
              Type 'Request<ParamsDictionary, any, any, ParsedQs, Record<string, any>>' is missing the following properties from type 'Response<any, Record<string, any>>': status, sendStatus, links, send, and 60 more.
src/routes/client/client.ts(436,34): error TS2769: No overload matches this call.
  The last overload gave the following error.
    Argument of type '((req: SDKRequest, res: Response<any, Record<string, any>>, next: NextFunction) => void)[]' is not assignable to parameter of type 'RequestHandlerParams<ParamsDictionary, any, any, ParsedQs, Record<string, any>>'.
      Type '((req: SDKRequest, res: Response<any, Record<string, any>>, next: NextFunction) => void)[]' is not assignable to type '(ErrorRequestHandler<ParamsDictionary, any, any, ParsedQs, Record<string, any>> | RequestHandler<ParamsDictionary, any, any, ParsedQs, Record<...>>)[]'.
        Type '(req: SDKRequest, res: Response, next: NextFunction) => void' is not assignable to type 'ErrorRequestHandler<ParamsDictionary, any, any, ParsedQs, Record<string, any>> | RequestHandler<ParamsDictionary, any, any, ParsedQs, Record<...>>'.
          Type '(req: SDKRequest, res: Response, next: NextFunction) => void' is not assignable to type 'ErrorRequestHandler<ParamsDictionary, any, any, ParsedQs, Record<string, any>>'.
            Types of parameters 'res' and 'req' are incompatible.
              Type 'Request<ParamsDictionary, any, any, ParsedQs, Record<string, any>>' is missing the following properties from type 'Response<any, Record<string, any>>': status, sendStatus, links, send, and 60 more.
src/routes/client/index.ts(17,26): error TS2769: No overload matches this call.
  The last overload gave the following error.
    Argument of type '((req: SDKRequest, res: Response<any, Record<string, any>>, next: NextFunction) => void)[]' is not assignable to parameter of type 'RequestHandlerParams<ParamsDictionary, any, any, ParsedQs, Record<string, any>>'.
      Type '((req: SDKRequest, res: Response<any, Record<string, any>>, next: NextFunction) => void)[]' is not assignable to type '(ErrorRequestHandler<ParamsDictionary, any, any, ParsedQs, Record<string, any>> | RequestHandler<ParamsDictionary, any, any, ParsedQs, Record<...>>)[]'.
        Type '(req: SDKRequest, res: Response, next: NextFunction) => void' is not assignable to type 'ErrorRequestHandler<ParamsDictionary, any, any, ParsedQs, Record<string, any>> | RequestHandler<ParamsDictionary, any, any, ParsedQs, Record<...>>'.
          Type '(req: SDKRequest, res: Response, next: NextFunction) => void' is not assignable to type 'ErrorRequestHandler<ParamsDictionary, any, any, ParsedQs, Record<string, any>>'.
            Types of parameters 'res' and 'req' are incompatible.
              Type 'Request<ParamsDictionary, any, any, ParsedQs, Record<string, any>>' is missing the following properties from type 'Response<any, Record<string, any>>': status, sendStatus, links, send, and 60 more.
src/routes/client/index.ts(20,26): error TS2769: No overload matches this call.
  The last overload gave the following error.
    Argument of type '((req: SDKRequest, res: Response<any, Record<string, any>>, next: NextFunction) => void)[]' is not assignable to parameter of type 'RequestHandlerParams<ParamsDictionary, any, any, ParsedQs, Record<string, any>>'.
      Type '((req: SDKRequest, res: Response<any, Record<string, any>>, next: NextFunction) => void)[]' is not assignable to type '(ErrorRequestHandler<ParamsDictionary, any, any, ParsedQs, Record<string, any>> | RequestHandler<ParamsDictionary, any, any, ParsedQs, Record<...>>)[]'.
        Type '(req: SDKRequest, res: Response, next: NextFunction) => void' is not assignable to type 'ErrorRequestHandler<ParamsDictionary, any, any, ParsedQs, Record<string, any>> | RequestHandler<ParamsDictionary, any, any, ParsedQs, Record<...>>'.
          Type '(req: SDKRequest, res: Response, next: NextFunction) => void' is not assignable to type 'ErrorRequestHandler<ParamsDictionary, any, any, ParsedQs, Record<string, any>>'.
            Types of parameters 'res' and 'req' are incompatible.
              Type 'Request<ParamsDictionary, any, any, ParsedQs, Record<string, any>>' is missing the following properties from type 'Response<any, Record<string, any>>': status, sendStatus, links, send, and 60 more.
src/routes/client/index.ts(23,25): error TS2769: No overload matches this call.
  The last overload gave the following error.
    Argument of type '((req: SDKRequest, res: Response<any, Record<string, any>>, next: NextFunction) => void)[]' is not assignable to parameter of type 'RequestHandlerParams<ParamsDictionary, any, any, ParsedQs, Record<string, any>>'.
      Type '((req: SDKRequest, res: Response<any, Record<string, any>>, next: NextFunction) => void)[]' is not assignable to type '(ErrorRequestHandler<ParamsDictionary, any, any, ParsedQs, Record<string, any>> | RequestHandler<ParamsDictionary, any, any, ParsedQs, Record<...>>)[]'.
        Type '(req: SDKRequest, res: Response, next: NextFunction) => void' is not assignable to type 'ErrorRequestHandler<ParamsDictionary, any, any, ParsedQs, Record<string, any>> | RequestHandler<ParamsDictionary, any, any, ParsedQs, Record<...>>'.
          Type '(req: SDKRequest, res: Response, next: NextFunction) => void' is not assignable to type 'ErrorRequestHandler<ParamsDictionary, any, any, ParsedQs, Record<string, any>>'.
            Types of parameters 'res' and 'req' are incompatible.
              Type 'Request<ParamsDictionary, any, any, ParsedQs, Record<string, any>>' is missing the following properties from type 'Response<any, Record<string, any>>': status, sendStatus, links, send, and 60 more.
src/routes/server/index.ts(30,32): error TS2769: No overload matches this call.
  The last overload gave the following error.
    Argument of type '((req: SDKRequest, res: Response<any, Record<string, any>>, next: NextFunction) => void)[]' is not assignable to parameter of type 'RequestHandlerParams<ParamsDictionary, any, any, ParsedQs, Record<string, any>>'.
      Type '((req: SDKRequest, res: Response<any, Record<string, any>>, next: NextFunction) => void)[]' is not assignable to type '(ErrorRequestHandler<ParamsDictionary, any, any, ParsedQs, Record<string, any>> | RequestHandler<ParamsDictionary, any, any, ParsedQs, Record<...>>)[]'.
        Type '(req: SDKRequest, res: Response, next: NextFunction) => void' is not assignable to type 'ErrorRequestHandler<ParamsDictionary, any, any, ParsedQs, Record<string, any>> | RequestHandler<ParamsDictionary, any, any, ParsedQs, Record<...>>'.
          Type '(req: SDKRequest, res: Response, next: NextFunction) => void' is not assignable to type 'ErrorRequestHandler<ParamsDictionary, any, any, ParsedQs, Record<string, any>>'.
            Types of parameters 'res' and 'req' are incompatible.
              Type 'Request<ParamsDictionary, any, any, ParsedQs, Record<string, any>>' is missing the following properties from type 'Response<any, Record<string, any>>': status, sendStatus, links, send, and 60 more.
src/routes/server/index.ts(33,45): error TS2769: No overload matches this call.
  The last overload gave the following error.
    Argument of type '((req: SDKRequest, res: Response<any, Record<string, any>>, next: NextFunction) => void)[]' is not assignable to parameter of type 'RequestHandlerParams<ParamsDictionary, any, any, ParsedQs, Record<string, any>>'.
      Type '((req: SDKRequest, res: Response<any, Record<string, any>>, next: NextFunction) => void)[]' is not assignable to type '(ErrorRequestHandler<ParamsDictionary, any, any, ParsedQs, Record<string, any>> | RequestHandler<ParamsDictionary, any, any, ParsedQs, Record<...>>)[]'.
        Type '(req: SDKRequest, res: Response, next: NextFunction) => void' is not assignable to type 'ErrorRequestHandler<ParamsDictionary, any, any, ParsedQs, Record<string, any>> | RequestHandler<ParamsDictionary, any, any, ParsedQs, Record<...>>'.
          Type '(req: SDKRequest, res: Response, next: NextFunction) => void' is not assignable to type 'ErrorRequestHandler<ParamsDictionary, any, any, ParsedQs, Record<string, any>>'.
            Types of parameters 'res' and 'req' are incompatible.
              Type 'Request<ParamsDictionary, any, any, ParsedQs, Record<string, any>>' is missing the following properties from type 'Response<any, Record<string, any>>': status, sendStatus, links, send, and 60 more.
src/routes/server/index.ts(40,21): error TS2769: No overload matches this call.
  The last overload gave the following error.
    Argument of type '((req: SDKRequest, res: Response<any, Record<string, any>>, next: NextFunction) => void)[]' is not assignable to parameter of type 'RequestHandlerParams<ParamsDictionary, any, any, ParsedQs, Record<string, any>>'.
      Type '((req: SDKRequest, res: Response<any, Record<string, any>>, next: NextFunction) => void)[]' is not assignable to type '(ErrorRequestHandler<ParamsDictionary, any, any, ParsedQs, Record<string, any>> | RequestHandler<ParamsDictionary, any, any, ParsedQs, Record<...>>)[]'.
        Type '(req: SDKRequest, res: Response, next: NextFunction) => void' is not assignable to type 'ErrorRequestHandler<ParamsDictionary, any, any, ParsedQs, Record<string, any>> | RequestHandler<ParamsDictionary, any, any, ParsedQs, Record<...>>'.
          Type '(req: SDKRequest, res: Response, next: NextFunction) => void' is not assignable to type 'ErrorRequestHandler<ParamsDictionary, any, any, ParsedQs, Record<string, any>>'.
            Types of parameters 'res' and 'req' are incompatible.
              Type 'Request<ParamsDictionary, any, any, ParsedQs, Record<string, any>>' is missing the following properties from type 'Response<any, Record<string, any>>': status, sendStatus, links, send, and 60 more.
src/routes/server/index.ts(56,29): error TS2769: No overload matches this call.
  The last overload gave the following error.
    Argument of type '((req: SDKRequest, res: Response<any, Record<string, any>>, next: NextFunction) => void)[]' is not assignable to parameter of type 'RequestHandlerParams<ParamsDictionary, any, any, ParsedQs, Record<string, any>>'.
      Type '((req: SDKRequest, res: Response<any, Record<string, any>>, next: NextFunction) => void)[]' is not assignable to type '(ErrorRequestHandler<ParamsDictionary, any, any, ParsedQs, Record<string, any>> | RequestHandler<ParamsDictionary, any, any, ParsedQs, Record<...>>)[]'.
        Type '(req: SDKRequest, res: Response, next: NextFunction) => void' is not assignable to type 'ErrorRequestHandler<ParamsDictionary, any, any, ParsedQs, Record<string, any>> | RequestHandler<ParamsDictionary, any, any, ParsedQs, Record<...>>'.
          Type '(req: SDKRequest, res: Response, next: NextFunction) => void' is not assignable to type 'ErrorRequestHandler<ParamsDictionary, any, any, ParsedQs, Record<string, any>>'.
            Types of parameters 'res' and 'req' are incompatible.
              Type 'Request<ParamsDictionary, any, any, ParsedQs, Record<string, any>>' is missing the following properties from type 'Response<any, Record<string, any>>': status, sendStatus, links, send, and 60 more.
src/routes/server/index.ts(60,30): error TS2769: No overload matches this call.
  The last overload gave the following error.
    Argument of type '((req: SDKRequest, res: Response<any, Record<string, any>>, next: NextFunction) => void)[]' is not assignable to parameter of type 'RequestHandlerParams<ParamsDictionary, any, any, ParsedQs, Record<string, any>>'.
      Type '((req: SDKRequest, res: Response<any, Record<string, any>>, next: NextFunction) => void)[]' is not assignable to type '(ErrorRequestHandler<ParamsDictionary, any, any, ParsedQs, Record<string, any>> | RequestHandler<ParamsDictionary, any, any, ParsedQs, Record<...>>)[]'.
        Type '(req: SDKRequest, res: Response, next: NextFunction) => void' is not assignable to type 'ErrorRequestHandler<ParamsDictionary, any, any, ParsedQs, Record<string, any>> | RequestHandler<ParamsDictionary, any, any, ParsedQs, Record<...>>'.
          Type '(req: SDKRequest, res: Response, next: NextFunction) => void' is not assignable to type 'ErrorRequestHandler<ParamsDictionary, any, any, ParsedQs, Record<string, any>>'.
            Types of parameters 'res' and 'req' are incompatible.
              Type 'Request<ParamsDictionary, any, any, ParsedQs, Record<string, any>>' is missing the following properties from type 'Response<any, Record<string, any>>': status, sendStatus, links, send, and 60 more.
src/routes/server/index.ts(63,27): error TS2769: No overload matches this call.
  The last overload gave the following error.
    Argument of type '((req: SDKRequest, res: Response<any, Record<string, any>>, next: NextFunction) => void)[]' is not assignable to parameter of type 'RequestHandlerParams<ParamsDictionary, any, any, ParsedQs, Record<string, any>>'.
      Type '((req: SDKRequest, res: Response<any, Record<string, any>>, next: NextFunction) => void)[]' is not assignable to type '(ErrorRequestHandler<ParamsDictionary, any, any, ParsedQs, Record<string, any>> | RequestHandler<ParamsDictionary, any, any, ParsedQs, Record<...>>)[]'.
        Type '(req: SDKRequest, res: Response, next: NextFunction) => void' is not assignable to type 'ErrorRequestHandler<ParamsDictionary, any, any, ParsedQs, Record<string, any>> | RequestHandler<ParamsDictionary, any, any, ParsedQs, Record<...>>'.
          Type '(req: SDKRequest, res: Response, next: NextFunction) => void' is not assignable to type 'ErrorRequestHandler<ParamsDictionary, any, any, ParsedQs, Record<string, any>>'.
            Types of parameters 'res' and 'req' are incompatible.
              Type 'Request<ParamsDictionary, any, any, ParsedQs, Record<string, any>>' is missing the following properties from type 'Response<any, Record<string, any>>': status, sendStatus, links, send, and 60 more.
src/routes/server/index.ts(64,26): error TS2769: No overload matches this call.
  The last overload gave the following error.
    Argument of type '((req: SDKRequest, res: Response<any, Record<string, any>>, next: NextFunction) => void)[]' is not assignable to parameter of type 'RequestHandlerParams<ParamsDictionary, any, any, ParsedQs, Record<string, any>>'.
      Type '((req: SDKRequest, res: Response<any, Record<string, any>>, next: NextFunction) => void)[]' is not assignable to type '(ErrorRequestHandler<ParamsDictionary, any, any, ParsedQs, Record<string, any>> | RequestHandler<ParamsDictionary, any, any, ParsedQs, Record<...>>)[]'.
        Type '(req: SDKRequest, res: Response, next: NextFunction) => void' is not assignable to type 'ErrorRequestHandler<ParamsDictionary, any, any, ParsedQs, Record<string, any>> | RequestHandler<ParamsDictionary, any, any, ParsedQs, Record<...>>'.
          Type '(req: SDKRequest, res: Response, next: NextFunction) => void' is not assignable to type 'ErrorRequestHandler<ParamsDictionary, any, any, ParsedQs, Record<string, any>>'.
            Types of parameters 'res' and 'req' are incompatible.
              Type 'Request<ParamsDictionary, any, any, ParsedQs, Record<string, any>>' is missing the following properties from type 'Response<any, Record<string, any>>': status, sendStatus, links, send, and 60 more.
src/routes/server/index.ts(65,29): error TS2769: No overload matches this call.
  The last overload gave the following error.
    Argument of type '((req: SDKRequest, res: Response<any, Record<string, any>>, next: NextFunction) => void)[]' is not assignable to parameter of type 'RequestHandlerParams<ParamsDictionary, any, any, ParsedQs, Record<string, any>>'.
      Type '((req: SDKRequest, res: Response<any, Record<string, any>>, next: NextFunction) => void)[]' is not assignable to type '(ErrorRequestHandler<ParamsDictionary, any, any, ParsedQs, Record<string, any>> | RequestHandler<ParamsDictionary, any, any, ParsedQs, Record<...>>)[]'.
        Type '(req: SDKRequest, res: Response, next: NextFunction) => void' is not assignable to type 'ErrorRequestHandler<ParamsDictionary, any, any, ParsedQs, Record<string, any>> | RequestHandler<ParamsDictionary, any, any, ParsedQs, Record<...>>'.
          Type '(req: SDKRequest, res: Response, next: NextFunction) => void' is not assignable to type 'ErrorRequestHandler<ParamsDictionary, any, any, ParsedQs, Record<string, any>>'.
            Types of parameters 'res' and 'req' are incompatible.
              Type 'Request<ParamsDictionary, any, any, ParsedQs, Record<string, any>>' is missing the following properties from type 'Response<any, Record<string, any>>': status, sendStatus, links, send, and 60 more.
src/routes/server/index.ts(68,31): error TS2769: No overload matches this call.
  The last overload gave the following error.
    Argument of type '((req: SDKRequest, res: Response<any, Record<string, any>>, next: NextFunction) => void)[]' is not assignable to parameter of type 'RequestHandlerParams<ParamsDictionary, any, any, ParsedQs, Record<string, any>>'.
      Type '((req: SDKRequest, res: Response<any, Record<string, any>>, next: NextFunction) => void)[]' is not assignable to type '(ErrorRequestHandler<ParamsDictionary, any, any, ParsedQs, Record<string, any>> | RequestHandler<ParamsDictionary, any, any, ParsedQs, Record<...>>)[]'.
        Type '(req: SDKRequest, res: Response, next: NextFunction) => void' is not assignable to type 'ErrorRequestHandler<ParamsDictionary, any, any, ParsedQs, Record<string, any>> | RequestHandler<ParamsDictionary, any, any, ParsedQs, Record<...>>'.
          Type '(req: SDKRequest, res: Response, next: NextFunction) => void' is not assignable to type 'ErrorRequestHandler<ParamsDictionary, any, any, ParsedQs, Record<string, any>>'.
            Types of parameters 'res' and 'req' are incompatible.
              Type 'Request<ParamsDictionary, any, any, ParsedQs, Record<string, any>>' is missing the following properties from type 'Response<any, Record<string, any>>': status, sendStatus, links, send, and 60 more.
src/routes/server/index.ts(69,36): error TS2769: No overload matches this call.
  The last overload gave the following error.
    Argument of type '((req: SDKRequest, res: Response<any, Record<string, any>>, next: NextFunction) => void)[]' is not assignable to parameter of type 'RequestHandlerParams<ParamsDictionary, any, any, ParsedQs, Record<string, any>>'.
      Type '((req: SDKRequest, res: Response<any, Record<string, any>>, next: NextFunction) => void)[]' is not assignable to type '(ErrorRequestHandler<ParamsDictionary, any, any, ParsedQs, Record<string, any>> | RequestHandler<ParamsDictionary, any, any, ParsedQs, Record<...>>)[]'.
        Type '(req: SDKRequest, res: Response, next: NextFunction) => void' is not assignable to type 'ErrorRequestHandler<ParamsDictionary, any, any, ParsedQs, Record<string, any>> | RequestHandler<ParamsDictionary, any, any, ParsedQs, Record<...>>'.
          Type '(req: SDKRequest, res: Response, next: NextFunction) => void' is not assignable to type 'ErrorRequestHandler<ParamsDictionary, any, any, ParsedQs, Record<string, any>>'.
            Types of parameters 'res' and 'req' are incompatible.
              Type 'Request<ParamsDictionary, any, any, ParsedQs, Record<string, any>>' is missing the following properties from type 'Response<any, Record<string, any>>': status, sendStatus, links, send, and 60 more.
src/routes/server/index.ts(72,34): error TS2769: No overload matches this call.
  The last overload gave the following error.
    Argument of type '((req: SDKRequest, res: Response<any, Record<string, any>>, next: NextFunction) => void)[]' is not assignable to parameter of type 'RequestHandlerParams<ParamsDictionary, any, any, ParsedQs, Record<string, any>>'.
      Type '((req: SDKRequest, res: Response<any, Record<string, any>>, next: NextFunction) => void)[]' is not assignable to type '(ErrorRequestHandler<ParamsDictionary, any, any, ParsedQs, Record<string, any>> | RequestHandler<ParamsDictionary, any, any, ParsedQs, Record<...>>)[]'.
        Type '(req: SDKRequest, res: Response, next: NextFunction) => void' is not assignable to type 'ErrorRequestHandler<ParamsDictionary, any, any, ParsedQs, Record<string, any>> | RequestHandler<ParamsDictionary, any, any, ParsedQs, Record<...>>'.
          Type '(req: SDKRequest, res: Response, next: NextFunction) => void' is not assignable to type 'ErrorRequestHandler<ParamsDictionary, any, any, ParsedQs, Record<string, any>>'.
            Types of parameters 'res' and 'req' are incompatible.
              Type 'Request<ParamsDictionary, any, any, ParsedQs, Record<string, any>>' is missing the following properties from type 'Response<any, Record<string, any>>': status, sendStatus, links, send, and 60 more.
src/routes/server/index.ts(73,30): error TS2769: No overload matches this call.
  The last overload gave the following error.
    Argument of type '((req: SDKRequest, res: Response<any, Record<string, any>>, next: NextFunction) => void)[]' is not assignable to parameter of type 'RequestHandlerParams<ParamsDictionary, any, any, ParsedQs, Record<string, any>>'.
      Type '((req: SDKRequest, res: Response<any, Record<string, any>>, next: NextFunction) => void)[]' is not assignable to type '(ErrorRequestHandler<ParamsDictionary, any, any, ParsedQs, Record<string, any>> | RequestHandler<ParamsDictionary, any, any, ParsedQs, Record<...>>)[]'.
        Type '(req: SDKRequest, res: Response, next: NextFunction) => void' is not assignable to type 'ErrorRequestHandler<ParamsDictionary, any, any, ParsedQs, Record<string, any>> | RequestHandler<ParamsDictionary, any, any, ParsedQs, Record<...>>'.
          Type '(req: SDKRequest, res: Response, next: NextFunction) => void' is not assignable to type 'ErrorRequestHandler<ParamsDictionary, any, any, ParsedQs, Record<string, any>>'.
            Types of parameters 'res' and 'req' are incompatible.
              Type 'Request<ParamsDictionary, any, any, ParsedQs, Record<string, any>>' is missing the following properties from type 'Response<any, Record<string, any>>': status, sendStatus, links, send, and 60 more.
src/routes/server/index.ts(76,31): error TS2769: No overload matches this call.
  The last overload gave the following error.
    Argument of type '((req: SDKRequest, res: Response<any, Record<string, any>>, next: NextFunction) => void)[]' is not assignable to parameter of type 'RequestHandlerParams<ParamsDictionary, any, any, ParsedQs, Record<string, any>>'.
      Type '((req: SDKRequest, res: Response<any, Record<string, any>>, next: NextFunction) => void)[]' is not assignable to type '(ErrorRequestHandler<ParamsDictionary, any, any, ParsedQs, Record<string, any>> | RequestHandler<ParamsDictionary, any, any, ParsedQs, Record<...>>)[]'.
        Type '(req: SDKRequest, res: Response, next: NextFunction) => void' is not assignable to type 'ErrorRequestHandler<ParamsDictionary, any, any, ParsedQs, Record<string, any>> | RequestHandler<ParamsDictionary, any, any, ParsedQs, Record<...>>'.
          Type '(req: SDKRequest, res: Response, next: NextFunction) => void' is not assignable to type 'ErrorRequestHandler<ParamsDictionary, any, any, ParsedQs, Record<string, any>>'.
            Types of parameters 'res' and 'req' are incompatible.
              Type 'Request<ParamsDictionary, any, any, ParsedQs, Record<string, any>>' is missing the following properties from type 'Response<any, Record<string, any>>': status, sendStatus, links, send, and 60 more.
src/routes/server/index.ts(77,33): error TS2769: No overload matches this call.
  The last overload gave the following error.
    Argument of type '((req: SDKRequest, res: Response<any, Record<string, any>>, next: NextFunction) => void)[]' is not assignable to parameter of type 'RequestHandlerParams<ParamsDictionary, any, any, ParsedQs, Record<string, any>>'.
      Type '((req: SDKRequest, res: Response<any, Record<string, any>>, next: NextFunction) => void)[]' is not assignable to type '(ErrorRequestHandler<ParamsDictionary, any, any, ParsedQs, Record<string, any>> | RequestHandler<ParamsDictionary, any, any, ParsedQs, Record<...>>)[]'.
        Type '(req: SDKRequest, res: Response, next: NextFunction) => void' is not assignable to type 'ErrorRequestHandler<ParamsDictionary, any, any, ParsedQs, Record<string, any>> | RequestHandler<ParamsDictionary, any, any, ParsedQs, Record<...>>'.
          Type '(req: SDKRequest, res: Response, next: NextFunction) => void' is not assignable to type 'ErrorRequestHandler<ParamsDictionary, any, any, ParsedQs, Record<string, any>>'.
            Types of parameters 'res' and 'req' are incompatible.
              Type 'Request<ParamsDictionary, any, any, ParsedQs, Record<string, any>>' is missing the following properties from type 'Response<any, Record<string, any>>': status, sendStatus, links, send, and 60 more.
src/routes/server/index.ts(78,28): error TS2769: No overload matches this call.
  The last overload gave the following error.
    Argument of type '((req: SDKRequest, res: Response<any, Record<string, any>>, next: NextFunction) => void)[]' is not assignable to parameter of type 'RequestHandlerParams<ParamsDictionary, any, any, ParsedQs, Record<string, any>>'.
      Type '((req: SDKRequest, res: Response<any, Record<string, any>>, next: NextFunction) => void)[]' is not assignable to type '(ErrorRequestHandler<ParamsDictionary, any, any, ParsedQs, Record<string, any>> | RequestHandler<ParamsDictionary, any, any, ParsedQs, Record<...>>)[]'.
        Type '(req: SDKRequest, res: Response, next: NextFunction) => void' is not assignable to type 'ErrorRequestHandler<ParamsDictionary, any, any, ParsedQs, Record<string, any>> | RequestHandler<ParamsDictionary, any, any, ParsedQs, Record<...>>'.
          Type '(req: SDKRequest, res: Response, next: NextFunction) => void' is not assignable to type 'ErrorRequestHandler<ParamsDictionary, any, any, ParsedQs, Record<string, any>>'.
            Types of parameters 'res' and 'req' are incompatible.
              Type 'Request<ParamsDictionary, any, any, ParsedQs, Record<string, any>>' is missing the following properties from type 'Response<any, Record<string, any>>': status, sendStatus, links, send, and 60 more.
src/routes/server/index.ts(79,31): error TS2769: No overload matches this call.
  The last overload gave the following error.
    Argument of type '((req: SDKRequest, res: Response<any, Record<string, any>>, next: NextFunction) => void)[]' is not assignable to parameter of type 'RequestHandlerParams<ParamsDictionary, any, any, ParsedQs, Record<string, any>>'.
      Type '((req: SDKRequest, res: Response<any, Record<string, any>>, next: NextFunction) => void)[]' is not assignable to type '(ErrorRequestHandler<ParamsDictionary, any, any, ParsedQs, Record<string, any>> | RequestHandler<ParamsDictionary, any, any, ParsedQs, Record<...>>)[]'.
        Type '(req: SDKRequest, res: Response, next: NextFunction) => void' is not assignable to type 'ErrorRequestHandler<ParamsDictionary, any, any, ParsedQs, Record<string, any>> | RequestHandler<ParamsDictionary, any, any, ParsedQs, Record<...>>'.
          Type '(req: SDKRequest, res: Response, next: NextFunction) => void' is not assignable to type 'ErrorRequestHandler<ParamsDictionary, any, any, ParsedQs, Record<string, any>>'.
            Types of parameters 'res' and 'req' are incompatible.
              Type 'Request<ParamsDictionary, any, any, ParsedQs, Record<string, any>>' is missing the following properties from type 'Response<any, Record<string, any>>': status, sendStatus, links, send, and 60 more.
src/routes/server/index.ts(80,29): error TS2769: No overload matches this call.
  The last overload gave the following error.
    Argument of type '((req: SDKRequest, res: Response<any, Record<string, any>>, next: NextFunction) => void)[]' is not assignable to parameter of type 'RequestHandlerParams<ParamsDictionary, any, any, ParsedQs, Record<string, any>>'.
      Type '((req: SDKRequest, res: Response<any, Record<string, any>>, next: NextFunction) => void)[]' is not assignable to type '(ErrorRequestHandler<ParamsDictionary, any, any, ParsedQs, Record<string, any>> | RequestHandler<ParamsDictionary, any, any, ParsedQs, Record<...>>)[]'.
        Type '(req: SDKRequest, res: Response, next: NextFunction) => void' is not assignable to type 'ErrorRequestHandler<ParamsDictionary, any, any, ParsedQs, Record<string, any>> | RequestHandler<ParamsDictionary, any, any, ParsedQs, Record<...>>'.
          Type '(req: SDKRequest, res: Response, next: NextFunction) => void' is not assignable to type 'ErrorRequestHandler<ParamsDictionary, any, any, ParsedQs, Record<string, any>>'.
            Types of parameters 'res' and 'req' are incompatible.
              Type 'Request<ParamsDictionary, any, any, ParsedQs, Record<string, any>>' is missing the following properties from type 'Response<any, Record<string, any>>': status, sendStatus, links, send, and 60 more.
src/routes/server/index.ts(90,31): error TS2769: No overload matches this call.
  The last overload gave the following error.
    Argument of type '((req: SDKRequest, res: Response<any, Record<string, any>>, next: NextFunction) => void)[]' is not assignable to parameter of type 'RequestHandlerParams<ParamsDictionary, any, any, ParsedQs, Record<string, any>>'.
      Type '((req: SDKRequest, res: Response<any, Record<string, any>>, next: NextFunction) => void)[]' is not assignable to type '(ErrorRequestHandler<ParamsDictionary, any, any, ParsedQs, Record<string, any>> | RequestHandler<ParamsDictionary, any, any, ParsedQs, Record<...>>)[]'.
        Type '(req: SDKRequest, res: Response, next: NextFunction) => void' is not assignable to type 'ErrorRequestHandler<ParamsDictionary, any, any, ParsedQs, Record<string, any>> | RequestHandler<ParamsDictionary, any, any, ParsedQs, Record<...>>'.
          Type '(req: SDKRequest, res: Response, next: NextFunction) => void' is not assignable to type 'ErrorRequestHandler<ParamsDictionary, any, any, ParsedQs, Record<string, any>>'.
            Types of parameters 'res' and 'req' are incompatible.
              Type 'Request<ParamsDictionary, any, any, ParsedQs, Record<string, any>>' is missing the following properties from type 'Response<any, Record<string, any>>': status, sendStatus, links, send, and 60 more.
src/routes/server/index.ts(91,30): error TS2769: No overload matches this call.
  The last overload gave the following error.
    Argument of type '((req: SDKRequest, res: Response<any, Record<string, any>>, next: NextFunction) => void)[]' is not assignable to parameter of type 'RequestHandlerParams<ParamsDictionary, any, any, ParsedQs, Record<string, any>>'.
      Type '((req: SDKRequest, res: Response<any, Record<string, any>>, next: NextFunction) => void)[]' is not assignable to type '(ErrorRequestHandler<ParamsDictionary, any, any, ParsedQs, Record<string, any>> | RequestHandler<ParamsDictionary, any, any, ParsedQs, Record<...>>)[]'.
        Type '(req: SDKRequest, res: Response, next: NextFunction) => void' is not assignable to type 'ErrorRequestHandler<ParamsDictionary, any, any, ParsedQs, Record<string, any>> | RequestHandler<ParamsDictionary, any, any, ParsedQs, Record<...>>'.
          Type '(req: SDKRequest, res: Response, next: NextFunction) => void' is not assignable to type 'ErrorRequestHandler<ParamsDictionary, any, any, ParsedQs, Record<string, any>>'.
            Types of parameters 'res' and 'req' are incompatible.
              Type 'Request<ParamsDictionary, any, any, ParsedQs, Record<string, any>>' is missing the following properties from type 'Response<any, Record<string, any>>': status, sendStatus, links, send, and 60 more.
src/routes/server/index.ts(94,43): error TS2769: No overload matches this call.
  The last overload gave the following error.
    Argument of type '((req: SDKRequest, res: Response<any, Record<string, any>>, next: NextFunction) => void)[]' is not assignable to parameter of type 'RequestHandlerParams<ParamsDictionary, any, any, ParsedQs, Record<string, any>>'.
      Type '((req: SDKRequest, res: Response<any, Record<string, any>>, next: NextFunction) => void)[]' is not assignable to type '(ErrorRequestHandler<ParamsDictionary, any, any, ParsedQs, Record<string, any>> | RequestHandler<ParamsDictionary, any, any, ParsedQs, Record<...>>)[]'.
        Type '(req: SDKRequest, res: Response, next: NextFunction) => void' is not assignable to type 'ErrorRequestHandler<ParamsDictionary, any, any, ParsedQs, Record<string, any>> | RequestHandler<ParamsDictionary, any, any, ParsedQs, Record<...>>'.
          Type '(req: SDKRequest, res: Response, next: NextFunction) => void' is not assignable to type 'ErrorRequestHandler<ParamsDictionary, any, any, ParsedQs, Record<string, any>>'.
            Types of parameters 'res' and 'req' are incompatible.
              Type 'Request<ParamsDictionary, any, any, ParsedQs, Record<string, any>>' is missing the following properties from type 'Response<any, Record<string, any>>': status, sendStatus, links, send, and 60 more.
src/routes/server/index.ts(97,33): error TS2769: No overload matches this call.
  The last overload gave the following error.
    Argument of type '((req: SDKRequest, res: Response<any, Record<string, any>>, next: NextFunction) => void)[]' is not assignable to parameter of type 'RequestHandlerParams<ParamsDictionary, any, any, ParsedQs, Record<string, any>>'.
      Type '((req: SDKRequest, res: Response<any, Record<string, any>>, next: NextFunction) => void)[]' is not assignable to type '(ErrorRequestHandler<ParamsDictionary, any, any, ParsedQs, Record<string, any>> | RequestHandler<ParamsDictionary, any, any, ParsedQs, Record<...>>)[]'.
        Type '(req: SDKRequest, res: Response, next: NextFunction) => void' is not assignable to type 'ErrorRequestHandler<ParamsDictionary, any, any, ParsedQs, Record<string, any>> | RequestHandler<ParamsDictionary, any, any, ParsedQs, Record<...>>'.
          Type '(req: SDKRequest, res: Response, next: NextFunction) => void' is not assignable to type 'ErrorRequestHandler<ParamsDictionary, any, any, ParsedQs, Record<string, any>>'.
            Types of parameters 'res' and 'req' are incompatible.
              Type 'Request<ParamsDictionary, any, any, ParsedQs, Record<string, any>>' is missing the following properties from type 'Response<any, Record<string, any>>': status, sendStatus, links, send, and 60 more.
src/routes/server/index.ts(98,48): error TS2769: No overload matches this call.
  The last overload gave the following error.
    Argument of type '((req: SDKRequest, res: Response<any, Record<string, any>>, next: NextFunction) => void)[]' is not assignable to parameter of type 'RequestHandlerParams<ParamsDictionary, any, any, ParsedQs, Record<string, any>>'.
      Type '((req: SDKRequest, res: Response<any, Record<string, any>>, next: NextFunction) => void)[]' is not assignable to type '(ErrorRequestHandler<ParamsDictionary, any, any, ParsedQs, Record<string, any>> | RequestHandler<ParamsDictionary, any, any, ParsedQs, Record<...>>)[]'.
        Type '(req: SDKRequest, res: Response, next: NextFunction) => void' is not assignable to type 'ErrorRequestHandler<ParamsDictionary, any, any, ParsedQs, Record<string, any>> | RequestHandler<ParamsDictionary, any, any, ParsedQs, Record<...>>'.
          Type '(req: SDKRequest, res: Response, next: NextFunction) => void' is not assignable to type 'ErrorRequestHandler<ParamsDictionary, any, any, ParsedQs, Record<string, any>>'.
            Types of parameters 'res' and 'req' are incompatible.
              Type 'Request<ParamsDictionary, any, any, ParsedQs, Record<string, any>>' is missing the following properties from type 'Response<any, Record<string, any>>': status, sendStatus, links, send, and 60 more.
src/routes/server/index.ts(99,37): error TS2769: No overload matches this call.
  The last overload gave the following error.
    Argument of type '((req: SDKRequest, res: Response<any, Record<string, any>>, next: NextFunction) => void)[]' is not assignable to parameter of type 'RequestHandlerParams<ParamsDictionary, any, any, ParsedQs, Record<string, any>>'.
      Type '((req: SDKRequest, res: Response<any, Record<string, any>>, next: NextFunction) => void)[]' is not assignable to type '(ErrorRequestHandler<ParamsDictionary, any, any, ParsedQs, Record<string, any>> | RequestHandler<ParamsDictionary, any, any, ParsedQs, Record<...>>)[]'.
        Type '(req: SDKRequest, res: Response, next: NextFunction) => void' is not assignable to type 'ErrorRequestHandler<ParamsDictionary, any, any, ParsedQs, Record<string, any>> | RequestHandler<ParamsDictionary, any, any, ParsedQs, Record<...>>'.
          Type '(req: SDKRequest, res: Response, next: NextFunction) => void' is not assignable to type 'ErrorRequestHandler<ParamsDictionary, any, any, ParsedQs, Record<string, any>>'.
            Types of parameters 'res' and 'req' are incompatible.
              Type 'Request<ParamsDictionary, any, any, ParsedQs, Record<string, any>>' is missing the following properties from type 'Response<any, Record<string, any>>': status, sendStatus, links, send, and 60 more.
src/routes/server/index.ts(102,42): error TS2769: No overload matches this call.
  The last overload gave the following error.
    Argument of type '((req: SDKRequest, res: Response<any, Record<string, any>>, next: NextFunction) => void)[]' is not assignable to parameter of type 'RequestHandlerParams<ParamsDictionary, any, any, ParsedQs, Record<string, any>>'.
      Type '((req: SDKRequest, res: Response<any, Record<string, any>>, next: NextFunction) => void)[]' is not assignable to type '(ErrorRequestHandler<ParamsDictionary, any, any, ParsedQs, Record<string, any>> | RequestHandler<ParamsDictionary, any, any, ParsedQs, Record<...>>)[]'.
        Type '(req: SDKRequest, res: Response, next: NextFunction) => void' is not assignable to type 'ErrorRequestHandler<ParamsDictionary, any, any, ParsedQs, Record<string, any>> | RequestHandler<ParamsDictionary, any, any, ParsedQs, Record<...>>'.
          Type '(req: SDKRequest, res: Response, next: NextFunction) => void' is not assignable to type 'ErrorRequestHandler<ParamsDictionary, any, any, ParsedQs, Record<string, any>>'.
            Types of parameters 'res' and 'req' are incompatible.
              Type 'Request<ParamsDictionary, any, any, ParsedQs, Record<string, any>>' is missing the following properties from type 'Response<any, Record<string, any>>': status, sendStatus, links, send, and 60 more.
src/routes/server/index.ts(103,46): error TS2769: No overload matches this call.
  The last overload gave the following error.
    Argument of type '((req: SDKRequest, res: Response<any, Record<string, any>>, next: NextFunction) => void)[]' is not assignable to parameter of type 'RequestHandlerParams<ParamsDictionary, any, any, ParsedQs, Record<string, any>>'.
      Type '((req: SDKRequest, res: Response<any, Record<string, any>>, next: NextFunction) => void)[]' is not assignable to type '(ErrorRequestHandler<ParamsDictionary, any, any, ParsedQs, Record<string, any>> | RequestHandler<ParamsDictionary, any, any, ParsedQs, Record<...>>)[]'.
        Type '(req: SDKRequest, res: Response, next: NextFunction) => void' is not assignable to type 'ErrorRequestHandler<ParamsDictionary, any, any, ParsedQs, Record<string, any>> | RequestHandler<ParamsDictionary, any, any, ParsedQs, Record<...>>'.
          Type '(req: SDKRequest, res: Response, next: NextFunction) => void' is not assignable to type 'ErrorRequestHandler<ParamsDictionary, any, any, ParsedQs, Record<string, any>>'.
            Types of parameters 'res' and 'req' are incompatible.
              Type 'Request<ParamsDictionary, any, any, ParsedQs, Record<string, any>>' is missing the following properties from type 'Response<any, Record<string, any>>': status, sendStatus, links, send, and 60 more.
src/routes/server/index.ts(106,38): error TS2769: No overload matches this call.
  The last overload gave the following error.
    Argument of type '((req: SDKRequest, res: Response<any, Record<string, any>>, next: NextFunction) => void)[]' is not assignable to parameter of type 'RequestHandlerParams<ParamsDictionary, any, any, ParsedQs, Record<string, any>>'.
      Type '((req: SDKRequest, res: Response<any, Record<string, any>>, next: NextFunction) => void)[]' is not assignable to type '(ErrorRequestHandler<ParamsDictionary, any, any, ParsedQs, Record<string, any>> | RequestHandler<ParamsDictionary, any, any, ParsedQs, Record<...>>)[]'.
        Type '(req: SDKRequest, res: Response, next: NextFunction) => void' is not assignable to type 'ErrorRequestHandler<ParamsDictionary, any, any, ParsedQs, Record<string, any>> | RequestHandler<ParamsDictionary, any, any, ParsedQs, Record<...>>'.
          Type '(req: SDKRequest, res: Response, next: NextFunction) => void' is not assignable to type 'ErrorRequestHandler<ParamsDictionary, any, any, ParsedQs, Record<string, any>>'.
            Types of parameters 'res' and 'req' are incompatible.
              Type 'Request<ParamsDictionary, any, any, ParsedQs, Record<string, any>>' is missing the following properties from type 'Response<any, Record<string, any>>': status, sendStatus, links, send, and 60 more.
src/routes/server/index.ts(107,29): error TS2769: No overload matches this call.
  The last overload gave the following error.
    Argument of type '((req: SDKRequest, res: Response<any, Record<string, any>>, next: NextFunction) => void)[]' is not assignable to parameter of type 'RequestHandlerParams<ParamsDictionary, any, any, ParsedQs, Record<string, any>>'.
      Type '((req: SDKRequest, res: Response<any, Record<string, any>>, next: NextFunction) => void)[]' is not assignable to type '(ErrorRequestHandler<ParamsDictionary, any, any, ParsedQs, Record<string, any>> | RequestHandler<ParamsDictionary, any, any, ParsedQs, Record<...>>)[]'.
        Type '(req: SDKRequest, res: Response, next: NextFunction) => void' is not assignable to type 'ErrorRequestHandler<ParamsDictionary, any, any, ParsedQs, Record<string, any>> | RequestHandler<ParamsDictionary, any, any, ParsedQs, Record<...>>'.
          Type '(req: SDKRequest, res: Response, next: NextFunction) => void' is not assignable to type 'ErrorRequestHandler<ParamsDictionary, any, any, ParsedQs, Record<string, any>>'.
            Types of parameters 'res' and 'req' are incompatible.
              Type 'Request<ParamsDictionary, any, any, ParsedQs, Record<string, any>>' is missing the following properties from type 'Response<any, Record<string, any>>': status, sendStatus, links, send, and 60 more.
src/routes/server/index.ts(108,33): error TS2769: No overload matches this call.
  The last overload gave the following error.
    Argument of type '((req: SDKRequest, res: Response<any, Record<string, any>>, next: NextFunction) => void)[]' is not assignable to parameter of type 'RequestHandlerParams<ParamsDictionary, any, any, ParsedQs, Record<string, any>>'.
      Type '((req: SDKRequest, res: Response<any, Record<string, any>>, next: NextFunction) => void)[]' is not assignable to type '(ErrorRequestHandler<ParamsDictionary, any, any, ParsedQs, Record<string, any>> | RequestHandler<ParamsDictionary, any, any, ParsedQs, Record<...>>)[]'.
        Type '(req: SDKRequest, res: Response, next: NextFunction) => void' is not assignable to type 'ErrorRequestHandler<ParamsDictionary, any, any, ParsedQs, Record<string, any>> | RequestHandler<ParamsDictionary, any, any, ParsedQs, Record<...>>'.
          Type '(req: SDKRequest, res: Response, next: NextFunction) => void' is not assignable to type 'ErrorRequestHandler<ParamsDictionary, any, any, ParsedQs, Record<string, any>>'.
            Types of parameters 'res' and 'req' are incompatible.
              Type 'Request<ParamsDictionary, any, any, ParsedQs, Record<string, any>>' is missing the following properties from type 'Response<any, Record<string, any>>': status, sendStatus, links, send, and 60 more.
src/routes/server/index.ts(111,32): error TS2769: No overload matches this call.
  The last overload gave the following error.
    Argument of type '((req: SDKRequest, res: Response<any, Record<string, any>>, next: NextFunction) => void)[]' is not assignable to parameter of type 'RequestHandlerParams<ParamsDictionary, any, any, ParsedQs, Record<string, any>>'.
      Type '((req: SDKRequest, res: Response<any, Record<string, any>>, next: NextFunction) => void)[]' is not assignable to type '(ErrorRequestHandler<ParamsDictionary, any, any, ParsedQs, Record<string, any>> | RequestHandler<ParamsDictionary, any, any, ParsedQs, Record<...>>)[]'.
        Type '(req: SDKRequest, res: Response, next: NextFunction) => void' is not assignable to type 'ErrorRequestHandler<ParamsDictionary, any, any, ParsedQs, Record<string, any>> | RequestHandler<ParamsDictionary, any, any, ParsedQs, Record<...>>'.
          Type '(req: SDKRequest, res: Response, next: NextFunction) => void' is not assignable to type 'ErrorRequestHandler<ParamsDictionary, any, any, ParsedQs, Record<string, any>>'.
            Types of parameters 'res' and 'req' are incompatible.
              Type 'Request<ParamsDictionary, any, any, ParsedQs, Record<string, any>>' is missing the following properties from type 'Response<any, Record<string, any>>': status, sendStatus, links, send, and 60 more.
src/routes/server/index.ts(114,33): error TS2769: No overload matches this call.
  The last overload gave the following error.
    Argument of type '((req: SDKRequest, res: Response<any, Record<string, any>>, next: NextFunction) => void)[]' is not assignable to parameter of type 'RequestHandlerParams<ParamsDictionary, any, any, ParsedQs, Record<string, any>>'.
      Type '((req: SDKRequest, res: Response<any, Record<string, any>>, next: NextFunction) => void)[]' is not assignable to type '(ErrorRequestHandler<ParamsDictionary, any, any, ParsedQs, Record<string, any>> | RequestHandler<ParamsDictionary, any, any, ParsedQs, Record<...>>)[]'.
        Type '(req: SDKRequest, res: Response, next: NextFunction) => void' is not assignable to type 'ErrorRequestHandler<ParamsDictionary, any, any, ParsedQs, Record<string, any>> | RequestHandler<ParamsDictionary, any, any, ParsedQs, Record<...>>'.
          Type '(req: SDKRequest, res: Response, next: NextFunction) => void' is not assignable to type 'ErrorRequestHandler<ParamsDictionary, any, any, ParsedQs, Record<string, any>>'.
            Types of parameters 'res' and 'req' are incompatible.
              Type 'Request<ParamsDictionary, any, any, ParsedQs, Record<string, any>>' is missing the following properties from type 'Response<any, Record<string, any>>': status, sendStatus, links, send, and 60 more.
src/routes/server/index.ts(117,37): error TS2769: No overload matches this call.
  The last overload gave the following error.
    Argument of type '((req: SDKRequest, res: Response<any, Record<string, any>>, next: NextFunction) => void)[]' is not assignable to parameter of type 'RequestHandlerParams<ParamsDictionary, any, any, ParsedQs, Record<string, any>>'.
      Type '((req: SDKRequest, res: Response<any, Record<string, any>>, next: NextFunction) => void)[]' is not assignable to type '(ErrorRequestHandler<ParamsDictionary, any, any, ParsedQs, Record<string, any>> | RequestHandler<ParamsDictionary, any, any, ParsedQs, Record<...>>)[]'.
        Type '(req: SDKRequest, res: Response, next: NextFunction) => void' is not assignable to type 'ErrorRequestHandler<ParamsDictionary, any, any, ParsedQs, Record<string, any>> | RequestHandler<ParamsDictionary, any, any, ParsedQs, Record<...>>'.
          Type '(req: SDKRequest, res: Response, next: NextFunction) => void' is not assignable to type 'ErrorRequestHandler<ParamsDictionary, any, any, ParsedQs, Record<string, any>>'.
            Types of parameters 'res' and 'req' are incompatible.
              Type 'Request<ParamsDictionary, any, any, ParsedQs, Record<string, any>>' is missing the following properties from type 'Response<any, Record<string, any>>': status, sendStatus, links, send, and 60 more.
src/routes/server/index.ts(118,41): error TS2769: No overload matches this call.
  The last overload gave the following error.
    Argument of type '((req: SDKRequest, res: Response<any, Record<string, any>>, next: NextFunction) => void)[]' is not assignable to parameter of type 'RequestHandlerParams<ParamsDictionary, any, any, ParsedQs, Record<string, any>>'.
      Type '((req: SDKRequest, res: Response<any, Record<string, any>>, next: NextFunction) => void)[]' is not assignable to type '(ErrorRequestHandler<ParamsDictionary, any, any, ParsedQs, Record<string, any>> | RequestHandler<ParamsDictionary, any, any, ParsedQs, Record<...>>)[]'.
        Type '(req: SDKRequest, res: Response, next: NextFunction) => void' is not assignable to type 'ErrorRequestHandler<ParamsDictionary, any, any, ParsedQs, Record<string, any>> | RequestHandler<ParamsDictionary, any, any, ParsedQs, Record<...>>'.
          Type '(req: SDKRequest, res: Response, next: NextFunction) => void' is not assignable to type 'ErrorRequestHandler<ParamsDictionary, any, any, ParsedQs, Record<string, any>>'.
            Types of parameters 'res' and 'req' are incompatible.
              Type 'Request<ParamsDictionary, any, any, ParsedQs, Record<string, any>>' is missing the following properties from type 'Response<any, Record<string, any>>': status, sendStatus, links, send, and 60 more.
src/routes/server/index.ts(121,37): error TS2769: No overload matches this call.
  The last overload gave the following error.
    Argument of type '((req: SDKRequest, res: Response<any, Record<string, any>>, next: NextFunction) => void)[]' is not assignable to parameter of type 'RequestHandlerParams<ParamsDictionary, any, any, ParsedQs, Record<string, any>>'.
      Type '((req: SDKRequest, res: Response<any, Record<string, any>>, next: NextFunction) => void)[]' is not assignable to type '(ErrorRequestHandler<ParamsDictionary, any, any, ParsedQs, Record<string, any>> | RequestHandler<ParamsDictionary, any, any, ParsedQs, Record<...>>)[]'.
        Type '(req: SDKRequest, res: Response, next: NextFunction) => void' is not assignable to type 'ErrorRequestHandler<ParamsDictionary, any, any, ParsedQs, Record<string, any>> | RequestHandler<ParamsDictionary, any, any, ParsedQs, Record<...>>'.
          Type '(req: SDKRequest, res: Response, next: NextFunction) => void' is not assignable to type 'ErrorRequestHandler<ParamsDictionary, any, any, ParsedQs, Record<string, any>>'.
            Types of parameters 'res' and 'req' are incompatible.
              Type 'Request<ParamsDictionary, any, any, ParsedQs, Record<string, any>>' is missing the following properties from type 'Response<any, Record<string, any>>': status, sendStatus, links, send, and 60 more.
src/routes/server/index.ts(122,41): error TS2769: No overload matches this call.
  The last overload gave the following error.
    Argument of type '((req: SDKRequest, res: Response<any, Record<string, any>>, next: NextFunction) => void)[]' is not assignable to parameter of type 'RequestHandlerParams<ParamsDictionary, any, any, ParsedQs, Record<string, any>>'.
      Type '((req: SDKRequest, res: Response<any, Record<string, any>>, next: NextFunction) => void)[]' is not assignable to type '(ErrorRequestHandler<ParamsDictionary, any, any, ParsedQs, Record<string, any>> | RequestHandler<ParamsDictionary, any, any, ParsedQs, Record<...>>)[]'.
        Type '(req: SDKRequest, res: Response, next: NextFunction) => void' is not assignable to type 'ErrorRequestHandler<ParamsDictionary, any, any, ParsedQs, Record<string, any>> | RequestHandler<ParamsDictionary, any, any, ParsedQs, Record<...>>'.
          Type '(req: SDKRequest, res: Response, next: NextFunction) => void' is not assignable to type 'ErrorRequestHandler<ParamsDictionary, any, any, ParsedQs, Record<string, any>>'.
            Types of parameters 'res' and 'req' are incompatible.
              Type 'Request<ParamsDictionary, any, any, ParsedQs, Record<string, any>>' is missing the following properties from type 'Response<any, Record<string, any>>': status, sendStatus, links, send, and 60 more.
src/routes/server/index.ts(125,29): error TS2769: No overload matches this call.
  The last overload gave the following error.
    Argument of type '((req: SDKRequest, res: Response<any, Record<string, any>>, next: NextFunction) => void)[]' is not assignable to parameter of type 'RequestHandlerParams<ParamsDictionary, any, any, ParsedQs, Record<string, any>>'.
      Type '((req: SDKRequest, res: Response<any, Record<string, any>>, next: NextFunction) => void)[]' is not assignable to type '(ErrorRequestHandler<ParamsDictionary, any, any, ParsedQs, Record<string, any>> | RequestHandler<ParamsDictionary, any, any, ParsedQs, Record<...>>)[]'.
        Type '(req: SDKRequest, res: Response, next: NextFunction) => void' is not assignable to type 'ErrorRequestHandler<ParamsDictionary, any, any, ParsedQs, Record<string, any>> | RequestHandler<ParamsDictionary, any, any, ParsedQs, Record<...>>'.
          Type '(req: SDKRequest, res: Response, next: NextFunction) => void' is not assignable to type 'ErrorRequestHandler<ParamsDictionary, any, any, ParsedQs, Record<string, any>>'.
            Types of parameters 'res' and 'req' are incompatible.
              Type 'Request<ParamsDictionary, any, any, ParsedQs, Record<string, any>>' is missing the following properties from type 'Response<any, Record<string, any>>': status, sendStatus, links, send, and 60 more.
src/routes/server/index.ts(126,39): error TS2769: No overload matches this call.
  The last overload gave the following error.
    Argument of type '((req: SDKRequest, res: Response<any, Record<string, any>>, next: NextFunction) => void)[]' is not assignable to parameter of type 'RequestHandlerParams<ParamsDictionary, any, any, ParsedQs, Record<string, any>>'.
      Type '((req: SDKRequest, res: Response<any, Record<string, any>>, next: NextFunction) => void)[]' is not assignable to type '(ErrorRequestHandler<ParamsDictionary, any, any, ParsedQs, Record<string, any>> | RequestHandler<ParamsDictionary, any, any, ParsedQs, Record<...>>)[]'.
        Type '(req: SDKRequest, res: Response, next: NextFunction) => void' is not assignable to type 'ErrorRequestHandler<ParamsDictionary, any, any, ParsedQs, Record<string, any>> | RequestHandler<ParamsDictionary, any, any, ParsedQs, Record<...>>'.
          Type '(req: SDKRequest, res: Response, next: NextFunction) => void' is not assignable to type 'ErrorRequestHandler<ParamsDictionary, any, any, ParsedQs, Record<string, any>>'.
            Types of parameters 'res' and 'req' are incompatible.
              Type 'Request<ParamsDictionary, any, any, ParsedQs, Record<string, any>>' is missing the following properties from type 'Response<any, Record<string, any>>': status, sendStatus, links, send, and 60 more.
src/routes/server/index.ts(129,36): error TS2769: No overload matches this call.
  The last overload gave the following error.
    Argument of type '((req: SDKRequest, res: Response<any, Record<string, any>>, next: NextFunction) => void)[]' is not assignable to parameter of type 'RequestHandlerParams<ParamsDictionary, any, any, ParsedQs, Record<string, any>>'.
      Type '((req: SDKRequest, res: Response<any, Record<string, any>>, next: NextFunction) => void)[]' is not assignable to type '(ErrorRequestHandler<ParamsDictionary, any, any, ParsedQs, Record<string, any>> | RequestHandler<ParamsDictionary, any, any, ParsedQs, Record<...>>)[]'.
        Type '(req: SDKRequest, res: Response, next: NextFunction) => void' is not assignable to type 'ErrorRequestHandler<ParamsDictionary, any, any, ParsedQs, Record<string, any>> | RequestHandler<ParamsDictionary, any, any, ParsedQs, Record<...>>'.
          Type '(req: SDKRequest, res: Response, next: NextFunction) => void' is not assignable to type 'ErrorRequestHandler<ParamsDictionary, any, any, ParsedQs, Record<string, any>>'.
            Types of parameters 'res' and 'req' are incompatible.
              Type 'Request<ParamsDictionary, any, any, ParsedQs, Record<string, any>>' is missing the following properties from type 'Response<any, Record<string, any>>': status, sendStatus, links, send, and 60 more.
src/routes/server/index.ts(130,40): error TS2769: No overload matches this call.
  The last overload gave the following error.
    Argument of type '((req: SDKRequest, res: Response<any, Record<string, any>>, next: NextFunction) => void)[]' is not assignable to parameter of type 'RequestHandlerParams<ParamsDictionary, any, any, ParsedQs, Record<string, any>>'.
      Type '((req: SDKRequest, res: Response<any, Record<string, any>>, next: NextFunction) => void)[]' is not assignable to type '(ErrorRequestHandler<ParamsDictionary, any, any, ParsedQs, Record<string, any>> | RequestHandler<ParamsDictionary, any, any, ParsedQs, Record<...>>)[]'.
        Type '(req: SDKRequest, res: Response, next: NextFunction) => void' is not assignable to type 'ErrorRequestHandler<ParamsDictionary, any, any, ParsedQs, Record<string, any>> | RequestHandler<ParamsDictionary, any, any, ParsedQs, Record<...>>'.
          Type '(req: SDKRequest, res: Response, next: NextFunction) => void' is not assignable to type 'ErrorRequestHandler<ParamsDictionary, any, any, ParsedQs, Record<string, any>>'.
            Types of parameters 'res' and 'req' are incompatible.
              Type 'Request<ParamsDictionary, any, any, ParsedQs, Record<string, any>>' is missing the following properties from type 'Response<any, Record<string, any>>': status, sendStatus, links, send, and 60 more.
src/routes/server/serviceDiscovery.ts(96,27): error TS2769: No overload matches this call.
  The last overload gave the following error.
    Argument of type '((req: SDKRequest, res: Response<any, Record<string, any>>, next: NextFunction) => void)[]' is not assignable to parameter of type 'RequestHandlerParams<ParamsDictionary, any, any, ParsedQs, Record<string, any>>'.
      Type '((req: SDKRequest, res: Response<any, Record<string, any>>, next: NextFunction) => void)[]' is not assignable to type '(ErrorRequestHandler<ParamsDictionary, any, any, ParsedQs, Record<string, any>> | RequestHandler<ParamsDictionary, any, any, ParsedQs, Record<...>>)[]'.
        Type '(req: SDKRequest, res: Response, next: NextFunction) => void' is not assignable to type 'ErrorRequestHandler<ParamsDictionary, any, any, ParsedQs, Record<string, any>> | RequestHandler<ParamsDictionary, any, any, ParsedQs, Record<...>>'.
          Type '(req: SDKRequest, res: Response, next: NextFunction) => void' is not assignable to type 'ErrorRequestHandler<ParamsDictionary, any, any, ParsedQs, Record<string, any>>'.
            Types of parameters 'res' and 'req' are incompatible.
              Type 'Request<ParamsDictionary, any, any, ParsedQs, Record<string, any>>' is missing the following properties from type 'Response<any, Record<string, any>>': status, sendStatus, links, send, and 60 more.
src/routes/server/serviceDiscovery.ts(115,26): error TS2769: No overload matches this call.
  The last overload gave the following error.
    Argument of type '((req: SDKRequest, res: Response<any, Record<string, any>>, next: NextFunction) => void)[]' is not assignable to parameter of type 'RequestHandlerParams<ParamsDictionary, any, any, ParsedQs, Record<string, any>>'.
      Type '((req: SDKRequest, res: Response<any, Record<string, any>>, next: NextFunction) => void)[]' is not assignable to type '(ErrorRequestHandler<ParamsDictionary, any, any, ParsedQs, Record<string, any>> | RequestHandler<ParamsDictionary, any, any, ParsedQs, Record<...>>)[]'.
        Type '(req: SDKRequest, res: Response, next: NextFunction) => void' is not assignable to type 'ErrorRequestHandler<ParamsDictionary, any, any, ParsedQs, Record<string, any>> | RequestHandler<ParamsDictionary, any, any, ParsedQs, Record<...>>'.
          Type '(req: SDKRequest, res: Response, next: NextFunction) => void' is not assignable to type 'ErrorRequestHandler<ParamsDictionary, any, any, ParsedQs, Record<string, any>>'.
            Types of parameters 'res' and 'req' are incompatible.
              Type 'Request<ParamsDictionary, any, any, ParsedQs, Record<string, any>>' is missing the following properties from type 'Response<any, Record<string, any>>': status, sendStatus, links, send, and 60 more.
src/routes/server/serviceDiscovery.ts(197,28): error TS2769: No overload matches this call.
  The last overload gave the following error.
    Argument of type '((req: SDKRequest, res: Response<any, Record<string, any>>, next: NextFunction) => void)[]' is not assignable to parameter of type 'RequestHandlerParams<ParamsDictionary, any, any, ParsedQs, Record<string, any>>'.
      Type '((req: SDKRequest, res: Response<any, Record<string, any>>, next: NextFunction) => void)[]' is not assignable to type '(ErrorRequestHandler<ParamsDictionary, any, any, ParsedQs, Record<string, any>> | RequestHandler<ParamsDictionary, any, any, ParsedQs, Record<...>>)[]'.
        Type '(req: SDKRequest, res: Response, next: NextFunction) => void' is not assignable to type 'ErrorRequestHandler<ParamsDictionary, any, any, ParsedQs, Record<string, any>> | RequestHandler<ParamsDictionary, any, any, ParsedQs, Record<...>>'.
          Type '(req: SDKRequest, res: Response, next: NextFunction) => void' is not assignable to type 'ErrorRequestHandler<ParamsDictionary, any, any, ParsedQs, Record<string, any>>'.
            Types of parameters 'res' and 'req' are incompatible.
              Type 'Request<ParamsDictionary, any, any, ParsedQs, Record<string, any>>' is missing the following properties from type 'Response<any, Record<string, any>>': status, sendStatus, links, send, and 60 more.
src/routes/server/serviceDiscovery.ts(248,24): error TS2769: No overload matches this call.
  The last overload gave the following error.
    Argument of type '((req: SDKRequest, res: Response<any, Record<string, any>>, next: NextFunction) => void)[]' is not assignable to parameter of type 'RequestHandlerParams<ParamsDictionary, any, any, ParsedQs, Record<string, any>>'.
      Type '((req: SDKRequest, res: Response<any, Record<string, any>>, next: NextFunction) => void)[]' is not assignable to type '(ErrorRequestHandler<ParamsDictionary, any, any, ParsedQs, Record<string, any>> | RequestHandler<ParamsDictionary, any, any, ParsedQs, Record<...>>)[]'.
        Type '(req: SDKRequest, res: Response, next: NextFunction) => void' is not assignable to type 'ErrorRequestHandler<ParamsDictionary, any, any, ParsedQs, Record<string, any>> | RequestHandler<ParamsDictionary, any, any, ParsedQs, Record<...>>'.
          Type '(req: SDKRequest, res: Response, next: NextFunction) => void' is not assignable to type 'ErrorRequestHandler<ParamsDictionary, any, any, ParsedQs, Record<string, any>>'.
            Types of parameters 'res' and 'req' are incompatible.
              Type 'Request<ParamsDictionary, any, any, ParsedQs, Record<string, any>>' is missing the following properties from type 'Response<any, Record<string, any>>': status, sendStatus, links, send, and 60 more.
src/routes/server/serviceDiscovery.ts(320,17): error TS2769: No overload matches this call.
  The last overload gave the following error.
    Argument of type '((req: SDKRequest, res: Response<any, Record<string, any>>, next: NextFunction) => void)[]' is not assignable to parameter of type 'RequestHandlerParams<ParamsDictionary, any, any, ParsedQs, Record<string, any>>'.
      Type '((req: SDKRequest, res: Response<any, Record<string, any>>, next: NextFunction) => void)[]' is not assignable to type '(ErrorRequestHandler<ParamsDictionary, any, any, ParsedQs, Record<string, any>> | RequestHandler<ParamsDictionary, any, any, ParsedQs, Record<...>>)[]'.
        Type '(req: SDKRequest, res: Response, next: NextFunction) => void' is not assignable to type 'ErrorRequestHandler<ParamsDictionary, any, any, ParsedQs, Record<string, any>> | RequestHandler<ParamsDictionary, any, any, ParsedQs, Record<...>>'.
          Type '(req: SDKRequest, res: Response, next: NextFunction) => void' is not assignable to type 'ErrorRequestHandler<ParamsDictionary, any, any, ParsedQs, Record<string, any>>'.
            Types of parameters 'res' and 'req' are incompatible.
              Type 'Request<ParamsDictionary, any, any, ParsedQs, Record<string, any>>' is missing the following properties from type 'Response<any, Record<string, any>>': status, sendStatus, links, send, and 60 more.
src/routes/server/serviceDiscovery.ts(368,41): error TS2769: No overload matches this call.
  The last overload gave the following error.
    Argument of type '((req: SDKRequest, res: Response<any, Record<string, any>>, next: NextFunction) => void)[]' is not assignable to parameter of type 'RequestHandlerParams<ParamsDictionary, any, any, ParsedQs, Record<string, any>>'.
      Type '((req: SDKRequest, res: Response<any, Record<string, any>>, next: NextFunction) => void)[]' is not assignable to type '(ErrorRequestHandler<ParamsDictionary, any, any, ParsedQs, Record<string, any>> | RequestHandler<ParamsDictionary, any, any, ParsedQs, Record<...>>)[]'.
        Type '(req: SDKRequest, res: Response, next: NextFunction) => void' is not assignable to type 'ErrorRequestHandler<ParamsDictionary, any, any, ParsedQs, Record<string, any>> | RequestHandler<ParamsDictionary, any, any, ParsedQs, Record<...>>'.
          Type '(req: SDKRequest, res: Response, next: NextFunction) => void' is not assignable to type 'ErrorRequestHandler<ParamsDictionary, any, any, ParsedQs, Record<string, any>>'.
            Types of parameters 'res' and 'req' are incompatible.
              Type 'Request<ParamsDictionary, any, any, ParsedQs, Record<string, any>>' is missing the following properties from type 'Response<any, Record<string, any>>': status, sendStatus, links, send, and 60 more.
src/services/GameWorldService.ts(96,54): error TS2345: Argument of type 'Environment | undefined' is not assignable to parameter of type 'MaybeCompositeId'.
  Type 'undefined' is not assignable to type 'MaybeCompositeId'.
src/services/GameWorldService.ts(96,54): error TS2448: Block-scoped variable 'env' used before its declaration.
src/services/GameWorldService.ts(101,14): error TS18048: 'env' is possibly 'undefined'.
src/services/IngamePopupNoticeService.ts(84,54): error TS2345: Argument of type 'Environment | undefined' is not assignable to parameter of type 'MaybeCompositeId'.
  Type 'undefined' is not assignable to type 'MaybeCompositeId'.
src/services/IngamePopupNoticeService.ts(84,54): error TS2448: Block-scoped variable 'env' used before its declaration.
src/services/IngamePopupNoticeService.ts(89,14): error TS18048: 'env' is possibly 'undefined'.
src/services/IpWhitelistService.ts(53,54): error TS2345: Argument of type 'Environment | undefined' is not assignable to parameter of type 'MaybeCompositeId'.
  Type 'undefined' is not assignable to type 'MaybeCompositeId'.
src/services/IpWhitelistService.ts(53,54): error TS2448: Block-scoped variable 'env' used before its declaration.
src/services/IpWhitelistService.ts(58,14): error TS18048: 'env' is possibly 'undefined'.
src/services/ServiceNoticeService.ts(281,54): error TS2345: Argument of type 'Environment | undefined' is not assignable to parameter of type 'MaybeCompositeId'.
  Type 'undefined' is not assignable to type 'MaybeCompositeId'.
src/services/ServiceNoticeService.ts(281,54): error TS2448: Block-scoped variable 'env' used before its declaration.
src/services/ServiceNoticeService.ts(381,54): error TS2345: Argument of type 'Environment | undefined' is not assignable to parameter of type 'MaybeCompositeId'.
  Type 'undefined' is not assignable to type 'MaybeCompositeId'.
src/services/ServiceNoticeService.ts(381,54): error TS2448: Block-scoped variable 'env' used before its declaration.
src/services/ServiceNoticeService.ts(412,54): error TS2345: Argument of type 'Environment | undefined' is not assignable to parameter of type 'MaybeCompositeId'.
  Type 'undefined' is not assignable to type 'MaybeCompositeId'.
src/services/ServiceNoticeService.ts(412,54): error TS2448: Block-scoped variable 'env' used before its declaration.
src/services/ServiceNoticeService.ts(446,54): error TS2345: Argument of type 'Environment | undefined' is not assignable to parameter of type 'MaybeCompositeId'.
  Type 'undefined' is not assignable to type 'MaybeCompositeId'.
src/services/ServiceNoticeService.ts(446,54): error TS2448: Block-scoped variable 'env' used before its declaration.
src/services/ServiceNoticeService.ts(477,54): error TS2345: Argument of type 'Environment | undefined' is not assignable to parameter of type 'MaybeCompositeId'.
  Type 'undefined' is not assignable to type 'MaybeCompositeId'.
src/services/ServiceNoticeService.ts(477,54): error TS2448: Block-scoped variable 'env' used before its declaration.
src/services/StoreProductService.ts(331,56): error TS2345: Argument of type 'Environment | undefined' is not assignable to parameter of type 'MaybeCompositeId'.
  Type 'undefined' is not assignable to type 'MaybeCompositeId'.
src/services/StoreProductService.ts(331,56): error TS2448: Block-scoped variable 'env' used before its declaration.
src/services/StoreProductService.ts(462,56): error TS2345: Argument of type 'Environment | undefined' is not assignable to parameter of type 'MaybeCompositeId'.
  Type 'undefined' is not assignable to type 'MaybeCompositeId'.
src/services/StoreProductService.ts(462,56): error TS2448: Block-scoped variable 'env' used before its declaration.
src/services/StoreProductService.ts(513,56): error TS2345: Argument of type 'Environment | undefined' is not assignable to parameter of type 'MaybeCompositeId'.
  Type 'undefined' is not assignable to type 'MaybeCompositeId'.
src/services/StoreProductService.ts(513,56): error TS2448: Block-scoped variable 'env' used before its declaration.
src/services/StoreProductService.ts(560,58): error TS2345: Argument of type 'Environment | undefined' is not assignable to parameter of type 'MaybeCompositeId'.
  Type 'undefined' is not assignable to type 'MaybeCompositeId'.
src/services/StoreProductService.ts(560,58): error TS2448: Block-scoped variable 'env' used before its declaration.
src/services/StoreProductService.ts(613,58): error TS2345: Argument of type 'Environment | undefined' is not assignable to parameter of type 'MaybeCompositeId'.
  Type 'undefined' is not assignable to type 'MaybeCompositeId'.
src/services/StoreProductService.ts(613,58): error TS2448: Block-scoped variable 'env' used before its declaration.
src/services/StoreProductService.ts(695,58): error TS2345: Argument of type 'Environment | undefined' is not assignable to parameter of type 'MaybeCompositeId'.
  Type 'undefined' is not assignable to type 'MaybeCompositeId'.
src/services/StoreProductService.ts(695,58): error TS2448: Block-scoped variable 'env' used before its declaration.
src/services/StoreProductService.ts(697,51): error TS18048: 'env' is possibly 'undefined'.
src/services/StoreProductService.ts(697,55): error TS2339: Property 'split' does not exist on type 'Environment'.
src/services/StoreProductService.ts(700,86): error TS1117: An object literal cannot have multiple properties with the same name.
src/services/SurveyService.ts(112,54): error TS2345: Argument of type 'Environment | undefined' is not assignable to parameter of type 'MaybeCompositeId'.
  Type 'undefined' is not assignable to type 'MaybeCompositeId'.
src/services/SurveyService.ts(112,54): error TS2448: Block-scoped variable 'env' used before its declaration.
src/services/SurveyService.ts(117,14): error TS18048: 'env' is possibly 'undefined'.
src/services/WhitelistService.ts(26,54): error TS2345: Argument of type 'Environment | undefined' is not assignable to parameter of type 'MaybeCompositeId'.
  Type 'undefined' is not assignable to type 'MaybeCompositeId'.
src/services/WhitelistService.ts(26,54): error TS2448: Block-scoped variable 'env' used before its declaration.
src/services/WhitelistService.ts(31,14): error TS18048: 'env' is possibly 'undefined'.
node.exe : error Command failed with exit code 1.
위치 C:\Users\jhseo\AppData\Roaming\npm\yarn.ps1:24 문자
:5
+     & "node$exe"  "$basedir/node_modules/yarn/bin/
yarn.js" $args
+     ~~~~~~~~~~~~~~~~~~~~~~~~~~~~~~~~~~~~~~~~~~~~~~
~~~~~~~~~~~~~~
    + CategoryInfo          : NotSpecified: (error  
   Command failed with exit code 1.:String) [], Re  
  moteException
    + FullyQualifiedErrorId : NativeCommandError
 
info Visit https://yarnpkg.com/en/docs/cli/run for documentation about this command.
