yarn run v1.22.22
$ tsc --noEmit
src/controllers/ApiTokensController.ts(81,150): error TS1002: Unterminated string literal.
src/controllers/ApiTokensController.ts(82,11): error TS1005: '}' expected.
src/controllers/ApiTokensController.ts(287,155): error TS1002: Unterminated string literal.
src/controllers/ApiTokensController.ts(288,9): error TS1005: ',' expected.
src/controllers/ChatSyncController.ts(145,17): error TS1005: ';' expected.
src/controllers/ChatSyncController.ts(146,13): error TS1005: ';' expected.
src/controllers/ChatSyncController.ts(147,14): error TS1005: ';' expected.
src/controllers/ChatSyncController.ts(148,18): error TS1005: ';' expected.
src/controllers/ChatSyncController.ts(149,15): error TS1005: ';' expected.
src/controllers/ChatSyncController.ts(150,19): error TS1005: ';' expected.
src/controllers/ChatSyncController.ts(151,18): error TS1005: ';' expected.
src/controllers/ChatSyncController.ts(152,18): error TS1005: ';' expected.
src/controllers/ChatSyncController.ts(153,7): error TS1109: Expression expected.
src/controllers/ChatSyncController.ts(153,8): error TS1472: 'catch' or 'finally' expected.
src/controllers/ChatSyncController.ts(153,9): error TS1128: Declaration or statement expected.
src/controllers/ChatSyncController.ts(181,3): error TS1128: Declaration or statement expected.
src/controllers/ChatSyncController.ts(181,10): error TS1434: Unexpected keyword or identifier.
src/controllers/ChatSyncController.ts(181,31): error TS1005: ',' expected.
src/controllers/ChatSyncController.ts(181,45): error TS1005: ',' expected.
src/controllers/ChatSyncController.ts(181,57): error TS1005: ';' expected.
src/controllers/ChatSyncController.ts(206,3): error TS1128: Declaration or statement expected.
src/controllers/ChatSyncController.ts(206,10): error TS1434: Unexpected keyword or identifier.
src/controllers/ChatSyncController.ts(206,32): error TS1005: ',' expected.
src/controllers/ChatSyncController.ts(206,59): error TS1005: ',' expected.
src/controllers/ChatSyncController.ts(206,71): error TS1005: ';' expected.
src/controllers/ChatSyncController.ts(267,7): error TS1005: 'try' expected.
src/controllers/ChatSyncController.ts(274,3): error TS1128: Declaration or statement expected.
src/controllers/ChatSyncController.ts(276,1): error TS1128: Declaration or statement expected.
src/controllers/ClientVersionController.ts(303,5): error TS1005: ',' expected.
src/controllers/ClientVersionController.ts(303,6): error TS1068: Unexpected token. A constructor, method, accessor, or property was expected.
src/controllers/ClientVersionController.ts(307,5): error TS1434: Unexpected keyword or identifier.
src/controllers/ClientVersionController.ts(307,8): error TS1068: Unexpected token. A constructor, method, accessor, or property was expected.
src/controllers/ClientVersionController.ts(308,16): error TS1359: Identifier expected. 'true' is a reserved word that cannot be used here.
src/controllers/ClientVersionController.ts(308,20): error TS1005: ':' expected.
src/controllers/ClientVersionController.ts(314,3): error TS1128: Declaration or statement expected.
src/controllers/ClientVersionController.ts(314,10): error TS1434: Unexpected keyword or identifier.
src/controllers/ClientVersionController.ts(314,40): error TS1005: ',' expected.
src/controllers/ClientVersionController.ts(314,54): error TS1005: ',' expected.
src/controllers/ClientVersionController.ts(314,66): error TS1005: ';' expected.
src/controllers/ClientVersionController.ts(338,3): error TS1128: Declaration or statement expected.
src/controllers/ClientVersionController.ts(338,10): error TS1434: Unexpected keyword or identifier.
src/controllers/ClientVersionController.ts(338,39): error TS1005: ',' expected.
src/controllers/ClientVersionController.ts(338,53): error TS1005: ',' expected.
src/controllers/ClientVersionController.ts(338,65): error TS1005: ';' expected.
src/controllers/ClientVersionController.ts(373,3): error TS1128: Declaration or statement expected.
src/controllers/ClientVersionController.ts(373,10): error TS1434: Unexpected keyword or identifier.
src/controllers/ClientVersionController.ts(373,44): error TS1005: ',' expected.
src/controllers/ClientVersionController.ts(373,58): error TS1005: ',' expected.
src/controllers/ClientVersionController.ts(373,70): error TS1005: ';' expected.
src/controllers/ClientVersionController.ts(417,3): error TS1128: Declaration or statement expected.
src/controllers/ClientVersionController.ts(417,10): error TS1434: Unexpected keyword or identifier.
src/controllers/ClientVersionController.ts(417,39): error TS1005: ',' expected.
src/controllers/ClientVersionController.ts(417,53): error TS1005: ',' expected.
src/controllers/ClientVersionController.ts(417,65): error TS1005: ';' expected.
src/controllers/ClientVersionController.ts(466,3): error TS1128: Declaration or statement expected.
src/controllers/ClientVersionController.ts(466,10): error TS1434: Unexpected keyword or identifier.
src/controllers/ClientVersionController.ts(466,39): error TS1005: ',' expected.
src/controllers/ClientVersionController.ts(466,53): error TS1005: ',' expected.
src/controllers/ClientVersionController.ts(466,65): error TS1005: ';' expected.
src/controllers/ClientVersionController.ts(522,3): error TS1128: Declaration or statement expected.
src/controllers/ClientVersionController.ts(525,3): error TS1128: Declaration or statement expected.
src/controllers/ClientVersionController.ts(525,10): error TS1434: Unexpected keyword or identifier.
src/controllers/ClientVersionController.ts(525,32): error TS1005: ',' expected.
src/controllers/ClientVersionController.ts(525,46): error TS1005: ',' expected.
src/controllers/ClientVersionController.ts(525,58): error TS1005: ';' expected.
src/controllers/ClientVersionController.ts(535,3): error TS1128: Declaration or statement expected.
src/controllers/ClientVersionController.ts(535,10): error TS1434: Unexpected keyword or identifier.
src/controllers/ClientVersionController.ts(535,27): error TS1005: ',' expected.
src/controllers/ClientVersionController.ts(535,41): error TS1005: ',' expected.
src/controllers/ClientVersionController.ts(535,53): error TS1005: ';' expected.
src/controllers/ClientVersionController.ts(563,3): error TS1128: Declaration or statement expected.
src/controllers/ClientVersionController.ts(563,10): error TS1434: Unexpected keyword or identifier.
src/controllers/ClientVersionController.ts(563,27): error TS1005: ',' expected.
src/controllers/ClientVersionController.ts(563,41): error TS1005: ',' expected.
src/controllers/ClientVersionController.ts(563,53): error TS1005: ';' expected.
src/controllers/ClientVersionController.ts(582,3): error TS1128: Declaration or statement expected.
src/controllers/ClientVersionController.ts(582,10): error TS1434: Unexpected keyword or identifier.
src/controllers/ClientVersionController.ts(582,40): error TS1005: ',' expected.
src/controllers/ClientVersionController.ts(582,54): error TS1005: ',' expected.
src/controllers/ClientVersionController.ts(582,66): error TS1005: ';' expected.
src/controllers/ClientVersionController.ts(625,3): error TS1128: Declaration or statement expected.
src/controllers/ClientVersionController.ts(625,10): error TS1434: Unexpected keyword or identifier.
src/controllers/ClientVersionController.ts(625,42): error TS1005: ',' expected.
src/controllers/ClientVersionController.ts(625,56): error TS1005: ',' expected.
src/controllers/ClientVersionController.ts(625,68): error TS1005: ';' expected.
src/controllers/ClientVersionController.ts(652,1): error TS1128: Declaration or statement expected.
src/controllers/jobController.ts(115,5): error TS1472: 'catch' or 'finally' expected.
src/controllers/jobController.ts(154,5): error TS1005: ',' expected.
src/controllers/jobController.ts(162,1): error TS1128: Declaration or statement expected.
src/controllers/jobTypeController.ts(67,31): error TS1002: Unterminated string literal.
src/controllers/jobTypeController.ts(68,13): error TS1005: ',' expected.
src/controllers/jobTypeController.ts(80,50): error TS1002: Unterminated string literal.
src/controllers/jobTypeController.ts(93,27): error TS1002: Unterminated string literal.
src/controllers/jobTypeController.ts(94,13): error TS1005: ',' expected.
src/controllers/jobTypeController.ts(117,40): error TS1002: Unterminated string literal.
src/controllers/jobTypeController.ts(140,43): error TS1002: Unterminated string literal.
src/controllers/jobTypeController.ts(151,34): error TS1002: Unterminated string literal.
src/controllers/jobTypeController.ts(152,13): error TS1005: ',' expected.
src/controllers/LinkPreviewController.ts(100,40): error TS1002: Unterminated string literal.
src/controllers/LinkPreviewController.ts(101,9): error TS1005: ',' expected.
src/controllers/LinkPreviewController.ts(126,85): error TS1002: Unterminated string literal.
src/controllers/LinkPreviewController.ts(129,7): error TS1005: ',' expected.
src/controllers/LinkPreviewController.ts(144,7): error TS1005: 'try' expected.
src/controllers/LinkPreviewController.ts(149,3): error TS1472: 'catch' or 'finally' expected.
src/controllers/LinkPreviewController.ts(153,84): error TS1002: Unterminated string literal.
src/controllers/LinkPreviewController.ts(157,7): error TS1005: ',' expected.
src/controllers/LinkPreviewController.ts(175,7): error TS1005: 'try' expected.
src/controllers/LinkPreviewController.ts(179,1): error TS1472: 'catch' or 'finally' expected.
src/controllers/LinkPreviewController.ts(181,1): error TS1434: Unexpected keyword or identifier.
src/controllers/LinkPreviewController.ts(181,8): error TS1434: Unexpected keyword or identifier.
src/controllers/LinkPreviewController.ts(183,1): error TS1005: '}' expected.
src/controllers/PublicInvitationController.ts(101,9): error TS1128: Declaration or statement expected.
src/controllers/ServerAuthController.ts(12,5): error TS1068: Unexpected token. A constructor, method, accessor, or property was expected.
src/controllers/ServerAuthController.ts(79,3): error TS1128: Declaration or statement expected.
src/controllers/ServerAuthController.ts(82,3): error TS1128: Declaration or statement expected.
src/controllers/ServerAuthController.ts(82,10): error TS1434: Unexpected keyword or identifier.
src/controllers/ServerAuthController.ts(82,31): error TS1005: ',' expected.
src/controllers/ServerAuthController.ts(82,55): error TS1005: ',' expected.
src/controllers/ServerAuthController.ts(82,67): error TS1005: ';' expected.
src/controllers/ServerAuthController.ts(125,1): error TS1128: Declaration or statement expected.
src/controllers/ServerChatController.ts(32,9): error TS1472: 'catch' or 'finally' expected.
src/controllers/ServerChatController.ts(35,23): error TS1005: ';' expected.
src/controllers/ServerChatController.ts(36,21): error TS1005: ';' expected.
src/controllers/ServerChatController.ts(37,15): error TS1005: ';' expected.
src/controllers/ServerChatController.ts(38,21): error TS1005: ';' expected.
src/controllers/ServerChatController.ts(39,22): error TS1005: ';' expected.
src/controllers/ServerChatController.ts(40,19): error TS1005: ';' expected.
src/controllers/ServerChatController.ts(43,7): error TS1434: Unexpected keyword or identifier.
src/controllers/ServerChatController.ts(43,18): error TS1068: Unexpected token. A constructor, method, accessor, or property was expected.
src/controllers/ServerChatController.ts(45,7): error TS1434: Unexpected keyword or identifier.
src/controllers/ServerChatController.ts(45,13): error TS1068: Unexpected token. A constructor, method, accessor, or property was expected.
src/controllers/ServerChatController.ts(45,19): error TS1003: Identifier expected.
src/controllers/ServerChatController.ts(45,44): error TS1138: Parameter declaration expected.
src/controllers/ServerChatController.ts(49,35): error TS1005: ',' expected.
src/controllers/ServerChatController.ts(52,7): error TS1434: Unexpected keyword or identifier.
src/controllers/ServerChatController.ts(52,10): error TS1068: Unexpected token. A constructor, method, accessor, or property was expected.
src/controllers/ServerChatController.ts(53,18): error TS1359: Identifier expected. 'true' is a reserved word that cannot be used here.
src/controllers/ServerChatController.ts(53,22): error TS1005: ':' expected.
src/controllers/ServerChatController.ts(54,18): error TS1003: Identifier expected.
src/controllers/ServerChatController.ts(54,55): error TS1005: ':' expected.
src/controllers/ServerChatController.ts(57,19): error TS1003: Identifier expected.
src/controllers/ServerChatController.ts(57,31): error TS1005: ':' expected.
src/controllers/ServerChatController.ts(58,35): error TS1005: ',' expected.
src/controllers/ServerChatController.ts(62,7): error TS1005: 'try' expected.
src/controllers/ServerChatController.ts(69,3): error TS1128: Declaration or statement expected.
src/controllers/ServerChatController.ts(72,3): error TS1128: Declaration or statement expected.
src/controllers/ServerChatController.ts(72,10): error TS1434: Unexpected keyword or identifier.
src/controllers/ServerChatController.ts(72,36): error TS1005: ',' expected.
src/controllers/ServerChatController.ts(72,60): error TS1005: ',' expected.
src/controllers/ServerChatController.ts(72,72): error TS1005: ';' expected.
src/controllers/ServerChatController.ts(118,3): error TS1128: Declaration or statement expected.
src/controllers/ServerChatController.ts(118,10): error TS1434: Unexpected keyword or identifier.
src/controllers/ServerChatController.ts(118,31): error TS1005: ',' expected.
src/controllers/ServerChatController.ts(118,55): error TS1005: ',' expected.
src/controllers/ServerChatController.ts(118,67): error TS1005: ';' expected.
src/controllers/ServerChatController.ts(136,7): error TS1472: 'catch' or 'finally' expected.
src/controllers/ServerChatController.ts(148,26): error TS1005: ';' expected.
src/controllers/ServerChatController.ts(149,18): error TS1005: ';' expected.
src/controllers/ServerChatController.ts(150,19): error TS1005: ';' expected.
src/controllers/ServerChatController.ts(174,5): error TS1128: Declaration or statement expected.
src/controllers/ServerChatController.ts(174,7): error TS1005: 'try' expected.
src/controllers/ServerChatController.ts(181,3): error TS1128: Declaration or statement expected.
src/controllers/ServerChatController.ts(184,3): error TS1128: Declaration or statement expected.
src/controllers/ServerChatController.ts(184,10): error TS1434: Unexpected keyword or identifier.
src/controllers/ServerChatController.ts(184,34): error TS1005: ',' expected.
src/controllers/ServerChatController.ts(184,58): error TS1005: ',' expected.
src/controllers/ServerChatController.ts(184,70): error TS1005: ';' expected.
src/controllers/ServerChatController.ts(201,7): error TS1472: 'catch' or 'finally' expected.
src/controllers/ServerChatController.ts(218,7): error TS1005: 'try' expected.
src/controllers/ServerChatController.ts(225,3): error TS1128: Declaration or statement expected.
src/controllers/ServerChatController.ts(228,3): error TS1128: Declaration or statement expected.
src/controllers/ServerChatController.ts(228,10): error TS1434: Unexpected keyword or identifier.
src/controllers/ServerChatController.ts(228,40): error TS1005: ',' expected.
src/controllers/ServerChatController.ts(228,64): error TS1005: ',' expected.
src/controllers/ServerChatController.ts(228,76): error TS1005: ';' expected.
src/controllers/ServerChatController.ts(248,1): error TS1128: Declaration or statement expected.
src/controllers/ServerFileController.ts(29,7): error TS1472: 'catch' or 'finally' expected.
src/controllers/ServerFileController.ts(62,7): error TS1128: Declaration or statement expected.
src/controllers/ServerFileController.ts(100,19): error TS1005: ';' expected.
src/controllers/ServerFileController.ts(101,18): error TS1005: ';' expected.
src/controllers/ServerFileController.ts(102,18): error TS1005: ';' expected.
src/controllers/ServerFileController.ts(105,7): error TS1434: Unexpected keyword or identifier.
src/controllers/ServerFileController.ts(105,13): error TS1068: Unexpected token. A constructor, method, accessor, or property was expected.
src/controllers/ServerFileController.ts(105,19): error TS1003: Identifier expected.
src/controllers/ServerFileController.ts(105,58): error TS1005: ',' expected.
src/controllers/ServerFileController.ts(105,59): error TS1128: Declaration or statement expected.
src/controllers/ServerFileController.ts(169,1): error TS1160: Unterminated template literal.
src/controllers/ServerNotificationController.ts(31,7): error TS1472: 'catch' or 'finally' expected.
src/controllers/ServerNotificationController.ts(85,3): error TS1128: Declaration or statement expected.
src/controllers/ServerNotificationController.ts(85,10): error TS1434: Unexpected keyword or identifier.
src/controllers/ServerNotificationController.ts(85,40): error TS1005: ',' expected.
src/controllers/ServerNotificationController.ts(85,72): error TS1005: ',' expected.
src/controllers/ServerNotificationController.ts(85,84): error TS1005: ';' expected.
src/controllers/ServerNotificationController.ts(105,7): error TS1472: 'catch' or 'finally' expected.
src/controllers/ServerNotificationController.ts(156,7): error TS1005: 'try' expected.
src/controllers/ServerNotificationController.ts(163,3): error TS1128: Declaration or statement expected.
src/controllers/ServerNotificationController.ts(164,1): error TS1128: Declaration or statement expected.
src/controllers/ServerUserController.ts(148,14): error TS1005: ';' expected.
src/controllers/ServerUserController.ts(149,13): error TS1005: ';' expected.
src/controllers/ServerUserController.ts(150,18): error TS1005: ';' expected.
src/controllers/ServerUserController.ts(151,13): error TS1005: ';' expected.
src/controllers/ServerUserController.ts(152,15): error TS1005: ';' expected.
src/controllers/ServerUserController.ts(153,20): error TS1005: ';' expected.
src/controllers/ServerUserController.ts(154,18): error TS1005: ';' expected.
src/controllers/ServerUserController.ts(155,18): error TS1005: ';' expected.
src/controllers/ServerUserController.ts(156,8): error TS1472: 'catch' or 'finally' expected.
src/controllers/ServerUserController.ts(156,9): error TS1128: Declaration or statement expected.
src/controllers/ServerUserController.ts(175,1): error TS1128: Declaration or statement expected.
src/controllers/TranslationController.ts(16,17): error TS1005: ';' expected.
src/controllers/TranslationController.ts(19,17): error TS1005: ';' expected.
src/controllers/TranslationController.ts(20,1): error TS1128: Declaration or statement expected.
src/controllers/TranslationController.ts(20,2): error TS1128: Declaration or statement expected.
src/controllers/TranslationController.ts(27,18): error TS1005: ';' expected.
src/controllers/TranslationController.ts(33,17): error TS1005: ';' expected.
src/controllers/TranslationController.ts(34,1): error TS1128: Declaration or statement expected.
src/controllers/TranslationController.ts(34,2): error TS1128: Declaration or statement expected.
src/controllers/TranslationController.ts(41,1): error TS1128: Declaration or statement expected.
src/controllers/TranslationController.ts(41,2): error TS1128: Declaration or statement expected.
src/controllers/UserController.ts(502,14): error TS1005: ',' expected.
src/controllers/UserController.ts(502,22): error TS1005: ';' expected.
src/controllers/UserController.ts(512,3): error TS1128: Declaration or statement expected.
src/controllers/UserController.ts(512,4): error TS1128: Declaration or statement expected.
src/controllers/UserController.ts(517,3): error TS1128: Declaration or statement expected.
src/controllers/UserController.ts(542,3): error TS1128: Declaration or statement expected.
src/controllers/UserController.ts(559,3): error TS1128: Declaration or statement expected.
src/controllers/UserController.ts(584,3): error TS1128: Declaration or statement expected.
src/controllers/UserController.ts(597,1): error TS1128: Declaration or statement expected.
src/controllers/WhitelistController.ts(282,5): error TS1068: Unexpected token. A constructor, method, accessor, or property was expected.
src/controllers/WhitelistController.ts(294,3): error TS1128: Declaration or statement expected.
src/controllers/WhitelistController.ts(294,4): error TS1128: Declaration or statement expected.
src/controllers/WhitelistController.ts(295,1): error TS1128: Declaration or statement expected.
src/models/ClientVersion.ts(165,14): error TS1128: Declaration or statement expected.
src/models/ClientVersion.ts(173,14): error TS1128: Declaration or statement expected.
src/models/ClientVersion.ts(177,9): error TS1472: 'catch' or 'finally' expected.
src/models/ClientVersion.ts(199,40): error TS1005: ';' expected.
src/models/ClientVersion.ts(199,42): error TS1068: Unexpected token. A constructor, method, accessor, or property was expected.
src/models/ClientVersion.ts(223,5): error TS1128: Declaration or statement expected.
src/models/ClientVersion.ts(223,7): error TS1005: 'try' expected.
src/models/ClientVersion.ts(227,3): error TS1128: Declaration or statement expected.
src/models/ClientVersion.ts(229,3): error TS1128: Declaration or statement expected.
src/models/ClientVersion.ts(229,10): error TS1434: Unexpected keyword or identifier.
src/models/ClientVersion.ts(229,27): error TS1005: ',' expected.
src/models/ClientVersion.ts(229,41): error TS1109: Expression expected.
src/models/ClientVersion.ts(229,47): error TS1005: ';' expected.
src/models/ClientVersion.ts(230,9): error TS1005: ':' expected.
src/models/ClientVersion.ts(231,13): error TS1005: ':' expected.
src/models/ClientVersion.ts(231,89): error TS1005: ',' expected.
src/models/ClientVersion.ts(232,13): error TS1005: ':' expected.
src/models/ClientVersion.ts(243,17): error TS1005: ',' expected.
src/models/ClientVersion.ts(245,11): error TS1003: Identifier expected.
src/models/ClientVersion.ts(250,7): error TS1005: ',' expected.
src/models/ClientVersion.ts(250,13): error TS1005: ':' expected.
src/models/ClientVersion.ts(250,47): error TS1005: ',' expected.
src/models/ClientVersion.ts(253,13): error TS1005: ':' expected.
src/models/ClientVersion.ts(253,122): error TS1005: ',' expected.
src/models/ClientVersion.ts(254,13): error TS1005: ':' expected.
src/models/ClientVersion.ts(256,35): error TS1005: ',' expected.
src/models/ClientVersion.ts(258,13): error TS1005: ':' expected.
src/models/ClientVersion.ts(258,53): error TS1005: ',' expected.
src/models/ClientVersion.ts(260,14): error TS1005: ':' expected.
src/models/ClientVersion.ts(265,8): error TS1005: ',' expected.
src/models/ClientVersion.ts(266,7): error TS1005: ',' expected.
src/models/ClientVersion.ts(272,3): error TS1128: Declaration or statement expected.
src/models/ClientVersion.ts(272,10): error TS1434: Unexpected keyword or identifier.
src/models/ClientVersion.ts(272,27): error TS1005: ',' expected.
src/models/ClientVersion.ts(272,33): error TS1005: ';' expected.
src/models/ClientVersion.ts(273,9): error TS1005: ':' expected.
src/models/ClientVersion.ts(274,13): error TS1005: ':' expected.
src/models/ClientVersion.ts(274,43): error TS1005: ',' expected.
src/models/ClientVersion.ts(275,11): error TS1003: Identifier expected.
src/models/ClientVersion.ts(279,7): error TS1005: ',' expected.
src/models/ClientVersion.ts(279,14): error TS1005: ':' expected.
src/models/ClientVersion.ts(306,9): error TS1005: ',' expected.
src/models/ClientVersion.ts(307,7): error TS1005: ',' expected.
src/models/ClientVersion.ts(313,3): error TS1128: Declaration or statement expected.
src/models/ClientVersion.ts(313,10): error TS1434: Unexpected keyword or identifier.
src/models/ClientVersion.ts(313,25): error TS1005: ',' expected.
src/models/ClientVersion.ts(313,39): error TS1005: ',' expected.
src/models/ClientVersion.ts(313,45): error TS1005: ';' expected.
src/models/ClientVersion.ts(314,9): error TS1005: ':' expected.
src/models/ClientVersion.ts(315,14): error TS1005: ':' expected.
src/models/ClientVersion.ts(356,9): error TS1005: ',' expected.
src/models/ClientVersion.ts(357,7): error TS1005: ',' expected.
src/models/ClientVersion.ts(363,3): error TS1128: Declaration or statement expected.
src/models/ClientVersion.ts(363,10): error TS1434: Unexpected keyword or identifier.
src/models/ClientVersion.ts(363,25): error TS1005: ')' expected.
src/models/ClientVersion.ts(363,27): error TS1434: Unexpected keyword or identifier.
src/models/ClientVersion.ts(363,33): error TS1128: Declaration or statement expected.
src/models/ClientVersion.ts(363,34): error TS1128: Declaration or statement expected.
src/models/ClientVersion.ts(363,48): error TS1109: Expression expected.
src/models/ClientVersion.ts(364,9): error TS1005: ':' expected.
src/models/ClientVersion.ts(365,13): error TS1005: ',' expected.
src/models/ClientVersion.ts(365,16): error TS1003: Identifier expected.
src/models/ClientVersion.ts(365,36): error TS1005: '{' expected.
src/models/ClientVersion.ts(365,58): error TS1005: ',' expected.
src/models/ClientVersion.ts(366,7): error TS1005: ',' expected.
src/models/ClientVersion.ts(373,3): error TS1128: Declaration or statement expected.
src/models/ClientVersion.ts(373,10): error TS1434: Unexpected keyword or identifier.
src/models/ClientVersion.ts(373,31): error TS1005: ',' expected.
src/models/ClientVersion.ts(373,65): error TS1011: An element access expression should take an argument.
src/models/ClientVersion.ts(373,67): error TS1005: ';' expected.
src/models/ClientVersion.ts(374,9): error TS1005: ':' expected.
src/models/ClientVersion.ts(375,13): error TS1005: ':' expected.
src/models/ClientVersion.ts(375,24): error TS1005: ',' expected.
src/models/ClientVersion.ts(375,32): error TS1005: ',' expected.
src/models/ClientVersion.ts(375,33): error TS1109: Expression expected.
src/models/ClientVersion.ts(375,35): error TS1005: ':' expected.
src/models/ClientVersion.ts(375,39): error TS1005: ',' expected.
src/models/ClientVersion.ts(378,13): error TS1005: ':' expected.
src/models/ClientVersion.ts(378,47): error TS1005: ',' expected.
src/models/ClientVersion.ts(379,11): error TS1003: Identifier expected.
src/models/ClientVersion.ts(384,7): error TS1005: ',' expected.
src/models/ClientVersion.ts(384,13): error TS1005: ',' expected.
src/models/ClientVersion.ts(384,15): error TS1005: ',' expected.
src/models/ClientVersion.ts(397,9): error TS1005: ',' expected.
src/models/ClientVersion.ts(400,13): error TS1005: ':' expected.
src/models/ClientVersion.ts(400,25): error TS1005: ',' expected.
src/models/ClientVersion.ts(401,12): error TS1359: Identifier expected. 'const' is a reserved word that cannot be used here.
src/models/ClientVersion.ts(401,18): error TS1005: ',' expected.
src/models/ClientVersion.ts(401,21): error TS1005: ',' expected.
src/models/ClientVersion.ts(401,24): error TS1005: ',' expected.
src/models/ClientVersion.ts(412,7): error TS1005: ',' expected.
src/models/ClientVersion.ts(412,14): error TS1005: ':' expected.
src/models/ClientVersion.ts(412,21): error TS1005: ',' expected.
src/models/ClientVersion.ts(413,7): error TS1005: ',' expected.
src/models/ClientVersion.ts(419,3): error TS1128: Declaration or statement expected.
src/models/ClientVersion.ts(419,10): error TS1434: Unexpected keyword or identifier.
src/models/ClientVersion.ts(419,37): error TS1005: ',' expected.
src/models/ClientVersion.ts(419,43): error TS1005: ';' expected.
src/models/ClientVersion.ts(420,9): error TS1005: ':' expected.
src/models/ClientVersion.ts(421,13): error TS1005: ':' expected.
src/models/ClientVersion.ts(421,23): error TS1005: ',' expected.
src/models/ClientVersion.ts(425,8): error TS1005: ',' expected.
src/models/ClientVersion.ts(428,15): error TS1005: ',' expected.
src/models/ClientVersion.ts(428,36): error TS1005: ',' expected.
src/models/ClientVersion.ts(428,38): error TS1136: Property assignment expected.
src/models/ClientVersion.ts(476,5): error TS1128: Declaration or statement expected.
src/models/ClientVersion.ts(476,7): error TS1005: 'try' expected.
src/models/ClientVersion.ts(480,3): error TS1128: Declaration or statement expected.
src/models/ClientVersion.ts(482,3): error TS1128: Declaration or statement expected.
src/models/ClientVersion.ts(482,10): error TS1434: Unexpected keyword or identifier.
src/models/ClientVersion.ts(482,30): error TS1005: ';' expected.
src/models/ClientVersion.ts(482,47): error TS1011: An element access expression should take an argument.
src/models/ClientVersion.ts(483,9): error TS1005: ':' expected.
src/models/ClientVersion.ts(484,13): error TS1005: ':' expected.
src/models/ClientVersion.ts(488,29): error TS1005: ',' expected.
src/models/ClientVersion.ts(489,14): error TS1005: ':' expected.
src/models/ClientVersion.ts(489,45): error TS1005: ',' expected.
src/models/ClientVersion.ts(490,7): error TS1005: ',' expected.
src/models/ClientVersion.ts(496,3): error TS1128: Declaration or statement expected.
src/models/ClientVersion.ts(496,10): error TS1434: Unexpected keyword or identifier.
src/models/ClientVersion.ts(496,39): error TS1005: ',' expected.
src/models/ClientVersion.ts(496,62): error TS1005: ',' expected.
src/models/ClientVersion.ts(496,82): error TS1109: Expression expected.
src/models/ClientVersion.ts(496,108): error TS1109: Expression expected.
src/models/ClientVersion.ts(496,117): error TS1005: ';' expected.
src/models/ClientVersion.ts(497,9): error TS1005: ':' expected.
src/models/ClientVersion.ts(498,11): error TS1003: Identifier expected.
src/models/ClientVersion.ts(502,7): error TS1005: ',' expected.
src/models/ClientVersion.ts(502,11): error TS1005: ',' expected.
src/models/ClientVersion.ts(505,47): error TS1005: ',' expected.
src/models/ClientVersion.ts(511,7): error TS1005: ',' expected.
src/models/ClientVersion.ts(511,13): error TS1005: ':' expected.
src/models/ClientVersion.ts(511,41): error TS1005: ',' expected.
src/models/ClientVersion.ts(512,15): error TS1005: ':' expected.
src/models/ClientVersion.ts(512,22): error TS1005: ',' expected.
src/models/ClientVersion.ts(513,7): error TS1005: ',' expected.
src/models/ClientVersion.ts(520,3): error TS1128: Declaration or statement expected.
src/models/ClientVersion.ts(520,10): error TS1434: Unexpected keyword or identifier.
src/models/ClientVersion.ts(520,39): error TS1005: ',' expected.
src/models/ClientVersion.ts(520,55): error TS1005: ',' expected.
src/models/ClientVersion.ts(520,64): error TS1011: An element access expression should take an argument.
src/models/ClientVersion.ts(520,77): error TS1109: Expression expected.
src/models/ClientVersion.ts(520,86): error TS1005: ';' expected.
src/models/ClientVersion.ts(520,100): error TS1109: Expression expected.
src/models/ClientVersion.ts(521,9): error TS1005: ':' expected.
src/models/ClientVersion.ts(522,13): error TS1005: ',' expected.
src/models/ClientVersion.ts(522,81): error TS1005: ',' expected.
src/models/ClientVersion.ts(524,13): error TS1005: ',' expected.
src/models/ClientVersion.ts(524,15): error TS1005: ',' expected.
src/models/ClientVersion.ts(547,9): error TS1005: ',' expected.
src/models/ClientVersion.ts(548,7): error TS1005: ',' expected.
src/models/ClientVersion.ts(554,3): error TS1128: Declaration or statement expected.
src/models/ClientVersion.ts(554,10): error TS1434: Unexpected keyword or identifier.
src/models/ClientVersion.ts(554,39): error TS1005: ',' expected.
src/models/ClientVersion.ts(554,53): error TS1109: Expression expected.
src/models/ClientVersion.ts(554,59): error TS1005: ';' expected.
src/models/ClientVersion.ts(554,73): error TS1011: An element access expression should take an argument.
src/models/ClientVersion.ts(555,9): error TS1005: ':' expected.
src/models/ClientVersion.ts(556,13): error TS1005: ':' expected.
src/models/ClientVersion.ts(556,89): error TS1005: ',' expected.
src/models/ClientVersion.ts(557,13): error TS1005: ':' expected.
src/models/ClientVersion.ts(562,27): error TS1005: ',' expected.
src/models/ClientVersion.ts(565,14): error TS1005: ':' expected.
src/models/ClientVersion.ts(565,18): error TS1005: ',' expected.
src/models/ClientVersion.ts(566,7): error TS1005: ',' expected.
src/models/ClientVersion.ts(572,3): error TS1128: Declaration or statement expected.
src/models/ClientVersion.ts(572,10): error TS1434: Unexpected keyword or identifier.
src/models/ClientVersion.ts(572,53): error TS1005: ',' expected.
src/models/ClientVersion.ts(572,62): error TS1005: ';' expected.
src/models/ClientVersion.ts(572,103): error TS1011: An element access expression should take an argument.
src/models/ClientVersion.ts(573,9): error TS1005: ':' expected.
src/models/ClientVersion.ts(574,13): error TS1005: ':' expected.
src/models/ClientVersion.ts(577,25): error TS1005: ',' expected.
src/models/ClientVersion.ts(579,14): error TS1005: ':' expected.
src/models/ClientVersion.ts(579,21): error TS1005: ',' expected.
src/models/ClientVersion.ts(580,7): error TS1005: ',' expected.
src/models/ClientVersion.ts(589,3): error TS1128: Declaration or statement expected.
src/models/ClientVersion.ts(589,10): error TS1434: Unexpected keyword or identifier.
src/models/ClientVersion.ts(589,27): error TS1005: ';' expected.
src/models/ClientVersion.ts(590,9): error TS1005: ':' expected.
src/models/ClientVersion.ts(592,13): error TS1005: ',' expected.
src/models/ClientVersion.ts(592,16): error TS1003: Identifier expected.
src/models/ClientVersion.ts(592,55): error TS1005: '{' expected.
src/models/ClientVersion.ts(592,61): error TS1005: ',' expected.
src/models/ClientVersion.ts(595,13): error TS1005: ',' expected.
src/models/ClientVersion.ts(595,16): error TS1003: Identifier expected.
src/models/ClientVersion.ts(596,9): error TS1005: ',' expected.
src/models/ClientVersion.ts(597,15): error TS1005: ',' expected.
src/models/ClientVersion.ts(600,13): error TS1005: ':' expected.
src/models/ClientVersion.ts(600,63): error TS1005: ',' expected.
src/models/ClientVersion.ts(602,13): error TS1005: ',' expected.
src/models/ClientVersion.ts(602,74): error TS1005: ',' expected.
src/models/ClientVersion.ts(603,14): error TS1005: ':' expected.
src/models/ClientVersion.ts(603,26): error TS1005: ',' expected.
src/models/ClientVersion.ts(604,7): error TS1005: ',' expected.
src/models/ClientVersion.ts(609,1): error TS1128: Declaration or statement expected.
src/models/ContextField.ts(62,9): error TS1003: Identifier expected.
src/models/ContextField.ts(62,17): error TS1144: '{' or ';' expected.
src/models/ContextField.ts(80,3): error TS1128: Declaration or statement expected.
src/models/ContextField.ts(82,3): error TS1128: Declaration or statement expected.
src/models/ContextField.ts(82,10): error TS1434: Unexpected keyword or identifier.
src/models/ContextField.ts(82,32): error TS1109: Expression expected.
src/models/ContextField.ts(83,20): error TS1005: ',' expected.
src/models/ContextField.ts(84,18): error TS1005: ',' expected.
src/models/ContextField.ts(85,23): error TS1005: ',' expected.
src/models/ContextField.ts(86,18): error TS1005: ',' expected.
src/models/ContextField.ts(87,19): error TS1005: ',' expected.
src/models/ContextField.ts(88,5): error TS1005: ';' expected.
src/models/ContextField.ts(88,38): error TS1011: An element access expression should take an argument.
src/models/ContextField.ts(88,39): error TS1005: ',' expected.
src/models/ContextField.ts(89,9): error TS1005: ':' expected.
src/models/ContextField.ts(90,11): error TS1005: ',' expected.
src/models/ContextField.ts(98,69): error TS1005: ',' expected.
src/models/ContextField.ts(101,18): error TS1005: ',' expected.
src/models/ContextField.ts(108,7): error TS1005: ',' expected.
src/models/ContextField.ts(108,18): error TS1005: ',' expected.
src/models/ContextField.ts(112,7): error TS1005: ',' expected.
src/models/ContextField.ts(112,18): error TS1005: ',' expected.
src/models/ContextField.ts(112,29): error TS1005: ',' expected.
src/models/ContextField.ts(112,42): error TS1005: ',' expected.
src/models/ContextField.ts(112,44): error TS1136: Property assignment expected.
src/models/ContextField.ts(165,5): error TS1128: Declaration or statement expected.
src/models/ContextField.ts(165,7): error TS1005: 'try' expected.
src/models/ContextField.ts(169,3): error TS1128: Declaration or statement expected.
src/models/ContextField.ts(171,3): error TS1128: Declaration or statement expected.
src/models/ContextField.ts(171,10): error TS1434: Unexpected keyword or identifier.
src/models/ContextField.ts(171,27): error TS1005: ',' expected.
src/models/ContextField.ts(171,36): error TS1005: ';' expected.
src/models/ContextField.ts(172,9): error TS1005: ':' expected.
src/models/ContextField.ts(173,13): error TS1005: ':' expected.
src/models/ContextField.ts(182,17): error TS1005: ',' expected.
src/models/ContextField.ts(184,11): error TS1003: Identifier expected.
src/models/ContextField.ts(184,19): error TS1005: '{' expected.
src/models/ContextField.ts(184,26): error TS1005: ':' expected.
src/models/ContextField.ts(184,30): error TS1005: ',' expected.
src/models/ContextField.ts(186,13): error TS1005: ':' expected.
src/models/ContextField.ts(186,74): error TS1005: ',' expected.
src/models/ContextField.ts(187,14): error TS1005: ':' expected.
src/models/ContextField.ts(199,8): error TS1005: ',' expected.
src/models/ContextField.ts(200,7): error TS1005: ',' expected.
src/models/ContextField.ts(206,3): error TS1128: Declaration or statement expected.
src/models/ContextField.ts(206,10): error TS1434: Unexpected keyword or identifier.
src/models/ContextField.ts(206,29): error TS1005: ',' expected.
src/models/ContextField.ts(206,38): error TS1005: ';' expected.
src/models/ContextField.ts(207,9): error TS1005: ':' expected.
src/models/ContextField.ts(208,13): error TS1005: ':' expected.
src/models/ContextField.ts(217,17): error TS1005: ',' expected.
src/models/ContextField.ts(219,11): error TS1003: Identifier expected.
src/models/ContextField.ts(223,7): error TS1005: ',' expected.
src/models/ContextField.ts(223,13): error TS1005: ':' expected.
src/models/ContextField.ts(223,74): error TS1005: ',' expected.
src/models/ContextField.ts(224,14): error TS1005: ':' expected.
src/models/ContextField.ts(236,8): error TS1005: ',' expected.
src/models/ContextField.ts(237,7): error TS1005: ',' expected.
src/models/ContextField.ts(243,3): error TS1128: Declaration or statement expected.
src/models/ContextField.ts(243,10): error TS1434: Unexpected keyword or identifier.
src/models/ContextField.ts(243,27): error TS1005: ',' expected.
src/models/ContextField.ts(243,52): error TS1005: ';' expected.
src/models/ContextField.ts(244,9): error TS1005: ':' expected.
src/models/ContextField.ts(245,13): error TS1005: ':' expected.
src/models/ContextField.ts(255,8): error TS1005: ',' expected.
src/models/ContextField.ts(257,13): error TS1005: ':' expected.
src/models/ContextField.ts(257,81): error TS1005: ',' expected.
src/models/ContextField.ts(258,13): error TS1005: ':' expected.
src/models/ContextField.ts(258,46): error TS1005: ',' expected.
src/models/ContextField.ts(260,11): error TS1003: Identifier expected.
src/models/ContextField.ts(264,7): error TS1005: ',' expected.
src/models/ContextField.ts(264,14): error TS1005: ':' expected.
src/models/ContextField.ts(264,21): error TS1005: ',' expected.
src/models/ContextField.ts(265,7): error TS1005: ',' expected.
src/models/ContextField.ts(271,3): error TS1128: Declaration or statement expected.
src/models/ContextField.ts(271,10): error TS1434: Unexpected keyword or identifier.
src/models/ContextField.ts(271,25): error TS1005: ',' expected.
src/models/ContextField.ts(271,39): error TS1005: ',' expected.
src/models/ContextField.ts(271,64): error TS1005: ';' expected.
src/models/ContextField.ts(272,9): error TS1005: ':' expected.
src/models/ContextField.ts(273,13): error TS1005: ':' expected.
src/models/ContextField.ts(273,23): error TS1005: ',' expected.
src/models/ContextField.ts(276,8): error TS1005: ',' expected.
src/models/ContextField.ts(279,15): error TS1005: ',' expected.
src/models/ContextField.ts(279,34): error TS1005: ',' expected.
src/models/ContextField.ts(279,36): error TS1136: Property assignment expected.
src/models/ContextField.ts(300,5): error TS1128: Declaration or statement expected.
src/models/ContextField.ts(300,7): error TS1005: 'try' expected.
src/models/ContextField.ts(304,3): error TS1128: Declaration or statement expected.
src/models/ContextField.ts(306,3): error TS1128: Declaration or statement expected.
src/models/ContextField.ts(306,10): error TS1434: Unexpected keyword or identifier.
src/models/ContextField.ts(306,25): error TS1005: ')' expected.
src/models/ContextField.ts(306,27): error TS1434: Unexpected keyword or identifier.
src/models/ContextField.ts(306,33): error TS1128: Declaration or statement expected.
src/models/ContextField.ts(306,34): error TS1128: Declaration or statement expected.
src/models/ContextField.ts(307,9): error TS1005: ':' expected.
src/models/ContextField.ts(308,13): error TS1005: ':' expected.
src/models/ContextField.ts(310,15): error TS1005: ',' expected.
src/models/ContextField.ts(312,14): error TS1005: ':' expected.
src/models/ContextField.ts(312,25): error TS1005: ',' expected.
src/models/ContextField.ts(313,7): error TS1005: ',' expected.
src/models/ContextField.ts(320,3): error TS1128: Declaration or statement expected.
src/models/ContextField.ts(320,25): error TS1005: ',' expected.
src/models/ContextField.ts(320,34): error TS1005: ';' expected.
src/models/ContextField.ts(320,36): error TS1434: Unexpected keyword or identifier.
src/models/ContextField.ts(325,3): error TS1128: Declaration or statement expected.
src/models/ContextField.ts(325,30): error TS1005: ',' expected.
src/models/ContextField.ts(325,48): error TS1109: Expression expected.
src/models/ContextField.ts(325,69): error TS1011: An element access expression should take an argument.
src/models/ContextField.ts(325,71): error TS1005: ';' expected.
src/models/ContextField.ts(325,73): error TS1434: Unexpected keyword or identifier.
src/models/ContextField.ts(336,3): error TS1128: Declaration or statement expected.
src/models/ContextField.ts(336,35): error TS1005: ',' expected.
src/models/ContextField.ts(336,58): error TS1109: Expression expected.
src/models/ContextField.ts(336,67): error TS1005: ';' expected.
src/models/ContextField.ts(336,69): error TS1434: Unexpected keyword or identifier.
src/models/ContextField.ts(359,3): error TS1128: Declaration or statement expected.
src/models/ContextField.ts(359,40): error TS1005: ',' expected.
src/models/ContextField.ts(359,55): error TS1005: ';' expected.
src/models/ContextField.ts(359,57): error TS1434: Unexpected keyword or identifier.
src/models/ContextField.ts(379,3): error TS1128: Declaration or statement expected.
src/models/ContextField.ts(379,41): error TS1005: ',' expected.
src/models/ContextField.ts(379,51): error TS1005: ';' expected.
src/models/ContextField.ts(385,1): error TS1128: Declaration or statement expected.
src/models/GameWorld.ts(346,9): error TS1005: ',' expected.
src/models/GameWorld.ts(383,8): error TS1472: 'catch' or 'finally' expected.
src/models/GameWorld.ts(390,3): error TS1128: Declaration or statement expected.
src/models/GameWorld.ts(390,10): error TS1434: Unexpected keyword or identifier.
src/models/GameWorld.ts(390,25): error TS1005: ')' expected.
src/models/GameWorld.ts(390,27): error TS1434: Unexpected keyword or identifier.
src/models/GameWorld.ts(390,33): error TS1128: Declaration or statement expected.
src/models/GameWorld.ts(390,34): error TS1128: Declaration or statement expected.
src/models/GameWorld.ts(391,9): error TS1005: ':' expected.
src/models/GameWorld.ts(392,13): error TS1005: ':' expected.
src/models/GameWorld.ts(394,15): error TS1005: ',' expected.
src/models/GameWorld.ts(396,14): error TS1005: ':' expected.
src/models/GameWorld.ts(396,24): error TS1005: ',' expected.
src/models/GameWorld.ts(397,7): error TS1005: ',' expected.
src/models/GameWorld.ts(403,3): error TS1128: Declaration or statement expected.
src/models/GameWorld.ts(403,10): error TS1434: Unexpected keyword or identifier.
src/models/GameWorld.ts(403,30): error TS1005: ',' expected.
src/models/GameWorld.ts(403,50): error TS1109: Expression expected.
src/models/GameWorld.ts(403,76): error TS1109: Expression expected.
src/models/GameWorld.ts(403,85): error TS1005: ';' expected.
src/models/GameWorld.ts(404,9): error TS1005: ':' expected.
src/models/GameWorld.ts(405,13): error TS1005: ':' expected.
src/models/GameWorld.ts(405,65): error TS1005: ',' expected.
src/models/GameWorld.ts(406,11): error TS1005: ',' expected.
src/models/GameWorld.ts(409,29): error TS1005: ',' expected.
src/models/GameWorld.ts(415,7): error TS1005: ',' expected.
src/models/GameWorld.ts(415,13): error TS1005: ':' expected.
src/models/GameWorld.ts(415,41): error TS1005: ',' expected.
src/models/GameWorld.ts(416,14): error TS1005: ':' expected.
src/models/GameWorld.ts(416,44): error TS1005: ',' expected.
src/models/GameWorld.ts(417,7): error TS1005: ',' expected.
src/models/GameWorld.ts(423,3): error TS1128: Declaration or statement expected.
src/models/GameWorld.ts(423,10): error TS1434: Unexpected keyword or identifier.
src/models/GameWorld.ts(423,48): error TS1005: ',' expected.
src/models/GameWorld.ts(423,62): error TS1005: ',' expected.
src/models/GameWorld.ts(423,87): error TS1011: An element access expression should take an argument.
src/models/GameWorld.ts(423,89): error TS1005: ';' expected.
src/models/GameWorld.ts(423,103): error TS1109: Expression expected.
src/models/GameWorld.ts(424,9): error TS1005: ':' expected.
src/models/GameWorld.ts(427,13): error TS1005: ',' expected.
src/models/GameWorld.ts(427,15): error TS1005: ',' expected.
src/models/GameWorld.ts(442,9): error TS1005: ',' expected.
src/models/GameWorld.ts(444,13): error TS1005: ',' expected.
src/models/GameWorld.ts(444,61): error TS1005: ',' expected.
src/models/GameWorld.ts(445,7): error TS1005: ',' expected.
src/models/GameWorld.ts(451,3): error TS1128: Declaration or statement expected.
src/models/GameWorld.ts(451,10): error TS1434: Unexpected keyword or identifier.
src/models/GameWorld.ts(451,25): error TS1005: ',' expected.
src/models/GameWorld.ts(451,34): error TS1005: ';' expected.
src/models/GameWorld.ts(452,9): error TS1005: ':' expected.
src/models/GameWorld.ts(454,13): error TS1005: ':' expected.
src/models/GameWorld.ts(454,51): error TS1005: ',' expected.
src/models/GameWorld.ts(455,11): error TS1003: Identifier expected.
src/models/GameWorld.ts(455,26): error TS1005: '{' expected.
src/models/GameWorld.ts(455,33): error TS1005: ':' expected.
src/models/GameWorld.ts(455,38): error TS1005: ',' expected.
src/models/GameWorld.ts(458,13): error TS1005: ':' expected.
src/models/GameWorld.ts(461,17): error TS1005: ',' expected.
src/models/GameWorld.ts(463,11): error TS1003: Identifier expected.
src/models/GameWorld.ts(463,23): error TS1005: '{' expected.
src/models/GameWorld.ts(463,30): error TS1005: ':' expected.
src/models/GameWorld.ts(463,35): error TS1005: ',' expected.
src/models/GameWorld.ts(466,13): error TS1005: ',' expected.
src/models/GameWorld.ts(466,16): error TS1003: Identifier expected.
src/models/GameWorld.ts(467,9): error TS1005: ',' expected.
src/models/GameWorld.ts(468,58): error TS1005: ',' expected.
src/models/GameWorld.ts(470,13): error TS1005: ',' expected.
src/models/GameWorld.ts(470,16): error TS1003: Identifier expected.
src/models/GameWorld.ts(471,9): error TS1005: ',' expected.
src/models/GameWorld.ts(472,61): error TS1005: ',' expected.
src/models/GameWorld.ts(474,14): error TS1005: ':' expected.
src/models/GameWorld.ts(474,18): error TS1005: ',' expected.
src/models/GameWorld.ts(475,7): error TS1005: ',' expected.
src/models/GameWorld.ts(481,3): error TS1128: Declaration or statement expected.
src/models/GameWorld.ts(481,10): error TS1434: Unexpected keyword or identifier.
src/models/GameWorld.ts(481,27): error TS1005: ',' expected.
src/models/GameWorld.ts(481,36): error TS1005: ';' expected.
src/models/GameWorld.ts(482,9): error TS1005: ':' expected.
src/models/GameWorld.ts(484,13): error TS1005: ':' expected.
src/models/GameWorld.ts(484,51): error TS1005: ',' expected.
src/models/GameWorld.ts(485,11): error TS1003: Identifier expected.
src/models/GameWorld.ts(485,26): error TS1005: '{' expected.
src/models/GameWorld.ts(485,33): error TS1005: ':' expected.
src/models/GameWorld.ts(485,38): error TS1005: ',' expected.
src/models/GameWorld.ts(488,13): error TS1005: ':' expected.
src/models/GameWorld.ts(491,17): error TS1005: ',' expected.
src/models/GameWorld.ts(493,11): error TS1003: Identifier expected.
src/models/GameWorld.ts(493,23): error TS1005: '{' expected.
src/models/GameWorld.ts(493,30): error TS1005: ':' expected.
src/models/GameWorld.ts(493,35): error TS1005: ',' expected.
src/models/GameWorld.ts(496,13): error TS1005: ',' expected.
src/models/GameWorld.ts(496,16): error TS1003: Identifier expected.
src/models/GameWorld.ts(497,9): error TS1005: ',' expected.
src/models/GameWorld.ts(498,58): error TS1005: ',' expected.
src/models/GameWorld.ts(500,13): error TS1005: ',' expected.
src/models/GameWorld.ts(500,16): error TS1003: Identifier expected.
src/models/GameWorld.ts(501,9): error TS1005: ',' expected.
src/models/GameWorld.ts(502,61): error TS1005: ',' expected.
src/models/GameWorld.ts(504,14): error TS1005: ':' expected.
src/models/GameWorld.ts(504,18): error TS1005: ',' expected.
src/models/GameWorld.ts(505,7): error TS1005: ',' expected.
src/models/GameWorld.ts(510,1): error TS1128: Declaration or statement expected.
src/models/IpWhitelist.ts(74,10): error TS1005: ',' expected.
src/models/IpWhitelist.ts(95,8): error TS1472: 'catch' or 'finally' expected.
src/models/IpWhitelist.ts(135,3): error TS1128: Declaration or statement expected.
src/models/IpWhitelist.ts(135,10): error TS1434: Unexpected keyword or identifier.
src/models/IpWhitelist.ts(135,27): error TS1005: ',' expected.
src/models/IpWhitelist.ts(135,48): error TS1005: ',' expected.
src/models/IpWhitelist.ts(135,57): error TS1005: ';' expected.
src/models/IpWhitelist.ts(136,9): error TS1005: ':' expected.
src/models/IpWhitelist.ts(137,11): error TS1003: Identifier expected.
src/models/IpWhitelist.ts(140,7): error TS1005: ',' expected.
src/models/IpWhitelist.ts(140,13): error TS1005: ':' expected.
src/models/IpWhitelist.ts(150,17): error TS1005: ',' expected.
src/models/IpWhitelist.ts(152,14): error TS1005: ':' expected.
src/models/IpWhitelist.ts(152,72): error TS1005: ',' expected.
src/models/IpWhitelist.ts(153,7): error TS1005: ',' expected.
src/models/IpWhitelist.ts(159,3): error TS1128: Declaration or statement expected.
src/models/IpWhitelist.ts(159,10): error TS1434: Unexpected keyword or identifier.
src/models/IpWhitelist.ts(159,27): error TS1005: ',' expected.
src/models/IpWhitelist.ts(159,45): error TS1005: ',' expected.
src/models/IpWhitelist.ts(159,54): error TS1005: ';' expected.
src/models/IpWhitelist.ts(160,9): error TS1005: ':' expected.
src/models/IpWhitelist.ts(161,11): error TS1003: Identifier expected.
src/models/IpWhitelist.ts(164,7): error TS1005: ',' expected.
src/models/IpWhitelist.ts(164,13): error TS1005: ':' expected.
src/models/IpWhitelist.ts(169,9): error TS1005: ',' expected.
src/models/IpWhitelist.ts(171,14): error TS1005: ':' expected.
src/models/IpWhitelist.ts(171,56): error TS1005: ',' expected.
src/models/IpWhitelist.ts(172,7): error TS1005: ',' expected.
src/models/IpWhitelist.ts(178,3): error TS1128: Declaration or statement expected.
src/models/IpWhitelist.ts(178,10): error TS1434: Unexpected keyword or identifier.
src/models/IpWhitelist.ts(178,25): error TS1005: ',' expected.
src/models/IpWhitelist.ts(178,39): error TS1005: ',' expected.
src/models/IpWhitelist.ts(178,57): error TS1005: ',' expected.
src/models/IpWhitelist.ts(178,66): error TS1005: ';' expected.
src/models/IpWhitelist.ts(179,9): error TS1005: ':' expected.
src/models/IpWhitelist.ts(180,11): error TS1003: Identifier expected.
src/models/IpWhitelist.ts(183,7): error TS1005: ',' expected.
src/models/IpWhitelist.ts(183,13): error TS1005: ',' expected.
src/models/IpWhitelist.ts(183,16): error TS1003: Identifier expected.
src/models/IpWhitelist.ts(184,9): error TS1005: ',' expected.
src/models/IpWhitelist.ts(189,11): error TS1005: ',' expected.
src/models/IpWhitelist.ts(191,14): error TS1005: ':' expected.
src/models/IpWhitelist.ts(191,50): error TS1005: ',' expected.
src/models/IpWhitelist.ts(192,7): error TS1005: ',' expected.
src/models/IpWhitelist.ts(198,3): error TS1128: Declaration or statement expected.
src/models/IpWhitelist.ts(198,10): error TS1434: Unexpected keyword or identifier.
src/models/IpWhitelist.ts(198,25): error TS1005: ')' expected.
src/models/IpWhitelist.ts(198,46): error TS1005: ';' expected.
src/models/IpWhitelist.ts(198,48): error TS1434: Unexpected keyword or identifier.
src/models/IpWhitelist.ts(198,54): error TS1128: Declaration or statement expected.
src/models/IpWhitelist.ts(198,55): error TS1128: Declaration or statement expected.
src/models/IpWhitelist.ts(198,69): error TS1109: Expression expected.
src/models/IpWhitelist.ts(199,9): error TS1005: ':' expected.
src/models/IpWhitelist.ts(200,11): error TS1003: Identifier expected.
src/models/IpWhitelist.ts(203,7): error TS1005: ',' expected.
src/models/IpWhitelist.ts(203,13): error TS1005: ',' expected.
src/models/IpWhitelist.ts(203,16): error TS1003: Identifier expected.
src/models/IpWhitelist.ts(203,33): error TS1005: '{' expected.
src/models/IpWhitelist.ts(203,89): error TS1005: ',' expected.
src/models/IpWhitelist.ts(204,7): error TS1005: ',' expected.
src/models/IpWhitelist.ts(211,3): error TS1128: Declaration or statement expected.
src/models/IpWhitelist.ts(211,11): error TS1128: Declaration or statement expected.
src/models/IpWhitelist.ts(211,41): error TS1005: ',' expected.
src/models/IpWhitelist.ts(211,47): error TS1005: ';' expected.
src/models/IpWhitelist.ts(211,49): error TS1434: Unexpected keyword or identifier.
src/models/IpWhitelist.ts(230,3): error TS1128: Declaration or statement expected.
src/models/IpWhitelist.ts(230,10): error TS1434: Unexpected keyword or identifier.
src/models/IpWhitelist.ts(230,34): error TS1005: ',' expected.
src/models/IpWhitelist.ts(230,55): error TS1005: ',' expected.
src/models/IpWhitelist.ts(230,64): error TS1005: ';' expected.
src/models/IpWhitelist.ts(231,9): error TS1005: ':' expected.
src/models/IpWhitelist.ts(232,11): error TS1003: Identifier expected.
src/models/IpWhitelist.ts(235,7): error TS1005: ',' expected.
src/models/IpWhitelist.ts(235,14): error TS1005: ':' expected.
src/models/IpWhitelist.ts(238,17): error TS1005: ',' expected.
src/models/IpWhitelist.ts(239,7): error TS1005: ',' expected.
src/models/IpWhitelist.ts(246,3): error TS1128: Declaration or statement expected.
src/models/IpWhitelist.ts(246,10): error TS1434: Unexpected keyword or identifier.
src/models/IpWhitelist.ts(246,35): error TS1005: ',' expected.
src/models/IpWhitelist.ts(246,51): error TS1005: ',' expected.
src/models/IpWhitelist.ts(246,60): error TS1011: An element access expression should take an argument.
src/models/IpWhitelist.ts(246,62): error TS1005: ';' expected.
src/models/IpWhitelist.ts(246,76): error TS1109: Expression expected.
src/models/IpWhitelist.ts(247,9): error TS1005: ':' expected.
src/models/IpWhitelist.ts(248,13): error TS1005: ',' expected.
src/models/IpWhitelist.ts(248,15): error TS1005: ',' expected.
src/models/IpWhitelist.ts(265,9): error TS1005: ',' expected.
src/models/IpWhitelist.ts(266,7): error TS1005: ',' expected.
src/models/IpWhitelist.ts(272,3): error TS1128: Declaration or statement expected.
src/models/IpWhitelist.ts(272,10): error TS1434: Unexpected keyword or identifier.
src/models/IpWhitelist.ts(272,35): error TS1005: ',' expected.
src/models/IpWhitelist.ts(272,44): error TS1005: ';' expected.
src/models/IpWhitelist.ts(272,58): error TS1011: An element access expression should take an argument.
src/models/IpWhitelist.ts(273,9): error TS1005: ':' expected.
src/models/IpWhitelist.ts(274,14): error TS1005: ':' expected.
src/models/IpWhitelist.ts(279,27): error TS1005: ',' expected.
src/models/IpWhitelist.ts(280,7): error TS1005: ',' expected.
src/models/IpWhitelist.ts(285,1): error TS1128: Declaration or statement expected.
src/models/Job.ts(80,3): error TS1472: 'catch' or 'finally' expected.
src/models/Job.ts(198,10): error TS1128: Declaration or statement expected.
src/models/Job.ts(198,14): error TS1128: Declaration or statement expected.
src/models/Job.ts(206,7): error TS1472: 'catch' or 'finally' expected.
src/models/Job.ts(213,3): error TS1128: Declaration or statement expected.
src/models/Job.ts(213,10): error TS1434: Unexpected keyword or identifier.
src/models/Job.ts(213,27): error TS1005: ',' expected.
src/models/Job.ts(213,48): error TS1005: ',' expected.
src/models/Job.ts(213,57): error TS1005: ';' expected.
src/models/Job.ts(214,9): error TS1005: ':' expected.
src/models/Job.ts(215,11): error TS1003: Identifier expected.
src/models/Job.ts(218,7): error TS1005: ',' expected.
src/models/Job.ts(218,13): error TS1005: ':' expected.
src/models/Job.ts(233,17): error TS1005: ',' expected.
src/models/Job.ts(235,11): error TS1003: Identifier expected.
src/models/Job.ts(235,17): error TS1005: '{' expected.
src/models/Job.ts(235,24): error TS1005: ':' expected.
src/models/Job.ts(235,28): error TS1005: ',' expected.
src/models/Job.ts(238,13): error TS1005: ':' expected.
src/models/Job.ts(247,34): error TS1005: ',' expected.
src/models/Job.ts(249,13): error TS1005: ':' expected.
src/models/Job.ts(254,10): error TS1005: ',' expected.
src/models/Job.ts(256,14): error TS1005: ':' expected.
src/models/Job.ts(260,8): error TS1005: ',' expected.
src/models/Job.ts(261,7): error TS1005: ',' expected.
src/models/Job.ts(267,3): error TS1128: Declaration or statement expected.
src/models/Job.ts(267,10): error TS1434: Unexpected keyword or identifier.
src/models/Job.ts(267,30): error TS1005: ',' expected.
src/models/Job.ts(267,58): error TS1005: ',' expected.
src/models/Job.ts(267,67): error TS1005: ';' expected.
src/models/Job.ts(268,11): error TS1005: ':' expected.
src/models/Job.ts(268,39): error TS1005: ',' expected.
src/models/Job.ts(269,9): error TS1005: ':' expected.
src/models/Job.ts(270,11): error TS1003: Identifier expected.
src/models/Job.ts(273,7): error TS1005: ',' expected.
src/models/Job.ts(273,13): error TS1005: ':' expected.
src/models/Job.ts(284,9): error TS1005: ',' expected.
src/models/Job.ts(287,18): error TS1005: ',' expected.
src/models/Job.ts(287,54): error TS1005: ',' expected.
src/models/Job.ts(287,56): error TS1136: Property assignment expected.
src/models/Job.ts(300,5): error TS1128: Declaration or statement expected.
src/models/Job.ts(300,7): error TS1005: 'try' expected.
src/models/Job.ts(305,3): error TS1128: Declaration or statement expected.
src/models/Job.ts(307,3): error TS1128: Declaration or statement expected.
src/models/Job.ts(307,10): error TS1434: Unexpected keyword or identifier.
src/models/Job.ts(307,25): error TS1005: ',' expected.
src/models/Job.ts(307,42): error TS1005: ',' expected.
src/models/Job.ts(307,70): error TS1005: ',' expected.
src/models/Job.ts(307,79): error TS1005: ';' expected.
src/models/Job.ts(308,11): error TS1005: ':' expected.
src/models/Job.ts(308,39): error TS1005: ',' expected.
src/models/Job.ts(309,9): error TS1005: ':' expected.
src/models/Job.ts(310,11): error TS1003: Identifier expected.
src/models/Job.ts(313,7): error TS1005: ',' expected.
src/models/Job.ts(313,13): error TS1005: ':' expected.
src/models/Job.ts(313,23): error TS1005: ',' expected.
src/models/Job.ts(313,33): error TS1005: ',' expected.
src/models/Job.ts(315,18): error TS1005: ',' expected.
src/models/Job.ts(315,37): error TS1005: ',' expected.
src/models/Job.ts(315,49): error TS1005: ',' expected.
src/models/Job.ts(315,69): error TS1005: ',' expected.
src/models/Job.ts(316,18): error TS1005: ',' expected.
src/models/Job.ts(316,37): error TS1005: ',' expected.
src/models/Job.ts(316,49): error TS1005: ',' expected.
src/models/Job.ts(316,69): error TS1005: ',' expected.
src/models/Job.ts(317,18): error TS1005: ',' expected.
src/models/Job.ts(317,42): error TS1005: ',' expected.
src/models/Job.ts(317,54): error TS1005: ',' expected.
src/models/Job.ts(317,84): error TS1005: ',' expected.
src/models/Job.ts(318,18): error TS1005: ',' expected.
src/models/Job.ts(318,42): error TS1005: ',' expected.
src/models/Job.ts(318,54): error TS1005: ',' expected.
src/models/Job.ts(318,84): error TS1005: ',' expected.
src/models/Job.ts(319,18): error TS1005: ',' expected.
src/models/Job.ts(319,43): error TS1005: ',' expected.
src/models/Job.ts(319,55): error TS1005: ',' expected.
src/models/Job.ts(319,106): error TS1005: ',' expected.
src/models/Job.ts(320,18): error TS1005: ',' expected.
src/models/Job.ts(320,42): error TS1005: ',' expected.
src/models/Job.ts(320,54): error TS1005: ',' expected.
src/models/Job.ts(320,84): error TS1005: ',' expected.
src/models/Job.ts(322,17): error TS1005: ',' expected.
src/models/Job.ts(322,40): error TS1005: ',' expected.
src/models/Job.ts(324,13): error TS1005: ',' expected.
src/models/Job.ts(324,17): error TS1003: Identifier expected.
src/models/Job.ts(325,9): error TS1005: ',' expected.
src/models/Job.ts(327,28): error TS1005: ',' expected.
src/models/Job.ts(330,18): error TS1005: ',' expected.
src/models/Job.ts(330,39): error TS1005: ',' expected.
src/models/Job.ts(330,41): error TS1136: Property assignment expected.
src/models/Job.ts(351,5): error TS1128: Declaration or statement expected.
src/models/Job.ts(351,7): error TS1005: 'try' expected.
src/models/Job.ts(356,3): error TS1128: Declaration or statement expected.
src/models/Job.ts(358,3): error TS1128: Declaration or statement expected.
src/models/Job.ts(358,10): error TS1434: Unexpected keyword or identifier.
src/models/Job.ts(358,25): error TS1005: ')' expected.
src/models/Job.ts(358,46): error TS1005: ';' expected.
src/models/Job.ts(358,48): error TS1434: Unexpected keyword or identifier.
src/models/Job.ts(358,54): error TS1128: Declaration or statement expected.
src/models/Job.ts(358,55): error TS1128: Declaration or statement expected.
src/models/Job.ts(358,69): error TS1109: Expression expected.
src/models/Job.ts(359,11): error TS1005: ':' expected.
src/models/Job.ts(359,39): error TS1005: ',' expected.
src/models/Job.ts(360,9): error TS1005: ':' expected.
src/models/Job.ts(361,11): error TS1003: Identifier expected.
src/models/Job.ts(365,7): error TS1005: ',' expected.
src/models/Job.ts(365,13): error TS1005: ',' expected.
src/models/Job.ts(365,17): error TS1003: Identifier expected.
src/models/Job.ts(366,9): error TS1005: ',' expected.
src/models/Job.ts(368,15): error TS1005: ',' expected.
src/models/Job.ts(371,13): error TS1005: ',' expected.
src/models/Job.ts(371,17): error TS1003: Identifier expected.
src/models/Job.ts(371,26): error TS1005: '{' expected.
src/models/Job.ts(371,82): error TS1005: ',' expected.
src/models/Job.ts(373,13): error TS1005: ',' expected.
src/models/Job.ts(373,16): error TS1005: ',' expected.
src/models/Job.ts(373,25): error TS1005: ',' expected.
src/models/Job.ts(374,7): error TS1005: ',' expected.
src/models/Job.ts(382,3): error TS1128: Declaration or statement expected.
src/models/Job.ts(382,10): error TS1434: Unexpected keyword or identifier.
src/models/Job.ts(382,29): error TS1005: ',' expected.
src/models/Job.ts(382,45): error TS1005: ',' expected.
src/models/Job.ts(382,54): error TS1011: An element access expression should take an argument.
src/models/Job.ts(382,67): error TS1109: Expression expected.
src/models/Job.ts(382,76): error TS1005: ';' expected.
src/models/Job.ts(382,90): error TS1109: Expression expected.
src/models/Job.ts(383,9): error TS1005: ':' expected.
src/models/Job.ts(384,13): error TS1005: ',' expected.
src/models/Job.ts(384,15): error TS1005: ',' expected.
src/models/Job.ts(402,9): error TS1005: ',' expected.
src/models/Job.ts(403,7): error TS1005: ',' expected.
src/models/Job.ts(409,3): error TS1128: Declaration or statement expected.
src/models/Job.ts(409,10): error TS1434: Unexpected keyword or identifier.
src/models/Job.ts(409,29): error TS1005: ',' expected.
src/models/Job.ts(409,38): error TS1005: ';' expected.
src/models/Job.ts(409,52): error TS1011: An element access expression should take an argument.
src/models/Job.ts(410,9): error TS1005: ':' expected.
src/models/Job.ts(411,14): error TS1005: ':' expected.
src/models/Job.ts(416,27): error TS1005: ',' expected.
src/models/Job.ts(417,7): error TS1005: ',' expected.
src/models/Job.ts(423,3): error TS1128: Declaration or statement expected.
src/models/Job.ts(423,10): error TS1434: Unexpected keyword or identifier.
src/models/Job.ts(423,31): error TS1005: ',' expected.
src/models/Job.ts(423,52): error TS1005: ',' expected.
src/models/Job.ts(423,61): error TS1005: ';' expected.
src/models/Job.ts(424,9): error TS1005: ':' expected.
src/models/Job.ts(425,11): error TS1003: Identifier expected.
src/models/Job.ts(428,7): error TS1005: ',' expected.
src/models/Job.ts(428,13): error TS1005: ':' expected.
src/models/Job.ts(431,17): error TS1005: ',' expected.
src/models/Job.ts(433,14): error TS1005: ':' expected.
src/models/Job.ts(433,25): error TS1005: ',' expected.
src/models/Job.ts(434,7): error TS1005: ',' expected.
src/models/Job.ts(439,1): error TS1128: Declaration or statement expected.
src/models/JobType.ts(39,9): error TS1003: Identifier expected.
src/models/JobType.ts(39,17): error TS1144: '{' or ';' expected.
src/models/JobType.ts(57,3): error TS1128: Declaration or statement expected.
src/models/JobType.ts(59,3): error TS1128: Declaration or statement expected.
src/models/JobType.ts(59,10): error TS1434: Unexpected keyword or identifier.
src/models/JobType.ts(59,35): error TS1005: ',' expected.
src/models/JobType.ts(59,44): error TS1005: ';' expected.
src/models/JobType.ts(59,72): error TS1011: An element access expression should take an argument.
src/models/JobType.ts(60,9): error TS1005: ':' expected.
src/models/JobType.ts(61,11): error TS1003: Identifier expected.
src/models/JobType.ts(64,7): error TS1005: ',' expected.
src/models/JobType.ts(64,13): error TS1005: ':' expected.
src/models/JobType.ts(73,35): error TS1005: ',' expected.
src/models/JobType.ts(75,14): error TS1005: ':' expected.
src/models/JobType.ts(88,10): error TS1005: ',' expected.
src/models/JobType.ts(89,7): error TS1005: ',' expected.
src/models/JobType.ts(95,3): error TS1128: Declaration or statement expected.
src/models/JobType.ts(95,10): error TS1434: Unexpected keyword or identifier.
src/models/JobType.ts(95,27): error TS1005: ',' expected.
src/models/JobType.ts(95,48): error TS1005: ',' expected.
src/models/JobType.ts(95,57): error TS1005: ';' expected.
src/models/JobType.ts(96,9): error TS1005: ':' expected.
src/models/JobType.ts(97,11): error TS1003: Identifier expected.
src/models/JobType.ts(100,7): error TS1005: ',' expected.
src/models/JobType.ts(100,13): error TS1005: ':' expected.
src/models/JobType.ts(110,17): error TS1005: ',' expected.
src/models/JobType.ts(112,11): error TS1003: Identifier expected.
src/models/JobType.ts(112,17): error TS1005: '{' expected.
src/models/JobType.ts(112,24): error TS1005: ':' expected.
src/models/JobType.ts(112,28): error TS1005: ',' expected.
src/models/JobType.ts(114,14): error TS1005: ':' expected.
src/models/JobType.ts(117,8): error TS1005: ',' expected.
src/models/JobType.ts(118,7): error TS1005: ',' expected.
src/models/JobType.ts(124,3): error TS1128: Declaration or statement expected.
src/models/JobType.ts(124,10): error TS1434: Unexpected keyword or identifier.
src/models/JobType.ts(124,31): error TS1005: ',' expected.
src/models/JobType.ts(124,52): error TS1005: ',' expected.
src/models/JobType.ts(124,61): error TS1005: ';' expected.
src/models/JobType.ts(125,9): error TS1005: ':' expected.
src/models/JobType.ts(126,11): error TS1003: Identifier expected.
src/models/JobType.ts(129,7): error TS1005: ',' expected.
src/models/JobType.ts(129,13): error TS1005: ':' expected.
src/models/JobType.ts(138,17): error TS1005: ',' expected.
src/models/JobType.ts(140,11): error TS1003: Identifier expected.
src/models/JobType.ts(140,17): error TS1005: '{' expected.
src/models/JobType.ts(140,24): error TS1005: ':' expected.
src/models/JobType.ts(140,28): error TS1005: ',' expected.
src/models/JobType.ts(142,14): error TS1005: ':' expected.
src/models/JobType.ts(146,8): error TS1005: ',' expected.
src/models/JobType.ts(147,7): error TS1005: ',' expected.
src/models/JobType.ts(153,3): error TS1128: Declaration or statement expected.
src/models/JobType.ts(153,10): error TS1434: Unexpected keyword or identifier.
src/models/JobType.ts(153,27): error TS1005: ',' expected.
src/models/JobType.ts(153,59): error TS1005: ',' expected.
src/models/JobType.ts(153,68): error TS1005: ';' expected.
src/models/JobType.ts(154,9): error TS1005: ':' expected.
src/models/JobType.ts(155,11): error TS1003: Identifier expected.
src/models/JobType.ts(158,7): error TS1005: ',' expected.
src/models/JobType.ts(158,13): error TS1005: ':' expected.
src/models/JobType.ts(158,80): error TS1005: ',' expected.
src/models/JobType.ts(160,13): error TS1005: ':' expected.
src/models/JobType.ts(168,9): error TS1005: ',' expected.
src/models/JobType.ts(170,13): error TS1005: ':' expected.
src/models/JobType.ts(170,65): error TS1005: ',' expected.
src/models/JobType.ts(171,11): error TS1003: Identifier expected.
src/models/JobType.ts(175,7): error TS1005: ',' expected.
src/models/JobType.ts(175,14): error TS1005: ':' expected.
src/models/JobType.ts(175,21): error TS1005: ',' expected.
src/models/JobType.ts(176,7): error TS1005: ',' expected.
src/models/JobType.ts(182,3): error TS1128: Declaration or statement expected.
src/models/JobType.ts(182,10): error TS1434: Unexpected keyword or identifier.
src/models/JobType.ts(182,25): error TS1005: ',' expected.
src/models/JobType.ts(182,39): error TS1005: ',' expected.
src/models/JobType.ts(182,71): error TS1005: ',' expected.
src/models/JobType.ts(182,80): error TS1005: ';' expected.
src/models/JobType.ts(183,9): error TS1005: ':' expected.
src/models/JobType.ts(184,11): error TS1003: Identifier expected.
src/models/JobType.ts(187,7): error TS1005: ',' expected.
src/models/JobType.ts(187,13): error TS1005: ':' expected.
src/models/JobType.ts(187,23): error TS1005: ',' expected.
src/models/JobType.ts(187,33): error TS1005: ',' expected.
src/models/JobType.ts(189,15): error TS1005: ',' expected.
src/models/JobType.ts(189,41): error TS1005: ',' expected.
src/models/JobType.ts(189,43): error TS1136: Property assignment expected.
src/models/JobType.ts(218,5): error TS1128: Declaration or statement expected.
src/models/JobType.ts(218,7): error TS1005: 'try' expected.
src/models/JobType.ts(222,3): error TS1128: Declaration or statement expected.
src/models/JobType.ts(224,3): error TS1128: Declaration or statement expected.
src/models/JobType.ts(224,10): error TS1434: Unexpected keyword or identifier.
src/models/JobType.ts(224,25): error TS1005: ')' expected.
src/models/JobType.ts(224,46): error TS1005: ';' expected.
src/models/JobType.ts(224,48): error TS1434: Unexpected keyword or identifier.
src/models/JobType.ts(224,54): error TS1128: Declaration or statement expected.
src/models/JobType.ts(224,55): error TS1128: Declaration or statement expected.
src/models/JobType.ts(225,9): error TS1005: ':' expected.
src/models/JobType.ts(226,11): error TS1003: Identifier expected.
src/models/JobType.ts(229,7): error TS1005: ',' expected.
src/models/JobType.ts(229,13): error TS1005: ':' expected.
src/models/JobType.ts(232,15): error TS1005: ',' expected.
src/models/JobType.ts(234,14): error TS1005: ':' expected.
src/models/JobType.ts(234,24): error TS1005: ',' expected.
src/models/JobType.ts(235,7): error TS1005: ',' expected.
src/models/JobType.ts(241,3): error TS1128: Declaration or statement expected.
src/models/JobType.ts(241,10): error TS1434: Unexpected keyword or identifier.
src/models/JobType.ts(241,39): error TS1005: ',' expected.
src/models/JobType.ts(241,48): error TS1005: ';' expected.
src/models/JobType.ts(241,76): error TS1011: An element access expression should take an argument.
src/models/JobType.ts(242,9): error TS1005: ':' expected.
src/models/JobType.ts(243,11): error TS1003: Identifier expected.
src/models/JobType.ts(246,7): error TS1005: ',' expected.
src/models/JobType.ts(246,13): error TS1005: ':' expected.
src/models/JobType.ts(255,35): error TS1005: ',' expected.
src/models/JobType.ts(257,14): error TS1005: ':' expected.
src/models/JobType.ts(270,10): error TS1005: ',' expected.
src/models/JobType.ts(271,7): error TS1005: ',' expected.
src/models/JobType.ts(276,1): error TS1128: Declaration or statement expected.
src/models/User.ts(498,10): error TS1472: 'catch' or 'finally' expected.
src/models/User.ts(499,9): error TS1128: Declaration or statement expected.
src/models/User.ts(512,3): error TS1128: Declaration or statement expected.
src/models/User.ts(512,10): error TS1434: Unexpected keyword or identifier.
src/models/User.ts(512,37): error TS1005: ',' expected.
src/models/User.ts(512,44): error TS1005: ';' expected.
src/models/User.ts(512,74): error TS1011: An element access expression should take an argument.
src/models/User.ts(513,9): error TS1005: ':' expected.
src/models/User.ts(514,13): error TS1005: ':' expected.
src/models/User.ts(527,11): error TS1005: ',' expected.
src/models/User.ts(527,15): error TS1005: ':' expected.
src/models/User.ts(528,49): error TS1005: ',' expected.
src/models/User.ts(529,10): error TS1005: ',' expected.
src/models/User.ts(530,9): error TS1003: Identifier expected.
src/models/User.ts(530,38): error TS1005: ',' expected.
src/models/User.ts(532,14): error TS1005: ':' expected.
src/models/User.ts(532,19): error TS1005: ',' expected.
src/models/User.ts(533,7): error TS1005: ';' expected.
src/models/User.ts(537,3): error TS1128: Declaration or statement expected.
src/models/User.ts(544,3): error TS1128: Declaration or statement expected.
src/models/User.ts(544,10): error TS1434: Unexpected keyword or identifier.
src/models/User.ts(544,43): error TS1005: ',' expected.
src/models/User.ts(544,52): error TS1005: ';' expected.
src/models/User.ts(545,34): error TS1005: ',' expected.
src/models/User.ts(546,26): error TS1011: An element access expression should take an argument.
src/models/User.ts(546,27): error TS1005: ',' expected.
src/models/User.ts(548,9): error TS1005: ':' expected.
src/models/User.ts(550,13): error TS1005: ':' expected.
src/models/User.ts(553,17): error TS1005: ',' expected.
src/models/User.ts(555,11): error TS1003: Identifier expected.
src/models/User.ts(560,7): error TS1005: ',' expected.
src/models/User.ts(560,13): error TS1005: ':' expected.
src/models/User.ts(562,33): error TS1005: ',' expected.
src/models/User.ts(564,14): error TS1005: ':' expected.
src/models/User.ts(567,8): error TS1005: ',' expected.
src/models/User.ts(568,7): error TS1005: ',' expected.
src/models/User.ts(577,3): error TS1128: Declaration or statement expected.
src/models/User.ts(577,10): error TS1434: Unexpected keyword or identifier.
src/models/User.ts(578,11): error TS1005: ',' expected.
src/models/User.ts(579,25): error TS1005: ',' expected.
src/models/User.ts(580,17): error TS1005: ',' expected.
src/models/User.ts(580,26): error TS1011: An element access expression should take an argument.
src/models/User.ts(581,14): error TS1005: ',' expected.
src/models/User.ts(582,4): error TS1005: ';' expected.
src/models/User.ts(582,18): error TS1109: Expression expected.
src/models/User.ts(583,9): error TS1005: ':' expected.
src/models/User.ts(584,13): error TS1005: ',' expected.
src/models/User.ts(584,15): error TS1005: ',' expected.
src/models/User.ts(610,9): error TS1005: ',' expected.
src/models/User.ts(611,7): error TS1005: ',' expected.
src/models/User.ts(620,3): error TS1128: Declaration or statement expected.
src/models/User.ts(620,10): error TS1434: Unexpected keyword or identifier.
src/models/User.ts(620,43): error TS1005: ',' expected.
src/models/User.ts(620,64): error TS1005: ',' expected.
src/models/User.ts(620,73): error TS1005: ';' expected.
src/models/User.ts(621,9): error TS1005: ':' expected.
src/models/User.ts(622,13): error TS1005: ':' expected.
src/models/User.ts(625,17): error TS1005: ',' expected.
src/models/User.ts(627,11): error TS1003: Identifier expected.
src/models/User.ts(632,7): error TS1005: ',' expected.
src/models/User.ts(632,15): error TS1005: ',' expected.
src/models/User.ts(632,36): error TS1005: ',' expected.
src/models/User.ts(632,38): error TS1136: Property assignment expected.
src/models/User.ts(643,5): error TS1128: Declaration or statement expected.
src/models/User.ts(643,7): error TS1005: 'try' expected.
src/models/User.ts(647,3): error TS1128: Declaration or statement expected.
src/models/User.ts(652,3): error TS1128: Declaration or statement expected.
src/models/User.ts(652,10): error TS1434: Unexpected keyword or identifier.
src/models/User.ts(652,48): error TS1005: ',' expected.
src/models/User.ts(652,57): error TS1005: ';' expected.
src/models/User.ts(652,74): error TS1011: An element access expression should take an argument.
src/models/User.ts(653,9): error TS1005: ':' expected.
src/models/User.ts(654,13): error TS1005: ':' expected.
src/models/User.ts(657,17): error TS1005: ',' expected.
src/models/User.ts(659,11): error TS1003: Identifier expected.
src/models/User.ts(663,7): error TS1005: ',' expected.
src/models/User.ts(663,15): error TS1005: ',' expected.
src/models/User.ts(663,36): error TS1005: ',' expected.
src/models/User.ts(663,38): error TS1136: Property assignment expected.
src/models/User.ts(672,5): error TS1128: Declaration or statement expected.
src/models/User.ts(672,7): error TS1005: 'try' expected.
src/models/User.ts(676,3): error TS1128: Declaration or statement expected.
src/models/User.ts(683,3): error TS1128: Declaration or statement expected.
src/models/User.ts(683,10): error TS1434: Unexpected keyword or identifier.
src/models/User.ts(683,37): error TS1005: ',' expected.
src/models/User.ts(683,46): error TS1005: ';' expected.
src/models/User.ts(683,63): error TS1011: An element access expression should take an argument.
src/models/User.ts(684,9): error TS1005: ':' expected.
src/models/User.ts(685,13): error TS1005: ':' expected.
src/models/User.ts(687,33): error TS1005: ',' expected.
src/models/User.ts(689,14): error TS1005: ':' expected.
src/models/User.ts(689,55): error TS1005: ',' expected.
src/models/User.ts(690,7): error TS1005: ',' expected.
src/models/User.ts(700,3): error TS1128: Declaration or statement expected.
src/models/User.ts(700,10): error TS1434: Unexpected keyword or identifier.
src/models/User.ts(700,36): error TS1005: ',' expected.
src/models/User.ts(700,56): error TS1005: ',' expected.
src/models/User.ts(700,65): error TS1005: ';' expected.
src/models/User.ts(701,9): error TS1005: ':' expected.
src/models/User.ts(703,13): error TS1005: ':' expected.
src/models/User.ts(708,17): error TS1005: ',' expected.
src/models/User.ts(710,15): error TS1005: ':' expected.
src/models/User.ts(710,22): error TS1005: ',' expected.
src/models/User.ts(711,7): error TS1005: ',' expected.
src/models/User.ts(721,3): error TS1128: Declaration or statement expected.
src/models/User.ts(721,10): error TS1434: Unexpected keyword or identifier.
src/models/User.ts(721,39): error TS1005: ',' expected.
src/models/User.ts(721,60): error TS1005: ',' expected.
src/models/User.ts(721,69): error TS1011: An element access expression should take an argument.
src/models/User.ts(721,71): error TS1005: ';' expected.
src/models/User.ts(722,9): error TS1005: ':' expected.
src/models/User.ts(724,13): error TS1005: ':' expected.
src/models/User.ts(729,17): error TS1005: ',' expected.
src/models/User.ts(731,15): error TS1005: ':' expected.
src/models/User.ts(731,22): error TS1005: ',' expected.
src/models/User.ts(732,7): error TS1005: ',' expected.
src/models/User.ts(741,3): error TS1128: Declaration or statement expected.
src/models/User.ts(741,10): error TS1434: Unexpected keyword or identifier.
src/models/User.ts(741,37): error TS1005: ',' expected.
src/models/User.ts(741,58): error TS1005: ',' expected.
src/models/User.ts(741,67): error TS1011: An element access expression should take an argument.
src/models/User.ts(741,69): error TS1005: ';' expected.
src/models/User.ts(741,83): error TS1109: Expression expected.
src/models/User.ts(742,9): error TS1005: ':' expected.
src/models/User.ts(743,13): error TS1005: ',' expected.
src/models/User.ts(743,15): error TS1005: ',' expected.
src/models/User.ts(758,9): error TS1005: ',' expected.
src/models/User.ts(759,7): error TS1005: ',' expected.
src/models/User.ts(768,3): error TS1128: Declaration or statement expected.
src/models/User.ts(768,10): error TS1434: Unexpected keyword or identifier.
src/models/User.ts(768,36): error TS1005: ',' expected.
src/models/User.ts(768,56): error TS1005: ',' expected.
src/models/User.ts(768,65): error TS1005: ';' expected.
src/models/User.ts(768,79): error TS1109: Expression expected.
src/models/User.ts(769,9): error TS1005: ':' expected.
src/models/User.ts(770,13): error TS1005: ',' expected.
src/models/User.ts(770,16): error TS1003: Identifier expected.
src/models/User.ts(771,9): error TS1005: ',' expected.
src/models/User.ts(773,18): error TS1005: ',' expected.
src/models/User.ts(774,7): error TS1005: ',' expected.
src/models/User.ts(783,3): error TS1128: Declaration or statement expected.
src/models/User.ts(783,10): error TS1434: Unexpected keyword or identifier.
src/models/User.ts(783,39): error TS1005: ',' expected.
src/models/User.ts(783,59): error TS1005: ',' expected.
src/models/User.ts(783,68): error TS1005: ';' expected.
src/models/User.ts(783,82): error TS1109: Expression expected.
src/models/User.ts(784,9): error TS1005: ':' expected.
src/models/User.ts(785,13): error TS1005: ',' expected.
src/models/User.ts(785,16): error TS1003: Identifier expected.
src/models/User.ts(786,9): error TS1005: ',' expected.
src/models/User.ts(788,15): error TS1005: ',' expected.
src/models/User.ts(789,7): error TS1005: ',' expected.
src/models/User.ts(794,1): error TS1128: Declaration or statement expected.
src/routes/chat/index.ts(140,14): error TS1005: ';' expected.
src/routes/chat/index.ts(141,13): error TS1005: ';' expected.
src/routes/chat/index.ts(142,18): error TS1005: ';' expected.
src/routes/chat/index.ts(143,21): error TS1005: ';' expected.
src/routes/chat/index.ts(144,22): error TS1005: ';' expected.
src/routes/chat/index.ts(145,8): error TS1128: Declaration or statement expected.
src/routes/chat/index.ts(160,7): error TS1005: ',' expected.
src/routes/chat/index.ts(160,12): error TS1005: ':' expected.
src/routes/chat/index.ts(161,13): error TS1005: ',' expected.
src/routes/chat/index.ts(161,61): error TS1005: ',' expected.
src/routes/chat/index.ts(165,5): error TS1005: ',' expected.
src/routes/chat/index.ts(169,11): error TS1005: ',' expected.
src/routes/chat/index.ts(169,17): error TS1005: ',' expected.
src/routes/chat/index.ts(182,3): error TS1128: Declaration or statement expected.
src/routes/chat/index.ts(183,1): error TS1128: Declaration or statement expected.
src/services/AuthService.ts(215,14): error TS1005: ';' expected.
src/services/AuthService.ts(217,18): error TS1005: ';' expected.
src/services/AuthService.ts(218,8): error TS1472: 'catch' or 'finally' expected.
src/services/AuthService.ts(248,3): error TS1128: Declaration or statement expected.
src/services/AuthService.ts(248,10): error TS1434: Unexpected keyword or identifier.
src/services/AuthService.ts(248,34): error TS1005: ',' expected.
src/services/AuthService.ts(248,43): error TS1005: ';' expected.
src/services/AuthService.ts(248,57): error TS1109: Expression expected.
src/services/AuthService.ts(249,9): error TS1005: ':' expected.
src/services/AuthService.ts(250,13): error TS1005: ',' expected.
src/services/AuthService.ts(250,22): error TS1005: ',' expected.
src/services/AuthService.ts(252,9): error TS1005: ',' expected.
src/services/AuthService.ts(254,13): error TS1005: ',' expected.
src/services/AuthService.ts(256,9): error TS1005: ',' expected.
src/services/AuthService.ts(257,7): error TS1005: ',' expected.
src/services/AuthService.ts(263,3): error TS1128: Declaration or statement expected.
src/services/AuthService.ts(263,10): error TS1434: Unexpected keyword or identifier.
src/services/AuthService.ts(263,33): error TS1005: ',' expected.
src/services/AuthService.ts(263,42): error TS1005: ';' expected.
src/services/AuthService.ts(264,9): error TS1005: ':' expected.
src/services/AuthService.ts(265,13): error TS1005: ':' expected.
src/services/AuthService.ts(265,52): error TS1005: ',' expected.
src/services/AuthService.ts(266,11): error TS1003: Identifier expected.
src/services/AuthService.ts(270,7): error TS1005: ',' expected.
src/services/AuthService.ts(270,14): error TS1005: ':' expected.
src/services/AuthService.ts(270,18): error TS1005: ',' expected.
src/services/AuthService.ts(271,7): error TS1005: ',' expected.
src/services/AuthService.ts(280,3): error TS1128: Declaration or statement expected.
src/services/AuthService.ts(280,10): error TS1434: Unexpected keyword or identifier.
src/services/AuthService.ts(280,36): error TS1005: ',' expected.
src/services/AuthService.ts(280,56): error TS1005: ',' expected.
src/services/AuthService.ts(280,73): error TS1005: ',' expected.
src/services/AuthService.ts(280,93): error TS1005: ',' expected.
src/services/AuthService.ts(280,124): error TS1005: ';' expected.
src/services/AuthService.ts(281,9): error TS1005: ':' expected.
src/services/AuthService.ts(283,13): error TS1005: ':' expected.
src/services/AuthService.ts(283,71): error TS1005: ',' expected.
src/services/AuthService.ts(284,13): error TS1005: ':' expected.
src/services/AuthService.ts(284,25): error TS1005: ',' expected.
src/services/AuthService.ts(284,35): error TS1005: ',' expected.
src/services/AuthService.ts(286,12): error TS1359: Identifier expected. 'const' is a reserved word that cannot be used here.
src/services/AuthService.ts(286,18): error TS1005: ',' expected.
src/services/AuthService.ts(286,31): error TS1005: ',' expected.
src/services/AuthService.ts(286,34): error TS1005: ',' expected.
src/services/AuthService.ts(286,40): error TS1005: ',' expected.
src/services/AuthService.ts(286,60): error TS1005: ',' expected.
src/services/AuthService.ts(286,62): error TS1136: Property assignment expected.
src/services/AuthService.ts(307,5): error TS1128: Declaration or statement expected.
src/services/AuthService.ts(307,7): error TS1005: 'try' expected.
src/services/AuthService.ts(314,3): error TS1128: Declaration or statement expected.
src/services/AuthService.ts(315,1): error TS1128: Declaration or statement expected.
src/services/ClientVersionService.ts(385,15): error TS1005: ';' expected.
src/services/ClientVersionService.ts(386,20): error TS1005: ';' expected.
src/services/ClientVersionService.ts(387,19): error TS1005: ';' expected.
src/services/ClientVersionService.ts(388,24): error TS1005: ';' expected.
src/services/ClientVersionService.ts(389,36): error TS1005: ';' expected.
src/services/ClientVersionService.ts(390,19): error TS1005: ';' expected.
src/services/ClientVersionService.ts(391,31): error TS1005: ';' expected.
src/services/ClientVersionService.ts(392,23): error TS1005: ';' expected.
src/services/ClientVersionService.ts(393,24): error TS1005: ';' expected.
src/services/ClientVersionService.ts(394,11): error TS1005: ';' expected.
src/services/ClientVersionService.ts(395,20): error TS1005: ';' expected.
src/services/ClientVersionService.ts(396,16): error TS1005: ';' expected.
src/services/ClientVersionService.ts(397,16): error TS1005: ';' expected.
src/services/ClientVersionService.ts(398,5): error TS1109: Expression expected.
src/services/ClientVersionService.ts(398,6): error TS1068: Unexpected token. A constructor, method, accessor, or property was expected.
src/services/ClientVersionService.ts(398,7): error TS1068: Unexpected token. A constructor, method, accessor, or property was expected.
src/services/ClientVersionService.ts(403,13): error TS1005: ',' expected.
src/services/ClientVersionService.ts(403,19): error TS1005: ',' expected.
src/services/ClientVersionService.ts(403,70): error TS1005: ';' expected.
src/services/ClientVersionService.ts(439,3): error TS1128: Declaration or statement expected.
src/services/ClientVersionService.ts(441,3): error TS1128: Declaration or statement expected.
src/services/ClientVersionService.ts(441,10): error TS1434: Unexpected keyword or identifier.
src/services/ClientVersionService.ts(442,7): error TS1005: ',' expected.
src/services/ClientVersionService.ts(443,9): error TS1005: ',' expected.
src/services/ClientVersionService.ts(444,4): error TS1005: ';' expected.
src/services/ClientVersionService.ts(445,11): error TS1005: ':' expected.
src/services/ClientVersionService.ts(445,71): error TS1005: ',' expected.
src/services/ClientVersionService.ts(447,26): error TS1005: ',' expected.
src/services/ClientVersionService.ts(447,31): error TS1005: ';' expected.
src/services/ClientVersionService.ts(487,3): error TS1128: Declaration or statement expected.
src/services/ClientVersionService.ts(489,3): error TS1128: Declaration or statement expected.
src/services/ClientVersionService.ts(489,10): error TS1434: Unexpected keyword or identifier.
src/services/ClientVersionService.ts(489,38): error TS1005: ',' expected.
src/services/ClientVersionService.ts(489,47): error TS1005: ';' expected.
src/services/ClientVersionService.ts(490,11): error TS1005: ':' expected.
src/services/ClientVersionService.ts(490,64): error TS1005: ',' expected.
src/services/ClientVersionService.ts(491,11): error TS1005: ',' expected.
src/services/ClientVersionService.ts(491,29): error TS1005: ',' expected.
src/services/ClientVersionService.ts(491,40): error TS1005: ',' expected.
src/services/ClientVersionService.ts(492,11): error TS1005: ':' expected.
src/services/ClientVersionService.ts(492,31): error TS1005: ',' expected.
src/services/ClientVersionService.ts(494,26): error TS1005: ',' expected.
src/services/ClientVersionService.ts(494,29): error TS1005: ';' expected.
src/services/ClientVersionService.ts(512,3): error TS1128: Declaration or statement expected.
src/services/ClientVersionService.ts(514,3): error TS1128: Declaration or statement expected.
src/services/ClientVersionService.ts(514,10): error TS1434: Unexpected keyword or identifier.
src/services/ClientVersionService.ts(514,37): error TS1005: ',' expected.
src/services/ClientVersionService.ts(514,63): error TS1005: ';' expected.
src/services/ClientVersionService.ts(515,11): error TS1005: ':' expected.
src/services/ClientVersionService.ts(515,67): error TS1005: ',' expected.
src/services/ClientVersionService.ts(517,16): error TS1005: ',' expected.
src/services/ClientVersionService.ts(517,19): error TS1005: ';' expected.
src/services/ClientVersionService.ts(530,3): error TS1128: Declaration or statement expected.
src/services/ClientVersionService.ts(532,3): error TS1128: Declaration or statement expected.
src/services/ClientVersionService.ts(532,10): error TS1434: Unexpected keyword or identifier.
src/services/ClientVersionService.ts(532,30): error TS1005: ';' expected.
src/services/ClientVersionService.ts(532,47): error TS1011: An element access expression should take an argument.
src/services/ClientVersionService.ts(533,12): error TS1005: ':' expected.
src/services/ClientVersionService.ts(533,51): error TS1005: ',' expected.
src/services/ClientVersionService.ts(536,3): error TS1128: Declaration or statement expected.
src/services/ClientVersionService.ts(536,10): error TS1434: Unexpected keyword or identifier.
src/services/ClientVersionService.ts(537,13): error TS1005: ',' expected.
src/services/ClientVersionService.ts(538,18): error TS1005: ',' expected.
src/services/ClientVersionService.ts(539,15): error TS1109: Expression expected.
src/services/ClientVersionService.ts(540,21): error TS1109: Expression expected.
src/services/ClientVersionService.ts(541,4): error TS1005: ';' expected.
src/services/ClientVersionService.ts(542,12): error TS1005: ':' expected.
src/services/ClientVersionService.ts(542,104): error TS1005: ',' expected.
src/services/ClientVersionService.ts(550,3): error TS1128: Declaration or statement expected.
src/services/ClientVersionService.ts(550,10): error TS1434: Unexpected keyword or identifier.
src/services/ClientVersionService.ts(551,13): error TS1005: ',' expected.
src/services/ClientVersionService.ts(552,18): error TS1005: ',' expected.
src/services/ClientVersionService.ts(553,21): error TS1109: Expression expected.
src/services/ClientVersionService.ts(554,4): error TS1005: ';' expected.
src/services/ClientVersionService.ts(555,11): error TS1005: ':' expected.
src/services/ClientVersionService.ts(563,7): error TS1005: ',' expected.
src/services/ClientVersionService.ts(564,11): error TS1005: ':' expected.
src/services/ClientVersionService.ts(564,44): error TS1005: ',' expected.
src/services/ClientVersionService.ts(566,9): error TS1003: Identifier expected.
src/services/ClientVersionService.ts(566,14): error TS1005: ',' expected.
src/services/ClientVersionService.ts(566,15): error TS1181: Array element destructuring pattern expected.
src/services/ClientVersionService.ts(566,16): error TS1005: ')' expected.
src/services/ClientVersionService.ts(566,17): error TS1136: Property assignment expected.
src/services/ClientVersionService.ts(566,26): error TS1005: ':' expected.
src/services/ClientVersionService.ts(566,30): error TS1005: ',' expected.
src/services/ClientVersionService.ts(568,12): error TS1005: ':' expected.
src/services/ClientVersionService.ts(568,54): error TS1005: ',' expected.
src/services/ClientVersionService.ts(575,3): error TS1128: Declaration or statement expected.
src/services/ClientVersionService.ts(575,10): error TS1434: Unexpected keyword or identifier.
src/services/ClientVersionService.ts(576,13): error TS1005: ',' expected.
src/services/ClientVersionService.ts(577,18): error TS1005: ',' expected.
src/services/ClientVersionService.ts(578,4): error TS1005: ';' expected.
src/services/ClientVersionService.ts(579,12): error TS1005: ':' expected.
src/services/ClientVersionService.ts(579,53): error TS1005: ',' expected.
src/services/ClientVersionService.ts(591,3): error TS1128: Declaration or statement expected.
src/services/ClientVersionService.ts(591,10): error TS1434: Unexpected keyword or identifier.
src/services/ClientVersionService.ts(592,13): error TS1005: ',' expected.
src/services/ClientVersionService.ts(593,12): error TS1109: Expression expected.
src/services/ClientVersionService.ts(593,42): error TS1011: An element access expression should take an argument.
src/services/ClientVersionService.ts(594,21): error TS1109: Expression expected.
src/services/ClientVersionService.ts(595,4): error TS1005: ';' expected.
src/services/ClientVersionService.ts(596,11): error TS1005: ':' expected.
src/services/ClientVersionService.ts(596,23): error TS1005: ',' expected.
src/services/ClientVersionService.ts(603,6): error TS1005: ',' expected.
src/services/ClientVersionService.ts(610,5): error TS1005: ',' expected.
src/services/ClientVersionService.ts(610,11): error TS1005: ':' expected.
src/services/ClientVersionService.ts(610,66): error TS1005: ',' expected.
src/services/ClientVersionService.ts(611,11): error TS1005: ':' expected.
src/services/ClientVersionService.ts(611,44): error TS1005: ',' expected.
src/services/ClientVersionService.ts(613,13): error TS1005: ',' expected.
src/services/ClientVersionService.ts(613,26): error TS1005: ',' expected.
src/services/ClientVersionService.ts(613,35): error TS1005: ':' expected.
src/services/ClientVersionService.ts(613,39): error TS1005: ',' expected.
src/services/ClientVersionService.ts(616,12): error TS1005: ':' expected.
src/services/ClientVersionService.ts(616,54): error TS1005: ',' expected.
src/services/ClientVersionService.ts(618,1): error TS1128: Declaration or statement expected.
src/services/EmailTemplateService.ts(101,35): error TS1002: Unterminated string literal.
src/services/EmailTemplateService.ts(102,9): error TS1005: ',' expected.
src/services/EmailTemplateService.ts(107,30): error TS1002: Unterminated string literal.
src/services/EmailTemplateService.ts(112,42): error TS1002: Unterminated string literal.
src/services/IpWhitelistService.ts(28,6): error TS1472: 'catch' or 'finally' expected.
src/services/IpWhitelistService.ts(35,5): error TS1005: 'try' expected.
src/services/IpWhitelistService.ts(39,1): error TS1128: Declaration or statement expected.
src/services/jobs/JobFactory.ts(6,8): error TS1109: Expression expected.
src/services/jobs/JobFactory.ts(7,9): error TS1109: Expression expected.
src/services/jobs/JobFactory.ts(9,1): error TS1128: Declaration or statement expected.
src/services/jobs/JobFactory.ts(24,3): error TS1128: Declaration or statement expected.
src/services/jobs/JobFactory.ts(26,22): error TS1005: ',' expected.
src/services/jobs/JobFactory.ts(26,45): error TS1005: ';' expected.
src/services/jobs/JobFactory.ts(30,3): error TS1434: Unexpected keyword or identifier.
src/services/jobs/JobFactory.ts(30,21): error TS1005: ';' expected.
src/services/jobs/JobFactory.ts(32,3): error TS1128: Declaration or statement expected.
src/services/jobs/JobFactory.ts(32,10): error TS1434: Unexpected keyword or identifier.
src/services/jobs/JobFactory.ts(32,36): error TS1005: ';' expected.
src/services/jobs/JobFactory.ts(33,11): error TS1005: ':' expected.
src/services/jobs/JobFactory.ts(33,33): error TS1005: ',' expected.
src/services/jobs/JobFactory.ts(35,9): error TS1005: ':' expected.
src/services/jobs/JobFactory.ts(36,13): error TS1005: ':' expected.
src/services/jobs/JobFactory.ts(40,9): error TS1005: ',' expected.
src/services/jobs/JobFactory.ts(42,13): error TS1005: ':' expected.
src/services/jobs/JobFactory.ts(42,46): error TS1005: ',' expected.
src/services/jobs/JobFactory.ts(43,13): error TS1005: ':' expected.
src/services/jobs/JobFactory.ts(43,76): error TS1005: ',' expected.
src/services/jobs/JobFactory.ts(45,13): error TS1005: ':' expected.
src/services/jobs/JobFactory.ts(45,51): error TS1005: ',' expected.
src/services/jobs/JobFactory.ts(46,14): error TS1005: ':' expected.
src/services/jobs/JobFactory.ts(49,8): error TS1005: ',' expected.
src/services/jobs/JobFactory.ts(50,7): error TS1005: ',' expected.
src/services/jobs/JobFactory.ts(67,3): error TS1128: Declaration or statement expected.
src/services/jobs/JobFactory.ts(67,42): error TS1005: ',' expected.
src/services/jobs/JobFactory.ts(67,51): error TS1011: An element access expression should take an argument.
src/services/jobs/JobFactory.ts(67,53): error TS1005: ';' expected.
src/services/jobs/JobFactory.ts(68,11): error TS1005: ':' expected.
src/services/jobs/JobFactory.ts(68,76): error TS1005: ',' expected.
src/services/jobs/JobFactory.ts(69,16): error TS1005: ',' expected.
src/services/jobs/JobFactory.ts(69,27): error TS1005: ',' expected.
src/services/jobs/JobFactory.ts(69,29): error TS1136: Property assignment expected.
src/services/jobs/JobFactory.ts(72,3): error TS1128: Declaration or statement expected.
src/services/jobs/JobFactory.ts(73,1): error TS1128: Declaration or statement expected.
src/services/jobs/JobFactory.ts(103,3): error TS1128: Declaration or statement expected.
src/services/jobs/JobFactory.ts(103,10): error TS1434: Unexpected keyword or identifier.
src/services/jobs/JobFactory.ts(103,34): error TS1005: ',' expected.
src/services/jobs/JobFactory.ts(103,56): error TS1005: ';' expected.
src/services/jobs/JobFactory.ts(104,9): error TS1005: ':' expected.
src/services/jobs/JobFactory.ts(105,13): error TS1005: ',' expected.
src/services/jobs/JobFactory.ts(111,9): error TS1005: ',' expected.
src/services/jobs/JobFactory.ts(113,13): error TS1005: ':' expected.
src/services/jobs/JobFactory.ts(113,48): error TS1005: ',' expected.
src/services/jobs/JobFactory.ts(114,13): error TS1005: ':' expected.
src/services/jobs/JobFactory.ts(114,52): error TS1005: ',' expected.
src/services/jobs/JobFactory.ts(116,13): error TS1005: ',' expected.
src/services/jobs/JobFactory.ts(120,9): error TS1005: ',' expected.
src/services/jobs/JobFactory.ts(122,14): error TS1005: ':' expected.
src/services/jobs/JobFactory.ts(122,20): error TS1005: ',' expected.
src/services/jobs/JobFactory.ts(123,7): error TS1005: ',' expected.
src/services/jobs/JobFactory.ts(137,1): error TS1128: Declaration or statement expected.
src/services/jobs/LogMessageJob.ts(20,7): error TS1472: 'catch' or 'finally' expected.
src/services/jobs/LogMessageJob.ts(95,1): error TS1128: Declaration or statement expected.
src/services/PasswordResetService.ts(66,14): error TS1005: ';' expected.
src/services/PasswordResetService.ts(68,8): error TS1472: 'catch' or 'finally' expected.
src/services/PasswordResetService.ts(96,3): error TS1434: Unexpected keyword or identifier.
src/services/PasswordResetService.ts(96,33): error TS1005: ',' expected.
src/services/PasswordResetService.ts(96,42): error TS1005: ';' expected.
src/services/PasswordResetService.ts(96,68): error TS1005: ',' expected.
src/services/PasswordResetService.ts(96,85): error TS1005: ',' expected.
src/services/PasswordResetService.ts(97,9): error TS1005: ':' expected.
src/services/PasswordResetService.ts(98,13): error TS1005: ':' expected.
src/services/PasswordResetService.ts(102,17): error TS1005: ',' expected.
src/services/PasswordResetService.ts(104,11): error TS1003: Identifier expected.
src/services/PasswordResetService.ts(112,7): error TS1005: ',' expected.
src/services/PasswordResetService.ts(112,11): error TS1359: Identifier expected. 'new' is a reserved word that cannot be used here.
src/services/PasswordResetService.ts(112,19): error TS1005: ',' expected.
src/services/PasswordResetService.ts(112,54): error TS1005: ',' expected.
src/services/PasswordResetService.ts(112,56): error TS1136: Property assignment expected.
src/services/PasswordResetService.ts(124,5): error TS1128: Declaration or statement expected.
src/services/PasswordResetService.ts(124,7): error TS1005: 'try' expected.
src/services/PasswordResetService.ts(131,3): error TS1128: Declaration or statement expected.
src/services/PasswordResetService.ts(133,3): error TS1434: Unexpected keyword or identifier.
src/services/PasswordResetService.ts(133,28): error TS1005: ',' expected.
src/services/PasswordResetService.ts(133,49): error TS1005: ',' expected.
src/services/PasswordResetService.ts(133,58): error TS1005: ';' expected.
src/services/PasswordResetService.ts(133,86): error TS1005: ',' expected.
src/services/PasswordResetService.ts(134,9): error TS1005: ':' expected.
src/services/PasswordResetService.ts(136,11): error TS1003: Identifier expected.
src/services/PasswordResetService.ts(136,22): error TS1005: ',' expected.
src/services/PasswordResetService.ts(136,50): error TS1005: ',' expected.
src/services/PasswordResetService.ts(136,52): error TS1136: Property assignment expected.
src/services/PasswordResetService.ts(177,5): error TS1128: Declaration or statement expected.
src/services/PasswordResetService.ts(177,7): error TS1005: 'try' expected.
src/services/PasswordResetService.ts(184,3): error TS1128: Declaration or statement expected.
src/services/PasswordResetService.ts(186,3): error TS1434: Unexpected keyword or identifier.
src/services/PasswordResetService.ts(186,31): error TS1005: ';' expected.
src/services/PasswordResetService.ts(186,45): error TS1109: Expression expected.
src/services/PasswordResetService.ts(187,9): error TS1005: ':' expected.
src/services/PasswordResetService.ts(188,13): error TS1005: ':' expected.
src/services/PasswordResetService.ts(191,15): error TS1005: ',' expected.
src/services/PasswordResetService.ts(193,13): error TS1005: ',' expected.
src/services/PasswordResetService.ts(193,80): error TS1005: ',' expected.
src/services/PasswordResetService.ts(194,7): error TS1005: ',' expected.
src/services/PasswordResetService.ts(198,1): error TS1128: Declaration or statement expected.
src/services/TranslationService.ts(236,1): error TS1128: Declaration or statement expected.
src/services/userService.ts(397,5): error TS1068: Unexpected token. A constructor, method, accessor, or property was expected.
src/services/userService.ts(426,3): error TS1128: Declaration or statement expected.
src/services/userService.ts(431,3): error TS1128: Declaration or statement expected.
src/services/userService.ts(431,10): error TS1434: Unexpected keyword or identifier.
src/services/userService.ts(431,41): error TS1005: ',' expected.
src/services/userService.ts(431,68): error TS1005: ',' expected.
src/services/userService.ts(431,77): error TS1005: ';' expected.
src/services/userService.ts(431,91): error TS1109: Expression expected.
src/services/userService.ts(432,9): error TS1005: ':' expected.
src/services/userService.ts(433,13): error TS1005: ':' expected.
src/services/userService.ts(433,52): error TS1005: ',' expected.
src/services/userService.ts(434,11): error TS1003: Identifier expected.
src/services/userService.ts(438,7): error TS1005: ',' expected.
src/services/userService.ts(438,13): error TS1005: ',' expected.
src/services/userService.ts(438,22): error TS1005: ',' expected.
src/services/userService.ts(438,64): error TS1005: ',' expected.
src/services/userService.ts(440,13): error TS1005: ',' expected.
src/services/userService.ts(444,9): error TS1005: ',' expected.
src/services/userService.ts(445,7): error TS1005: ',' expected.
src/services/userService.ts(454,3): error TS1128: Declaration or statement expected.
src/services/userService.ts(454,10): error TS1434: Unexpected keyword or identifier.
src/services/userService.ts(454,33): error TS1005: ',' expected.
src/services/userService.ts(454,48): error TS1005: ',' expected.
src/services/userService.ts(454,62): error TS1005: ';' expected.
src/services/userService.ts(454,92): error TS1011: An element access expression should take an argument.
src/services/userService.ts(455,9): error TS1005: ':' expected.
src/services/userService.ts(456,13): error TS1005: ':' expected.
src/services/userService.ts(456,62): error TS1005: ',' expected.
src/services/userService.ts(457,14): error TS1005: ':' expected.
src/services/userService.ts(457,19): error TS1005: ',' expected.
src/services/userService.ts(458,7): error TS1005: ',' expected.
src/services/userService.ts(463,1): error TS1128: Declaration or statement expected.
src/types/contextFields.ts(103,38): error TS1002: Unterminated string literal.
src/types/contextFields.ts(104,7): error TS1005: ',' expected.
src/types/contextFields.ts(105,38): error TS1002: Unterminated string literal.
src/types/contextFields.ts(106,7): error TS1005: ',' expected.
node.exe : error Command failed with exit code 1.
위치 C:\Users\jhseo\AppData\Roaming\npm\yarn.ps1:24 문자
:5
+     & "node$exe"  "$basedir/node_modules/yarn/bin/
yarn.js" $args
+     ~~~~~~~~~~~~~~~~~~~~~~~~~~~~~~~~~~~~~~~~~~~~~~
~~~~~~~~~~~~~~
    + CategoryInfo          : NotSpecified: (error  
   Command failed with exit code 1.:String) [], Re  
  moteException
    + FullyQualifiedErrorId : NativeCommandError
 
info Visit https://yarnpkg.com/en/docs/cli/run for documentation about this command.
